ARM GAS  C:\Users\chuti\AppData\Local\Temp\cc8Hw48Q.s 			page 1


   1              		.cpu cortex-m4
   2              		.eabi_attribute 27, 1
   3              		.eabi_attribute 28, 1
   4              		.eabi_attribute 20, 1
   5              		.eabi_attribute 21, 1
   6              		.eabi_attribute 23, 3
   7              		.eabi_attribute 24, 1
   8              		.eabi_attribute 25, 1
   9              		.eabi_attribute 26, 1
  10              		.eabi_attribute 30, 1
  11              		.eabi_attribute 34, 1
  12              		.eabi_attribute 18, 4
  13              		.file	"clock.c"
  14              		.text
  15              	.Ltext0:
  16              		.cfi_sections	.debug_frame
  17              		.section	.text.rt_system_tick_init,"ax",%progbits
  18              		.align	1
  19              		.global	rt_system_tick_init
  20              		.syntax unified
  21              		.thumb
  22              		.thumb_func
  23              		.fpu fpv4-sp-d16
  25              	rt_system_tick_init:
  26              	.LFB15:
  27              		.file 1 "Middlewares/Third_Party/RealThread_RTOS_RT-Thread/src/clock.c"
   1:Middlewares/Third_Party/RealThread_RTOS_RT-Thread/src/clock.c **** /*
   2:Middlewares/Third_Party/RealThread_RTOS_RT-Thread/src/clock.c ****  * Copyright (c) 2006-2018, RT-Thread Development Team
   3:Middlewares/Third_Party/RealThread_RTOS_RT-Thread/src/clock.c ****  *
   4:Middlewares/Third_Party/RealThread_RTOS_RT-Thread/src/clock.c ****  * SPDX-License-Identifier: Apache-2.0
   5:Middlewares/Third_Party/RealThread_RTOS_RT-Thread/src/clock.c ****  *
   6:Middlewares/Third_Party/RealThread_RTOS_RT-Thread/src/clock.c ****  * Change Logs:
   7:Middlewares/Third_Party/RealThread_RTOS_RT-Thread/src/clock.c ****  * Date           Author       Notes
   8:Middlewares/Third_Party/RealThread_RTOS_RT-Thread/src/clock.c ****  * 2006-03-12     Bernard      first version
   9:Middlewares/Third_Party/RealThread_RTOS_RT-Thread/src/clock.c ****  * 2006-05-27     Bernard      add support for same priority thread schedule
  10:Middlewares/Third_Party/RealThread_RTOS_RT-Thread/src/clock.c ****  * 2006-08-10     Bernard      remove the last rt_schedule in rt_tick_increase
  11:Middlewares/Third_Party/RealThread_RTOS_RT-Thread/src/clock.c ****  * 2010-03-08     Bernard      remove rt_passed_second
  12:Middlewares/Third_Party/RealThread_RTOS_RT-Thread/src/clock.c ****  * 2010-05-20     Bernard      fix the tick exceeds the maximum limits
  13:Middlewares/Third_Party/RealThread_RTOS_RT-Thread/src/clock.c ****  * 2010-07-13     Bernard      fix rt_tick_from_millisecond issue found by kuronca
  14:Middlewares/Third_Party/RealThread_RTOS_RT-Thread/src/clock.c ****  * 2011-06-26     Bernard      add rt_tick_set function.
  15:Middlewares/Third_Party/RealThread_RTOS_RT-Thread/src/clock.c ****  */
  16:Middlewares/Third_Party/RealThread_RTOS_RT-Thread/src/clock.c **** 
  17:Middlewares/Third_Party/RealThread_RTOS_RT-Thread/src/clock.c **** #include <rthw.h>
  18:Middlewares/Third_Party/RealThread_RTOS_RT-Thread/src/clock.c **** #include <rtthread.h>
  19:Middlewares/Third_Party/RealThread_RTOS_RT-Thread/src/clock.c **** 
  20:Middlewares/Third_Party/RealThread_RTOS_RT-Thread/src/clock.c **** static rt_tick_t rt_tick = 0;
  21:Middlewares/Third_Party/RealThread_RTOS_RT-Thread/src/clock.c **** 
  22:Middlewares/Third_Party/RealThread_RTOS_RT-Thread/src/clock.c **** /**
  23:Middlewares/Third_Party/RealThread_RTOS_RT-Thread/src/clock.c ****  * This function will init system tick and set it to zero.
  24:Middlewares/Third_Party/RealThread_RTOS_RT-Thread/src/clock.c ****  * @ingroup SystemInit
  25:Middlewares/Third_Party/RealThread_RTOS_RT-Thread/src/clock.c ****  *
  26:Middlewares/Third_Party/RealThread_RTOS_RT-Thread/src/clock.c ****  * @deprecated since 1.1.0, this function does not need to be invoked
  27:Middlewares/Third_Party/RealThread_RTOS_RT-Thread/src/clock.c ****  * in the system initialization.
  28:Middlewares/Third_Party/RealThread_RTOS_RT-Thread/src/clock.c ****  */
  29:Middlewares/Third_Party/RealThread_RTOS_RT-Thread/src/clock.c **** void rt_system_tick_init(void)
  30:Middlewares/Third_Party/RealThread_RTOS_RT-Thread/src/clock.c **** {
  28              		.loc 1 30 0
ARM GAS  C:\Users\chuti\AppData\Local\Temp\cc8Hw48Q.s 			page 2


  29              		.cfi_startproc
  30              		@ args = 0, pretend = 0, frame = 0
  31              		@ frame_needed = 0, uses_anonymous_args = 0
  32              		@ link register save eliminated.
  31:Middlewares/Third_Party/RealThread_RTOS_RT-Thread/src/clock.c **** }
  33              		.loc 1 31 0
  34 0000 7047     		bx	lr
  35              		.cfi_endproc
  36              	.LFE15:
  38              		.section	.text.rt_tick_get,"ax",%progbits
  39              		.align	1
  40              		.global	rt_tick_get
  41              		.syntax unified
  42              		.thumb
  43              		.thumb_func
  44              		.fpu fpv4-sp-d16
  46              	rt_tick_get:
  47              	.LFB16:
  32:Middlewares/Third_Party/RealThread_RTOS_RT-Thread/src/clock.c **** 
  33:Middlewares/Third_Party/RealThread_RTOS_RT-Thread/src/clock.c **** /**
  34:Middlewares/Third_Party/RealThread_RTOS_RT-Thread/src/clock.c ****  * @addtogroup Clock
  35:Middlewares/Third_Party/RealThread_RTOS_RT-Thread/src/clock.c ****  */
  36:Middlewares/Third_Party/RealThread_RTOS_RT-Thread/src/clock.c **** 
  37:Middlewares/Third_Party/RealThread_RTOS_RT-Thread/src/clock.c **** /**@{*/
  38:Middlewares/Third_Party/RealThread_RTOS_RT-Thread/src/clock.c **** 
  39:Middlewares/Third_Party/RealThread_RTOS_RT-Thread/src/clock.c **** /**
  40:Middlewares/Third_Party/RealThread_RTOS_RT-Thread/src/clock.c ****  * This function will return current tick from operating system startup
  41:Middlewares/Third_Party/RealThread_RTOS_RT-Thread/src/clock.c ****  *
  42:Middlewares/Third_Party/RealThread_RTOS_RT-Thread/src/clock.c ****  * @return current tick
  43:Middlewares/Third_Party/RealThread_RTOS_RT-Thread/src/clock.c ****  */
  44:Middlewares/Third_Party/RealThread_RTOS_RT-Thread/src/clock.c **** rt_tick_t rt_tick_get(void)
  45:Middlewares/Third_Party/RealThread_RTOS_RT-Thread/src/clock.c **** {
  48              		.loc 1 45 0
  49              		.cfi_startproc
  50              		@ args = 0, pretend = 0, frame = 0
  51              		@ frame_needed = 0, uses_anonymous_args = 0
  52              		@ link register save eliminated.
  46:Middlewares/Third_Party/RealThread_RTOS_RT-Thread/src/clock.c ****     /* return the global tick */
  47:Middlewares/Third_Party/RealThread_RTOS_RT-Thread/src/clock.c ****     return rt_tick;
  48:Middlewares/Third_Party/RealThread_RTOS_RT-Thread/src/clock.c **** }
  53              		.loc 1 48 0
  54 0000 014B     		ldr	r3, .L3
  55 0002 1868     		ldr	r0, [r3]
  56 0004 7047     		bx	lr
  57              	.L4:
  58 0006 00BF     		.align	2
  59              	.L3:
  60 0008 00000000 		.word	.LANCHOR0
  61              		.cfi_endproc
  62              	.LFE16:
  64              		.section	.text.rt_tick_set,"ax",%progbits
  65              		.align	1
  66              		.global	rt_tick_set
  67              		.syntax unified
  68              		.thumb
  69              		.thumb_func
  70              		.fpu fpv4-sp-d16
ARM GAS  C:\Users\chuti\AppData\Local\Temp\cc8Hw48Q.s 			page 3


  72              	rt_tick_set:
  73              	.LFB17:
  49:Middlewares/Third_Party/RealThread_RTOS_RT-Thread/src/clock.c **** RTM_EXPORT(rt_tick_get);
  50:Middlewares/Third_Party/RealThread_RTOS_RT-Thread/src/clock.c **** 
  51:Middlewares/Third_Party/RealThread_RTOS_RT-Thread/src/clock.c **** /**
  52:Middlewares/Third_Party/RealThread_RTOS_RT-Thread/src/clock.c ****  * This function will set current tick
  53:Middlewares/Third_Party/RealThread_RTOS_RT-Thread/src/clock.c ****  */
  54:Middlewares/Third_Party/RealThread_RTOS_RT-Thread/src/clock.c **** void rt_tick_set(rt_tick_t tick)
  55:Middlewares/Third_Party/RealThread_RTOS_RT-Thread/src/clock.c **** {
  74              		.loc 1 55 0
  75              		.cfi_startproc
  76              		@ args = 0, pretend = 0, frame = 0
  77              		@ frame_needed = 0, uses_anonymous_args = 0
  78              	.LVL0:
  79 0000 10B5     		push	{r4, lr}
  80              	.LCFI0:
  81              		.cfi_def_cfa_offset 8
  82              		.cfi_offset 4, -8
  83              		.cfi_offset 14, -4
  84 0002 0446     		mov	r4, r0
  56:Middlewares/Third_Party/RealThread_RTOS_RT-Thread/src/clock.c ****     rt_base_t level;
  57:Middlewares/Third_Party/RealThread_RTOS_RT-Thread/src/clock.c **** 
  58:Middlewares/Third_Party/RealThread_RTOS_RT-Thread/src/clock.c ****     level = rt_hw_interrupt_disable();
  85              		.loc 1 58 0
  86 0004 FFF7FEFF 		bl	rt_hw_interrupt_disable
  87              	.LVL1:
  59:Middlewares/Third_Party/RealThread_RTOS_RT-Thread/src/clock.c ****     rt_tick = tick;
  88              		.loc 1 59 0
  89 0008 024B     		ldr	r3, .L7
  90 000a 1C60     		str	r4, [r3]
  60:Middlewares/Third_Party/RealThread_RTOS_RT-Thread/src/clock.c ****     rt_hw_interrupt_enable(level);
  91              		.loc 1 60 0
  92 000c FFF7FEFF 		bl	rt_hw_interrupt_enable
  93              	.LVL2:
  61:Middlewares/Third_Party/RealThread_RTOS_RT-Thread/src/clock.c **** }
  94              		.loc 1 61 0
  95 0010 10BD     		pop	{r4, pc}
  96              	.LVL3:
  97              	.L8:
  98 0012 00BF     		.align	2
  99              	.L7:
 100 0014 00000000 		.word	.LANCHOR0
 101              		.cfi_endproc
 102              	.LFE17:
 104              		.section	.text.rt_tick_increase,"ax",%progbits
 105              		.align	1
 106              		.global	rt_tick_increase
 107              		.syntax unified
 108              		.thumb
 109              		.thumb_func
 110              		.fpu fpv4-sp-d16
 112              	rt_tick_increase:
 113              	.LFB18:
  62:Middlewares/Third_Party/RealThread_RTOS_RT-Thread/src/clock.c **** 
  63:Middlewares/Third_Party/RealThread_RTOS_RT-Thread/src/clock.c **** /**
  64:Middlewares/Third_Party/RealThread_RTOS_RT-Thread/src/clock.c ****  * This function will notify kernel there is one tick passed. Normally,
  65:Middlewares/Third_Party/RealThread_RTOS_RT-Thread/src/clock.c ****  * this function is invoked by clock ISR.
ARM GAS  C:\Users\chuti\AppData\Local\Temp\cc8Hw48Q.s 			page 4


  66:Middlewares/Third_Party/RealThread_RTOS_RT-Thread/src/clock.c ****  */
  67:Middlewares/Third_Party/RealThread_RTOS_RT-Thread/src/clock.c **** void rt_tick_increase(void)
  68:Middlewares/Third_Party/RealThread_RTOS_RT-Thread/src/clock.c **** {
 114              		.loc 1 68 0
 115              		.cfi_startproc
 116              		@ args = 0, pretend = 0, frame = 0
 117              		@ frame_needed = 0, uses_anonymous_args = 0
 118 0000 08B5     		push	{r3, lr}
 119              	.LCFI1:
 120              		.cfi_def_cfa_offset 8
 121              		.cfi_offset 3, -8
 122              		.cfi_offset 14, -4
  69:Middlewares/Third_Party/RealThread_RTOS_RT-Thread/src/clock.c ****     struct rt_thread *thread;
  70:Middlewares/Third_Party/RealThread_RTOS_RT-Thread/src/clock.c **** 
  71:Middlewares/Third_Party/RealThread_RTOS_RT-Thread/src/clock.c ****     /* increase the global tick */
  72:Middlewares/Third_Party/RealThread_RTOS_RT-Thread/src/clock.c ****     ++ rt_tick;
 123              		.loc 1 72 0
 124 0002 094A     		ldr	r2, .L13
 125 0004 1368     		ldr	r3, [r2]
 126 0006 0133     		adds	r3, r3, #1
 127 0008 1360     		str	r3, [r2]
  73:Middlewares/Third_Party/RealThread_RTOS_RT-Thread/src/clock.c **** 
  74:Middlewares/Third_Party/RealThread_RTOS_RT-Thread/src/clock.c ****     /* check time slice */
  75:Middlewares/Third_Party/RealThread_RTOS_RT-Thread/src/clock.c ****     thread = rt_thread_self();
 128              		.loc 1 75 0
 129 000a FFF7FEFF 		bl	rt_thread_self
 130              	.LVL4:
  76:Middlewares/Third_Party/RealThread_RTOS_RT-Thread/src/clock.c **** 
  77:Middlewares/Third_Party/RealThread_RTOS_RT-Thread/src/clock.c ****     -- thread->remaining_tick;
 131              		.loc 1 77 0
 132 000e 036C     		ldr	r3, [r0, #64]
 133 0010 013B     		subs	r3, r3, #1
 134 0012 0364     		str	r3, [r0, #64]
  78:Middlewares/Third_Party/RealThread_RTOS_RT-Thread/src/clock.c ****     if (thread->remaining_tick == 0)
 135              		.loc 1 78 0
 136 0014 13B1     		cbz	r3, .L12
 137              	.LVL5:
 138              	.L10:
  79:Middlewares/Third_Party/RealThread_RTOS_RT-Thread/src/clock.c ****     {
  80:Middlewares/Third_Party/RealThread_RTOS_RT-Thread/src/clock.c ****         /* change to initialized tick */
  81:Middlewares/Third_Party/RealThread_RTOS_RT-Thread/src/clock.c ****         thread->remaining_tick = thread->init_tick;
  82:Middlewares/Third_Party/RealThread_RTOS_RT-Thread/src/clock.c **** 
  83:Middlewares/Third_Party/RealThread_RTOS_RT-Thread/src/clock.c ****         /* yield */
  84:Middlewares/Third_Party/RealThread_RTOS_RT-Thread/src/clock.c ****         rt_thread_yield();
  85:Middlewares/Third_Party/RealThread_RTOS_RT-Thread/src/clock.c ****     }
  86:Middlewares/Third_Party/RealThread_RTOS_RT-Thread/src/clock.c **** 
  87:Middlewares/Third_Party/RealThread_RTOS_RT-Thread/src/clock.c ****     /* check timer */
  88:Middlewares/Third_Party/RealThread_RTOS_RT-Thread/src/clock.c ****     rt_timer_check();
 139              		.loc 1 88 0
 140 0016 FFF7FEFF 		bl	rt_timer_check
 141              	.LVL6:
  89:Middlewares/Third_Party/RealThread_RTOS_RT-Thread/src/clock.c **** }
 142              		.loc 1 89 0
 143 001a 08BD     		pop	{r3, pc}
 144              	.LVL7:
 145              	.L12:
  81:Middlewares/Third_Party/RealThread_RTOS_RT-Thread/src/clock.c **** 
ARM GAS  C:\Users\chuti\AppData\Local\Temp\cc8Hw48Q.s 			page 5


 146              		.loc 1 81 0
 147 001c C36B     		ldr	r3, [r0, #60]
 148 001e 0364     		str	r3, [r0, #64]
  84:Middlewares/Third_Party/RealThread_RTOS_RT-Thread/src/clock.c ****     }
 149              		.loc 1 84 0
 150 0020 FFF7FEFF 		bl	rt_thread_yield
 151              	.LVL8:
 152 0024 F7E7     		b	.L10
 153              	.L14:
 154 0026 00BF     		.align	2
 155              	.L13:
 156 0028 00000000 		.word	.LANCHOR0
 157              		.cfi_endproc
 158              	.LFE18:
 160              		.section	.text.rt_tick_from_millisecond,"ax",%progbits
 161              		.align	1
 162              		.global	rt_tick_from_millisecond
 163              		.syntax unified
 164              		.thumb
 165              		.thumb_func
 166              		.fpu fpv4-sp-d16
 168              	rt_tick_from_millisecond:
 169              	.LFB19:
  90:Middlewares/Third_Party/RealThread_RTOS_RT-Thread/src/clock.c **** 
  91:Middlewares/Third_Party/RealThread_RTOS_RT-Thread/src/clock.c **** /**
  92:Middlewares/Third_Party/RealThread_RTOS_RT-Thread/src/clock.c ****  * This function will calculate the tick from millisecond.
  93:Middlewares/Third_Party/RealThread_RTOS_RT-Thread/src/clock.c ****  *
  94:Middlewares/Third_Party/RealThread_RTOS_RT-Thread/src/clock.c ****  * @param ms the specified millisecond
  95:Middlewares/Third_Party/RealThread_RTOS_RT-Thread/src/clock.c ****  *           - Negative Number wait forever
  96:Middlewares/Third_Party/RealThread_RTOS_RT-Thread/src/clock.c ****  *           - Zero not wait
  97:Middlewares/Third_Party/RealThread_RTOS_RT-Thread/src/clock.c ****  *           - Max 0x7fffffff
  98:Middlewares/Third_Party/RealThread_RTOS_RT-Thread/src/clock.c ****  *
  99:Middlewares/Third_Party/RealThread_RTOS_RT-Thread/src/clock.c ****  * @return the calculated tick
 100:Middlewares/Third_Party/RealThread_RTOS_RT-Thread/src/clock.c ****  */
 101:Middlewares/Third_Party/RealThread_RTOS_RT-Thread/src/clock.c **** rt_tick_t rt_tick_from_millisecond(rt_int32_t ms)
 102:Middlewares/Third_Party/RealThread_RTOS_RT-Thread/src/clock.c **** {
 170              		.loc 1 102 0
 171              		.cfi_startproc
 172              		@ args = 0, pretend = 0, frame = 0
 173              		@ frame_needed = 0, uses_anonymous_args = 0
 174              		@ link register save eliminated.
 175              	.LVL9:
 103:Middlewares/Third_Party/RealThread_RTOS_RT-Thread/src/clock.c ****     rt_tick_t tick;
 104:Middlewares/Third_Party/RealThread_RTOS_RT-Thread/src/clock.c **** 
 105:Middlewares/Third_Party/RealThread_RTOS_RT-Thread/src/clock.c ****     if (ms < 0)
 176              		.loc 1 105 0
 177 0000 0028     		cmp	r0, #0
 178 0002 18DB     		blt	.L17
 102:Middlewares/Third_Party/RealThread_RTOS_RT-Thread/src/clock.c ****     rt_tick_t tick;
 179              		.loc 1 102 0
 180 0004 10B4     		push	{r4}
 181              	.LCFI2:
 182              		.cfi_def_cfa_offset 4
 183              		.cfi_offset 4, -4
 106:Middlewares/Third_Party/RealThread_RTOS_RT-Thread/src/clock.c ****     {
 107:Middlewares/Third_Party/RealThread_RTOS_RT-Thread/src/clock.c ****         tick = (rt_tick_t)RT_WAITING_FOREVER;
 108:Middlewares/Third_Party/RealThread_RTOS_RT-Thread/src/clock.c ****     }
ARM GAS  C:\Users\chuti\AppData\Local\Temp\cc8Hw48Q.s 			page 6


 109:Middlewares/Third_Party/RealThread_RTOS_RT-Thread/src/clock.c ****     else
 110:Middlewares/Third_Party/RealThread_RTOS_RT-Thread/src/clock.c ****     {
 111:Middlewares/Third_Party/RealThread_RTOS_RT-Thread/src/clock.c ****         tick = RT_TICK_PER_SECOND * (ms / 1000);
 184              		.loc 1 111 0
 185 0006 0D49     		ldr	r1, .L22
 186 0008 81FB0032 		smull	r3, r2, r1, r0
 187 000c C317     		asrs	r3, r0, #31
 188 000e C3EBA213 		rsb	r3, r3, r2, asr #6
 189 0012 4FF47A72 		mov	r2, #1000
 190 0016 02FB03F4 		mul	r4, r2, r3
 191              	.LVL10:
 112:Middlewares/Third_Party/RealThread_RTOS_RT-Thread/src/clock.c ****         tick += (RT_TICK_PER_SECOND * (ms % 1000) + 999) / 1000;
 192              		.loc 1 112 0
 193 001a 031B     		subs	r3, r0, r4
 194 001c 02FB03F3 		mul	r3, r2, r3
 195 0020 03F2E733 		addw	r3, r3, #999
 196 0024 81FB0321 		smull	r2, r1, r1, r3
 197 0028 D817     		asrs	r0, r3, #31
 198              	.LVL11:
 199 002a C0EBA110 		rsb	r0, r0, r1, asr #6
 200 002e 2044     		add	r0, r0, r4
 201              	.LVL12:
 113:Middlewares/Third_Party/RealThread_RTOS_RT-Thread/src/clock.c ****     }
 114:Middlewares/Third_Party/RealThread_RTOS_RT-Thread/src/clock.c ****     
 115:Middlewares/Third_Party/RealThread_RTOS_RT-Thread/src/clock.c ****     /* return the calculated tick */
 116:Middlewares/Third_Party/RealThread_RTOS_RT-Thread/src/clock.c ****     return tick;
 117:Middlewares/Third_Party/RealThread_RTOS_RT-Thread/src/clock.c **** }
 202              		.loc 1 117 0
 203 0030 5DF8044B 		ldr	r4, [sp], #4
 204              	.LCFI3:
 205              		.cfi_restore 4
 206              		.cfi_def_cfa_offset 0
 207 0034 7047     		bx	lr
 208              	.LVL13:
 209              	.L17:
 107:Middlewares/Third_Party/RealThread_RTOS_RT-Thread/src/clock.c ****     }
 210              		.loc 1 107 0
 211 0036 4FF0FF30 		mov	r0, #-1
 212              	.LVL14:
 213              		.loc 1 117 0
 214 003a 7047     		bx	lr
 215              	.L23:
 216              		.align	2
 217              	.L22:
 218 003c D34D6210 		.word	274877907
 219              		.cfi_endproc
 220              	.LFE19:
 222              		.section	.bss.rt_tick,"aw",%nobits
 223              		.align	2
 224              		.set	.LANCHOR0,. + 0
 227              	rt_tick:
 228 0000 00000000 		.space	4
 229              		.text
 230              	.Letext0:
 231              		.file 2 "Middlewares/Third_Party/RealThread_RTOS_RT-Thread/include/rtdef.h"
 232              		.file 3 "Middlewares/Third_Party/RealThread_RTOS_RT-Thread/include/rtthread.h"
 233              		.file 4 "Middlewares/Third_Party/RealThread_RTOS_RT-Thread/include/rthw.h"
ARM GAS  C:\Users\chuti\AppData\Local\Temp\cc8Hw48Q.s 			page 7


ARM GAS  C:\Users\chuti\AppData\Local\Temp\cc8Hw48Q.s 			page 8


DEFINED SYMBOLS
                            *ABS*:0000000000000000 clock.c
C:\Users\chuti\AppData\Local\Temp\cc8Hw48Q.s:18     .text.rt_system_tick_init:0000000000000000 $t
C:\Users\chuti\AppData\Local\Temp\cc8Hw48Q.s:25     .text.rt_system_tick_init:0000000000000000 rt_system_tick_init
C:\Users\chuti\AppData\Local\Temp\cc8Hw48Q.s:39     .text.rt_tick_get:0000000000000000 $t
C:\Users\chuti\AppData\Local\Temp\cc8Hw48Q.s:46     .text.rt_tick_get:0000000000000000 rt_tick_get
C:\Users\chuti\AppData\Local\Temp\cc8Hw48Q.s:60     .text.rt_tick_get:0000000000000008 $d
C:\Users\chuti\AppData\Local\Temp\cc8Hw48Q.s:65     .text.rt_tick_set:0000000000000000 $t
C:\Users\chuti\AppData\Local\Temp\cc8Hw48Q.s:72     .text.rt_tick_set:0000000000000000 rt_tick_set
C:\Users\chuti\AppData\Local\Temp\cc8Hw48Q.s:100    .text.rt_tick_set:0000000000000014 $d
C:\Users\chuti\AppData\Local\Temp\cc8Hw48Q.s:105    .text.rt_tick_increase:0000000000000000 $t
C:\Users\chuti\AppData\Local\Temp\cc8Hw48Q.s:112    .text.rt_tick_increase:0000000000000000 rt_tick_increase
C:\Users\chuti\AppData\Local\Temp\cc8Hw48Q.s:156    .text.rt_tick_increase:0000000000000028 $d
C:\Users\chuti\AppData\Local\Temp\cc8Hw48Q.s:161    .text.rt_tick_from_millisecond:0000000000000000 $t
C:\Users\chuti\AppData\Local\Temp\cc8Hw48Q.s:168    .text.rt_tick_from_millisecond:0000000000000000 rt_tick_from_millisecond
C:\Users\chuti\AppData\Local\Temp\cc8Hw48Q.s:218    .text.rt_tick_from_millisecond:000000000000003c $d
C:\Users\chuti\AppData\Local\Temp\cc8Hw48Q.s:223    .bss.rt_tick:0000000000000000 $d
C:\Users\chuti\AppData\Local\Temp\cc8Hw48Q.s:227    .bss.rt_tick:0000000000000000 rt_tick

UNDEFINED SYMBOLS
rt_hw_interrupt_disable
rt_hw_interrupt_enable
rt_thread_self
rt_timer_check
rt_thread_yield
