ARM GAS  C:\Users\chuti\AppData\Local\Temp\ccIMLkm1.s 			page 1


   1              		.cpu cortex-m4
   2              		.eabi_attribute 27, 1
   3              		.eabi_attribute 28, 1
   4              		.eabi_attribute 20, 1
   5              		.eabi_attribute 21, 1
   6              		.eabi_attribute 23, 3
   7              		.eabi_attribute 24, 1
   8              		.eabi_attribute 25, 1
   9              		.eabi_attribute 26, 1
  10              		.eabi_attribute 30, 1
  11              		.eabi_attribute 34, 1
  12              		.eabi_attribute 18, 4
  13              		.file	"components.c"
  14              		.text
  15              	.Ltext0:
  16              		.cfi_sections	.debug_frame
  17              		.section	.text.rti_start,"ax",%progbits
  18              		.align	1
  19              		.syntax unified
  20              		.thumb
  21              		.thumb_func
  22              		.fpu fpv4-sp-d16
  24              	rti_start:
  25              	.LFB15:
  26              		.file 1 "Middlewares/Third_Party/RealThread_RTOS_RT-Thread/src/components.c"
   1:Middlewares/Third_Party/RealThread_RTOS_RT-Thread/src/components.c **** /*
   2:Middlewares/Third_Party/RealThread_RTOS_RT-Thread/src/components.c ****  * Copyright (c) 2006-2018, RT-Thread Development Team
   3:Middlewares/Third_Party/RealThread_RTOS_RT-Thread/src/components.c ****  *
   4:Middlewares/Third_Party/RealThread_RTOS_RT-Thread/src/components.c ****  * SPDX-License-Identifier: Apache-2.0
   5:Middlewares/Third_Party/RealThread_RTOS_RT-Thread/src/components.c ****  *
   6:Middlewares/Third_Party/RealThread_RTOS_RT-Thread/src/components.c ****  * Change Logs:
   7:Middlewares/Third_Party/RealThread_RTOS_RT-Thread/src/components.c ****  * Date           Author       Notes
   8:Middlewares/Third_Party/RealThread_RTOS_RT-Thread/src/components.c ****  * 2012-09-20     Bernard      Change the name to components.c
   9:Middlewares/Third_Party/RealThread_RTOS_RT-Thread/src/components.c ****  *                             And all components related header files.
  10:Middlewares/Third_Party/RealThread_RTOS_RT-Thread/src/components.c ****  * 2012-12-23     Bernard      fix the pthread initialization issue.
  11:Middlewares/Third_Party/RealThread_RTOS_RT-Thread/src/components.c ****  * 2013-06-23     Bernard      Add the init_call for components initialization.
  12:Middlewares/Third_Party/RealThread_RTOS_RT-Thread/src/components.c ****  * 2013-07-05     Bernard      Remove initialization feature for MS VC++ compiler
  13:Middlewares/Third_Party/RealThread_RTOS_RT-Thread/src/components.c ****  * 2015-02-06     Bernard      Remove the MS VC++ support and move to the kernel
  14:Middlewares/Third_Party/RealThread_RTOS_RT-Thread/src/components.c ****  * 2015-05-04     Bernard      Rename it to components.c because compiling issue
  15:Middlewares/Third_Party/RealThread_RTOS_RT-Thread/src/components.c ****  *                             in some IDEs.
  16:Middlewares/Third_Party/RealThread_RTOS_RT-Thread/src/components.c ****  * 2015-07-29     Arda.Fu      Add support to use RT_USING_USER_MAIN with IAR
  17:Middlewares/Third_Party/RealThread_RTOS_RT-Thread/src/components.c ****  */
  18:Middlewares/Third_Party/RealThread_RTOS_RT-Thread/src/components.c **** 
  19:Middlewares/Third_Party/RealThread_RTOS_RT-Thread/src/components.c **** #include <rthw.h>
  20:Middlewares/Third_Party/RealThread_RTOS_RT-Thread/src/components.c **** #include <rtthread.h>
  21:Middlewares/Third_Party/RealThread_RTOS_RT-Thread/src/components.c **** 
  22:Middlewares/Third_Party/RealThread_RTOS_RT-Thread/src/components.c **** #ifdef RT_USING_USER_MAIN
  23:Middlewares/Third_Party/RealThread_RTOS_RT-Thread/src/components.c **** #ifndef RT_MAIN_THREAD_STACK_SIZE
  24:Middlewares/Third_Party/RealThread_RTOS_RT-Thread/src/components.c **** #define RT_MAIN_THREAD_STACK_SIZE     2048
  25:Middlewares/Third_Party/RealThread_RTOS_RT-Thread/src/components.c **** #endif
  26:Middlewares/Third_Party/RealThread_RTOS_RT-Thread/src/components.c **** #ifndef RT_MAIN_THREAD_PRIORITY
  27:Middlewares/Third_Party/RealThread_RTOS_RT-Thread/src/components.c **** #define RT_MAIN_THREAD_PRIORITY       (RT_THREAD_PRIORITY_MAX / 3)
  28:Middlewares/Third_Party/RealThread_RTOS_RT-Thread/src/components.c **** #endif
  29:Middlewares/Third_Party/RealThread_RTOS_RT-Thread/src/components.c **** #endif
  30:Middlewares/Third_Party/RealThread_RTOS_RT-Thread/src/components.c **** 
  31:Middlewares/Third_Party/RealThread_RTOS_RT-Thread/src/components.c **** #ifdef RT_USING_COMPONENTS_INIT
  32:Middlewares/Third_Party/RealThread_RTOS_RT-Thread/src/components.c **** /*
ARM GAS  C:\Users\chuti\AppData\Local\Temp\ccIMLkm1.s 			page 2


  33:Middlewares/Third_Party/RealThread_RTOS_RT-Thread/src/components.c ****  * Components Initialization will initialize some driver and components as following
  34:Middlewares/Third_Party/RealThread_RTOS_RT-Thread/src/components.c ****  * order:
  35:Middlewares/Third_Party/RealThread_RTOS_RT-Thread/src/components.c ****  * rti_start         --> 0
  36:Middlewares/Third_Party/RealThread_RTOS_RT-Thread/src/components.c ****  * BOARD_EXPORT      --> 1
  37:Middlewares/Third_Party/RealThread_RTOS_RT-Thread/src/components.c ****  * rti_board_end     --> 1.end
  38:Middlewares/Third_Party/RealThread_RTOS_RT-Thread/src/components.c ****  *
  39:Middlewares/Third_Party/RealThread_RTOS_RT-Thread/src/components.c ****  * DEVICE_EXPORT     --> 2
  40:Middlewares/Third_Party/RealThread_RTOS_RT-Thread/src/components.c ****  * COMPONENT_EXPORT  --> 3
  41:Middlewares/Third_Party/RealThread_RTOS_RT-Thread/src/components.c ****  * FS_EXPORT         --> 4
  42:Middlewares/Third_Party/RealThread_RTOS_RT-Thread/src/components.c ****  * ENV_EXPORT        --> 5
  43:Middlewares/Third_Party/RealThread_RTOS_RT-Thread/src/components.c ****  * APP_EXPORT        --> 6
  44:Middlewares/Third_Party/RealThread_RTOS_RT-Thread/src/components.c ****  *
  45:Middlewares/Third_Party/RealThread_RTOS_RT-Thread/src/components.c ****  * rti_end           --> 6.end
  46:Middlewares/Third_Party/RealThread_RTOS_RT-Thread/src/components.c ****  *
  47:Middlewares/Third_Party/RealThread_RTOS_RT-Thread/src/components.c ****  * These automatically initialization, the driver or component initial function must
  48:Middlewares/Third_Party/RealThread_RTOS_RT-Thread/src/components.c ****  * be defined with:
  49:Middlewares/Third_Party/RealThread_RTOS_RT-Thread/src/components.c ****  * INIT_BOARD_EXPORT(fn);
  50:Middlewares/Third_Party/RealThread_RTOS_RT-Thread/src/components.c ****  * INIT_DEVICE_EXPORT(fn);
  51:Middlewares/Third_Party/RealThread_RTOS_RT-Thread/src/components.c ****  * ...
  52:Middlewares/Third_Party/RealThread_RTOS_RT-Thread/src/components.c ****  * INIT_APP_EXPORT(fn);
  53:Middlewares/Third_Party/RealThread_RTOS_RT-Thread/src/components.c ****  * etc.
  54:Middlewares/Third_Party/RealThread_RTOS_RT-Thread/src/components.c ****  */
  55:Middlewares/Third_Party/RealThread_RTOS_RT-Thread/src/components.c **** static int rti_start(void)
  56:Middlewares/Third_Party/RealThread_RTOS_RT-Thread/src/components.c **** {
  27              		.loc 1 56 0
  28              		.cfi_startproc
  29              		@ args = 0, pretend = 0, frame = 0
  30              		@ frame_needed = 0, uses_anonymous_args = 0
  31              		@ link register save eliminated.
  57:Middlewares/Third_Party/RealThread_RTOS_RT-Thread/src/components.c ****     return 0;
  58:Middlewares/Third_Party/RealThread_RTOS_RT-Thread/src/components.c **** }
  32              		.loc 1 58 0
  33 0000 0020     		movs	r0, #0
  34 0002 7047     		bx	lr
  35              		.cfi_endproc
  36              	.LFE15:
  38              		.section	.text.rti_board_start,"ax",%progbits
  39              		.align	1
  40              		.syntax unified
  41              		.thumb
  42              		.thumb_func
  43              		.fpu fpv4-sp-d16
  45              	rti_board_start:
  46              	.LFB16:
  59:Middlewares/Third_Party/RealThread_RTOS_RT-Thread/src/components.c **** INIT_EXPORT(rti_start, "0");
  60:Middlewares/Third_Party/RealThread_RTOS_RT-Thread/src/components.c **** 
  61:Middlewares/Third_Party/RealThread_RTOS_RT-Thread/src/components.c **** static int rti_board_start(void)
  62:Middlewares/Third_Party/RealThread_RTOS_RT-Thread/src/components.c **** {
  47              		.loc 1 62 0
  48              		.cfi_startproc
  49              		@ args = 0, pretend = 0, frame = 0
  50              		@ frame_needed = 0, uses_anonymous_args = 0
  51              		@ link register save eliminated.
  63:Middlewares/Third_Party/RealThread_RTOS_RT-Thread/src/components.c ****     return 0;
  64:Middlewares/Third_Party/RealThread_RTOS_RT-Thread/src/components.c **** }
  52              		.loc 1 64 0
  53 0000 0020     		movs	r0, #0
ARM GAS  C:\Users\chuti\AppData\Local\Temp\ccIMLkm1.s 			page 3


  54 0002 7047     		bx	lr
  55              		.cfi_endproc
  56              	.LFE16:
  58              		.section	.text.rti_board_end,"ax",%progbits
  59              		.align	1
  60              		.syntax unified
  61              		.thumb
  62              		.thumb_func
  63              		.fpu fpv4-sp-d16
  65              	rti_board_end:
  66              	.LFB17:
  65:Middlewares/Third_Party/RealThread_RTOS_RT-Thread/src/components.c **** INIT_EXPORT(rti_board_start, "0.end");
  66:Middlewares/Third_Party/RealThread_RTOS_RT-Thread/src/components.c **** 
  67:Middlewares/Third_Party/RealThread_RTOS_RT-Thread/src/components.c **** static int rti_board_end(void)
  68:Middlewares/Third_Party/RealThread_RTOS_RT-Thread/src/components.c **** {
  67              		.loc 1 68 0
  68              		.cfi_startproc
  69              		@ args = 0, pretend = 0, frame = 0
  70              		@ frame_needed = 0, uses_anonymous_args = 0
  71              		@ link register save eliminated.
  69:Middlewares/Third_Party/RealThread_RTOS_RT-Thread/src/components.c ****     return 0;
  70:Middlewares/Third_Party/RealThread_RTOS_RT-Thread/src/components.c **** }
  72              		.loc 1 70 0
  73 0000 0020     		movs	r0, #0
  74 0002 7047     		bx	lr
  75              		.cfi_endproc
  76              	.LFE17:
  78              		.section	.text.rti_end,"ax",%progbits
  79              		.align	1
  80              		.syntax unified
  81              		.thumb
  82              		.thumb_func
  83              		.fpu fpv4-sp-d16
  85              	rti_end:
  86              	.LFB18:
  71:Middlewares/Third_Party/RealThread_RTOS_RT-Thread/src/components.c **** INIT_EXPORT(rti_board_end, "1.end");
  72:Middlewares/Third_Party/RealThread_RTOS_RT-Thread/src/components.c **** 
  73:Middlewares/Third_Party/RealThread_RTOS_RT-Thread/src/components.c **** static int rti_end(void)
  74:Middlewares/Third_Party/RealThread_RTOS_RT-Thread/src/components.c **** {
  87              		.loc 1 74 0
  88              		.cfi_startproc
  89              		@ args = 0, pretend = 0, frame = 0
  90              		@ frame_needed = 0, uses_anonymous_args = 0
  91              		@ link register save eliminated.
  75:Middlewares/Third_Party/RealThread_RTOS_RT-Thread/src/components.c ****     return 0;
  76:Middlewares/Third_Party/RealThread_RTOS_RT-Thread/src/components.c **** }
  92              		.loc 1 76 0
  93 0000 0020     		movs	r0, #0
  94 0002 7047     		bx	lr
  95              		.cfi_endproc
  96              	.LFE18:
  98              		.section	.text.rt_components_board_init,"ax",%progbits
  99              		.align	1
 100              		.global	rt_components_board_init
 101              		.syntax unified
 102              		.thumb
 103              		.thumb_func
ARM GAS  C:\Users\chuti\AppData\Local\Temp\ccIMLkm1.s 			page 4


 104              		.fpu fpv4-sp-d16
 106              	rt_components_board_init:
 107              	.LFB19:
  77:Middlewares/Third_Party/RealThread_RTOS_RT-Thread/src/components.c **** INIT_EXPORT(rti_end, "6.end");
  78:Middlewares/Third_Party/RealThread_RTOS_RT-Thread/src/components.c **** 
  79:Middlewares/Third_Party/RealThread_RTOS_RT-Thread/src/components.c **** /**
  80:Middlewares/Third_Party/RealThread_RTOS_RT-Thread/src/components.c ****  * RT-Thread Components Initialization for board
  81:Middlewares/Third_Party/RealThread_RTOS_RT-Thread/src/components.c ****  */
  82:Middlewares/Third_Party/RealThread_RTOS_RT-Thread/src/components.c **** void rt_components_board_init(void)
  83:Middlewares/Third_Party/RealThread_RTOS_RT-Thread/src/components.c **** {
 108              		.loc 1 83 0
 109              		.cfi_startproc
 110              		@ args = 0, pretend = 0, frame = 0
 111              		@ frame_needed = 0, uses_anonymous_args = 0
 112 0000 10B5     		push	{r4, lr}
 113              	.LCFI0:
 114              		.cfi_def_cfa_offset 8
 115              		.cfi_offset 4, -8
 116              		.cfi_offset 14, -4
  84:Middlewares/Third_Party/RealThread_RTOS_RT-Thread/src/components.c **** #if RT_DEBUG_INIT
  85:Middlewares/Third_Party/RealThread_RTOS_RT-Thread/src/components.c ****     int result;
  86:Middlewares/Third_Party/RealThread_RTOS_RT-Thread/src/components.c ****     const struct rt_init_desc *desc;
  87:Middlewares/Third_Party/RealThread_RTOS_RT-Thread/src/components.c ****     for (desc = &__rt_init_desc_rti_board_start; desc < &__rt_init_desc_rti_board_end; desc ++)
  88:Middlewares/Third_Party/RealThread_RTOS_RT-Thread/src/components.c ****     {
  89:Middlewares/Third_Party/RealThread_RTOS_RT-Thread/src/components.c ****         rt_kprintf("initialize %s", desc->fn_name);
  90:Middlewares/Third_Party/RealThread_RTOS_RT-Thread/src/components.c ****         result = desc->fn();
  91:Middlewares/Third_Party/RealThread_RTOS_RT-Thread/src/components.c ****         rt_kprintf(":%d done\n", result);
  92:Middlewares/Third_Party/RealThread_RTOS_RT-Thread/src/components.c ****     }
  93:Middlewares/Third_Party/RealThread_RTOS_RT-Thread/src/components.c **** #else
  94:Middlewares/Third_Party/RealThread_RTOS_RT-Thread/src/components.c ****     const init_fn_t *fn_ptr;
  95:Middlewares/Third_Party/RealThread_RTOS_RT-Thread/src/components.c **** 
  96:Middlewares/Third_Party/RealThread_RTOS_RT-Thread/src/components.c ****     for (fn_ptr = &__rt_init_rti_board_start; fn_ptr < &__rt_init_rti_board_end; fn_ptr++)
 117              		.loc 1 96 0
 118 0002 044C     		ldr	r4, .L9
 119 0004 02E0     		b	.L6
 120              	.LVL0:
 121              	.L7:
  97:Middlewares/Third_Party/RealThread_RTOS_RT-Thread/src/components.c ****     {
  98:Middlewares/Third_Party/RealThread_RTOS_RT-Thread/src/components.c ****         (*fn_ptr)();
 122              		.loc 1 98 0 discriminator 3
 123 0006 54F8043B 		ldr	r3, [r4], #4
 124              	.LVL1:
 125 000a 9847     		blx	r3
 126              	.LVL2:
 127              	.L6:
  96:Middlewares/Third_Party/RealThread_RTOS_RT-Thread/src/components.c ****     {
 128              		.loc 1 96 0 discriminator 1
 129 000c 024B     		ldr	r3, .L9+4
 130 000e 9C42     		cmp	r4, r3
 131 0010 F9D3     		bcc	.L7
  99:Middlewares/Third_Party/RealThread_RTOS_RT-Thread/src/components.c ****     }
 100:Middlewares/Third_Party/RealThread_RTOS_RT-Thread/src/components.c **** #endif
 101:Middlewares/Third_Party/RealThread_RTOS_RT-Thread/src/components.c **** }
 132              		.loc 1 101 0
 133 0012 10BD     		pop	{r4, pc}
 134              	.LVL3:
 135              	.L10:
ARM GAS  C:\Users\chuti\AppData\Local\Temp\ccIMLkm1.s 			page 5


 136              		.align	2
 137              	.L9:
 138 0014 00000000 		.word	.LANCHOR0
 139 0018 00000000 		.word	.LANCHOR1
 140              		.cfi_endproc
 141              	.LFE19:
 143              		.section	.text.rt_components_init,"ax",%progbits
 144              		.align	1
 145              		.global	rt_components_init
 146              		.syntax unified
 147              		.thumb
 148              		.thumb_func
 149              		.fpu fpv4-sp-d16
 151              	rt_components_init:
 152              	.LFB20:
 102:Middlewares/Third_Party/RealThread_RTOS_RT-Thread/src/components.c **** 
 103:Middlewares/Third_Party/RealThread_RTOS_RT-Thread/src/components.c **** /**
 104:Middlewares/Third_Party/RealThread_RTOS_RT-Thread/src/components.c ****  * RT-Thread Components Initialization
 105:Middlewares/Third_Party/RealThread_RTOS_RT-Thread/src/components.c ****  */
 106:Middlewares/Third_Party/RealThread_RTOS_RT-Thread/src/components.c **** void rt_components_init(void)
 107:Middlewares/Third_Party/RealThread_RTOS_RT-Thread/src/components.c **** {
 153              		.loc 1 107 0
 154              		.cfi_startproc
 155              		@ args = 0, pretend = 0, frame = 0
 156              		@ frame_needed = 0, uses_anonymous_args = 0
 157 0000 10B5     		push	{r4, lr}
 158              	.LCFI1:
 159              		.cfi_def_cfa_offset 8
 160              		.cfi_offset 4, -8
 161              		.cfi_offset 14, -4
 108:Middlewares/Third_Party/RealThread_RTOS_RT-Thread/src/components.c **** #if RT_DEBUG_INIT
 109:Middlewares/Third_Party/RealThread_RTOS_RT-Thread/src/components.c ****     int result;
 110:Middlewares/Third_Party/RealThread_RTOS_RT-Thread/src/components.c ****     const struct rt_init_desc *desc;
 111:Middlewares/Third_Party/RealThread_RTOS_RT-Thread/src/components.c **** 
 112:Middlewares/Third_Party/RealThread_RTOS_RT-Thread/src/components.c ****     rt_kprintf("do components initialization.\n");
 113:Middlewares/Third_Party/RealThread_RTOS_RT-Thread/src/components.c ****     for (desc = &__rt_init_desc_rti_board_end; desc < &__rt_init_desc_rti_end; desc ++)
 114:Middlewares/Third_Party/RealThread_RTOS_RT-Thread/src/components.c ****     {
 115:Middlewares/Third_Party/RealThread_RTOS_RT-Thread/src/components.c ****         rt_kprintf("initialize %s", desc->fn_name);
 116:Middlewares/Third_Party/RealThread_RTOS_RT-Thread/src/components.c ****         result = desc->fn();
 117:Middlewares/Third_Party/RealThread_RTOS_RT-Thread/src/components.c ****         rt_kprintf(":%d done\n", result);
 118:Middlewares/Third_Party/RealThread_RTOS_RT-Thread/src/components.c ****     }
 119:Middlewares/Third_Party/RealThread_RTOS_RT-Thread/src/components.c **** #else
 120:Middlewares/Third_Party/RealThread_RTOS_RT-Thread/src/components.c ****     const init_fn_t *fn_ptr;
 121:Middlewares/Third_Party/RealThread_RTOS_RT-Thread/src/components.c **** 
 122:Middlewares/Third_Party/RealThread_RTOS_RT-Thread/src/components.c ****     for (fn_ptr = &__rt_init_rti_board_end; fn_ptr < &__rt_init_rti_end; fn_ptr ++)
 162              		.loc 1 122 0
 163 0002 044C     		ldr	r4, .L15
 164 0004 02E0     		b	.L12
 165              	.LVL4:
 166              	.L13:
 123:Middlewares/Third_Party/RealThread_RTOS_RT-Thread/src/components.c ****     {
 124:Middlewares/Third_Party/RealThread_RTOS_RT-Thread/src/components.c ****         (*fn_ptr)();
 167              		.loc 1 124 0 discriminator 3
 168 0006 54F8043B 		ldr	r3, [r4], #4
 169              	.LVL5:
 170 000a 9847     		blx	r3
 171              	.LVL6:
ARM GAS  C:\Users\chuti\AppData\Local\Temp\ccIMLkm1.s 			page 6


 172              	.L12:
 122:Middlewares/Third_Party/RealThread_RTOS_RT-Thread/src/components.c ****     {
 173              		.loc 1 122 0 discriminator 1
 174 000c 024B     		ldr	r3, .L15+4
 175 000e 9C42     		cmp	r4, r3
 176 0010 F9D3     		bcc	.L13
 125:Middlewares/Third_Party/RealThread_RTOS_RT-Thread/src/components.c ****     }
 126:Middlewares/Third_Party/RealThread_RTOS_RT-Thread/src/components.c **** #endif
 127:Middlewares/Third_Party/RealThread_RTOS_RT-Thread/src/components.c **** }
 177              		.loc 1 127 0
 178 0012 10BD     		pop	{r4, pc}
 179              	.LVL7:
 180              	.L16:
 181              		.align	2
 182              	.L15:
 183 0014 00000000 		.word	.LANCHOR1
 184 0018 00000000 		.word	.LANCHOR2
 185              		.cfi_endproc
 186              	.LFE20:
 188              		.section	.text.main_thread_entry,"ax",%progbits
 189              		.align	1
 190              		.global	main_thread_entry
 191              		.syntax unified
 192              		.thumb
 193              		.thumb_func
 194              		.fpu fpv4-sp-d16
 196              	main_thread_entry:
 197              	.LFB22:
 128:Middlewares/Third_Party/RealThread_RTOS_RT-Thread/src/components.c **** 
 129:Middlewares/Third_Party/RealThread_RTOS_RT-Thread/src/components.c **** #ifdef RT_USING_USER_MAIN
 130:Middlewares/Third_Party/RealThread_RTOS_RT-Thread/src/components.c **** 
 131:Middlewares/Third_Party/RealThread_RTOS_RT-Thread/src/components.c **** void rt_application_init(void);
 132:Middlewares/Third_Party/RealThread_RTOS_RT-Thread/src/components.c **** void rt_hw_board_init(void);
 133:Middlewares/Third_Party/RealThread_RTOS_RT-Thread/src/components.c **** int rtthread_startup(void);
 134:Middlewares/Third_Party/RealThread_RTOS_RT-Thread/src/components.c **** 
 135:Middlewares/Third_Party/RealThread_RTOS_RT-Thread/src/components.c **** #if defined(__CC_ARM) || defined(__CLANG_ARM)
 136:Middlewares/Third_Party/RealThread_RTOS_RT-Thread/src/components.c **** extern int $Super$$main(void);
 137:Middlewares/Third_Party/RealThread_RTOS_RT-Thread/src/components.c **** /* re-define main function */
 138:Middlewares/Third_Party/RealThread_RTOS_RT-Thread/src/components.c **** int $Sub$$main(void)
 139:Middlewares/Third_Party/RealThread_RTOS_RT-Thread/src/components.c **** {
 140:Middlewares/Third_Party/RealThread_RTOS_RT-Thread/src/components.c ****     rtthread_startup();
 141:Middlewares/Third_Party/RealThread_RTOS_RT-Thread/src/components.c ****     return 0;
 142:Middlewares/Third_Party/RealThread_RTOS_RT-Thread/src/components.c **** }
 143:Middlewares/Third_Party/RealThread_RTOS_RT-Thread/src/components.c **** #elif defined(__ICCARM__)
 144:Middlewares/Third_Party/RealThread_RTOS_RT-Thread/src/components.c **** extern int main(void);
 145:Middlewares/Third_Party/RealThread_RTOS_RT-Thread/src/components.c **** /* __low_level_init will auto called by IAR cstartup */
 146:Middlewares/Third_Party/RealThread_RTOS_RT-Thread/src/components.c **** extern void __iar_data_init3(void);
 147:Middlewares/Third_Party/RealThread_RTOS_RT-Thread/src/components.c **** int __low_level_init(void)
 148:Middlewares/Third_Party/RealThread_RTOS_RT-Thread/src/components.c **** {
 149:Middlewares/Third_Party/RealThread_RTOS_RT-Thread/src/components.c ****     // call IAR table copy function.
 150:Middlewares/Third_Party/RealThread_RTOS_RT-Thread/src/components.c ****     __iar_data_init3();
 151:Middlewares/Third_Party/RealThread_RTOS_RT-Thread/src/components.c ****     rtthread_startup();
 152:Middlewares/Third_Party/RealThread_RTOS_RT-Thread/src/components.c ****     return 0;
 153:Middlewares/Third_Party/RealThread_RTOS_RT-Thread/src/components.c **** }
 154:Middlewares/Third_Party/RealThread_RTOS_RT-Thread/src/components.c **** #elif defined(__GNUC__)
 155:Middlewares/Third_Party/RealThread_RTOS_RT-Thread/src/components.c **** extern int main(void);
 156:Middlewares/Third_Party/RealThread_RTOS_RT-Thread/src/components.c **** /* Add -eentry to arm-none-eabi-gcc argument */
ARM GAS  C:\Users\chuti\AppData\Local\Temp\ccIMLkm1.s 			page 7


 157:Middlewares/Third_Party/RealThread_RTOS_RT-Thread/src/components.c **** int entry(void)
 158:Middlewares/Third_Party/RealThread_RTOS_RT-Thread/src/components.c **** {
 159:Middlewares/Third_Party/RealThread_RTOS_RT-Thread/src/components.c ****     rtthread_startup();
 160:Middlewares/Third_Party/RealThread_RTOS_RT-Thread/src/components.c ****     return 0;
 161:Middlewares/Third_Party/RealThread_RTOS_RT-Thread/src/components.c **** }
 162:Middlewares/Third_Party/RealThread_RTOS_RT-Thread/src/components.c **** #endif
 163:Middlewares/Third_Party/RealThread_RTOS_RT-Thread/src/components.c **** 
 164:Middlewares/Third_Party/RealThread_RTOS_RT-Thread/src/components.c **** #ifndef RT_USING_HEAP
 165:Middlewares/Third_Party/RealThread_RTOS_RT-Thread/src/components.c **** /* if there is not enable heap, we should use static thread and stack. */
 166:Middlewares/Third_Party/RealThread_RTOS_RT-Thread/src/components.c **** ALIGN(8)
 167:Middlewares/Third_Party/RealThread_RTOS_RT-Thread/src/components.c **** static rt_uint8_t main_stack[RT_MAIN_THREAD_STACK_SIZE];
 168:Middlewares/Third_Party/RealThread_RTOS_RT-Thread/src/components.c **** struct rt_thread main_thread;
 169:Middlewares/Third_Party/RealThread_RTOS_RT-Thread/src/components.c **** #endif
 170:Middlewares/Third_Party/RealThread_RTOS_RT-Thread/src/components.c **** 
 171:Middlewares/Third_Party/RealThread_RTOS_RT-Thread/src/components.c **** /* the system main thread */
 172:Middlewares/Third_Party/RealThread_RTOS_RT-Thread/src/components.c **** void main_thread_entry(void *parameter)
 173:Middlewares/Third_Party/RealThread_RTOS_RT-Thread/src/components.c **** {
 198              		.loc 1 173 0
 199              		.cfi_startproc
 200              		@ args = 0, pretend = 0, frame = 0
 201              		@ frame_needed = 0, uses_anonymous_args = 0
 202              	.LVL8:
 203 0000 08B5     		push	{r3, lr}
 204              	.LCFI2:
 205              		.cfi_def_cfa_offset 8
 206              		.cfi_offset 3, -8
 207              		.cfi_offset 14, -4
 174:Middlewares/Third_Party/RealThread_RTOS_RT-Thread/src/components.c ****     extern int main(void);
 175:Middlewares/Third_Party/RealThread_RTOS_RT-Thread/src/components.c ****     extern int $Super$$main(void);
 176:Middlewares/Third_Party/RealThread_RTOS_RT-Thread/src/components.c **** 
 177:Middlewares/Third_Party/RealThread_RTOS_RT-Thread/src/components.c ****     /* RT-Thread components initialization */
 178:Middlewares/Third_Party/RealThread_RTOS_RT-Thread/src/components.c ****     rt_components_init();
 208              		.loc 1 178 0
 209 0002 FFF7FEFF 		bl	rt_components_init
 210              	.LVL9:
 179:Middlewares/Third_Party/RealThread_RTOS_RT-Thread/src/components.c **** 
 180:Middlewares/Third_Party/RealThread_RTOS_RT-Thread/src/components.c ****     /* invoke system main function */
 181:Middlewares/Third_Party/RealThread_RTOS_RT-Thread/src/components.c **** #if defined(__CC_ARM) || defined(__CLANG_ARM)
 182:Middlewares/Third_Party/RealThread_RTOS_RT-Thread/src/components.c ****     $Super$$main(); /* for ARMCC. */
 183:Middlewares/Third_Party/RealThread_RTOS_RT-Thread/src/components.c **** #elif defined(__ICCARM__) || defined(__GNUC__)
 184:Middlewares/Third_Party/RealThread_RTOS_RT-Thread/src/components.c ****     main();
 211              		.loc 1 184 0
 212 0006 FFF7FEFF 		bl	main
 213              	.LVL10:
 185:Middlewares/Third_Party/RealThread_RTOS_RT-Thread/src/components.c **** #endif
 186:Middlewares/Third_Party/RealThread_RTOS_RT-Thread/src/components.c **** }
 214              		.loc 1 186 0
 215 000a 08BD     		pop	{r3, pc}
 216              		.cfi_endproc
 217              	.LFE22:
 219              		.section	.text.rt_application_init,"ax",%progbits
 220              		.align	1
 221              		.global	rt_application_init
 222              		.syntax unified
 223              		.thumb
 224              		.thumb_func
 225              		.fpu fpv4-sp-d16
ARM GAS  C:\Users\chuti\AppData\Local\Temp\ccIMLkm1.s 			page 8


 227              	rt_application_init:
 228              	.LFB23:
 187:Middlewares/Third_Party/RealThread_RTOS_RT-Thread/src/components.c **** 
 188:Middlewares/Third_Party/RealThread_RTOS_RT-Thread/src/components.c **** void rt_application_init(void)
 189:Middlewares/Third_Party/RealThread_RTOS_RT-Thread/src/components.c **** {
 229              		.loc 1 189 0
 230              		.cfi_startproc
 231              		@ args = 0, pretend = 0, frame = 0
 232              		@ frame_needed = 0, uses_anonymous_args = 0
 233 0000 00B5     		push	{lr}
 234              	.LCFI3:
 235              		.cfi_def_cfa_offset 4
 236              		.cfi_offset 14, -4
 237 0002 83B0     		sub	sp, sp, #12
 238              	.LCFI4:
 239              		.cfi_def_cfa_offset 16
 190:Middlewares/Third_Party/RealThread_RTOS_RT-Thread/src/components.c ****     rt_thread_t tid;
 191:Middlewares/Third_Party/RealThread_RTOS_RT-Thread/src/components.c **** 
 192:Middlewares/Third_Party/RealThread_RTOS_RT-Thread/src/components.c **** #ifdef RT_USING_HEAP
 193:Middlewares/Third_Party/RealThread_RTOS_RT-Thread/src/components.c ****     tid = rt_thread_create("main", main_thread_entry, RT_NULL,
 240              		.loc 1 193 0
 241 0004 1423     		movs	r3, #20
 242 0006 0193     		str	r3, [sp, #4]
 243 0008 0A23     		movs	r3, #10
 244 000a 0093     		str	r3, [sp]
 245 000c 4FF48063 		mov	r3, #1024
 246 0010 0022     		movs	r2, #0
 247 0012 0449     		ldr	r1, .L21
 248 0014 0448     		ldr	r0, .L21+4
 249 0016 FFF7FEFF 		bl	rt_thread_create
 250              	.LVL11:
 194:Middlewares/Third_Party/RealThread_RTOS_RT-Thread/src/components.c ****                            RT_MAIN_THREAD_STACK_SIZE, RT_MAIN_THREAD_PRIORITY, 20);
 195:Middlewares/Third_Party/RealThread_RTOS_RT-Thread/src/components.c ****     RT_ASSERT(tid != RT_NULL);
 196:Middlewares/Third_Party/RealThread_RTOS_RT-Thread/src/components.c **** #else
 197:Middlewares/Third_Party/RealThread_RTOS_RT-Thread/src/components.c ****     rt_err_t result;
 198:Middlewares/Third_Party/RealThread_RTOS_RT-Thread/src/components.c **** 
 199:Middlewares/Third_Party/RealThread_RTOS_RT-Thread/src/components.c ****     tid = &main_thread;
 200:Middlewares/Third_Party/RealThread_RTOS_RT-Thread/src/components.c ****     result = rt_thread_init(tid, "main", main_thread_entry, RT_NULL,
 201:Middlewares/Third_Party/RealThread_RTOS_RT-Thread/src/components.c ****                             main_stack, sizeof(main_stack), RT_MAIN_THREAD_PRIORITY, 20);
 202:Middlewares/Third_Party/RealThread_RTOS_RT-Thread/src/components.c ****     RT_ASSERT(result == RT_EOK);
 203:Middlewares/Third_Party/RealThread_RTOS_RT-Thread/src/components.c **** 	
 204:Middlewares/Third_Party/RealThread_RTOS_RT-Thread/src/components.c ****     /* if not define RT_USING_HEAP, using to eliminate the warning */
 205:Middlewares/Third_Party/RealThread_RTOS_RT-Thread/src/components.c ****     (void)result;
 206:Middlewares/Third_Party/RealThread_RTOS_RT-Thread/src/components.c **** #endif
 207:Middlewares/Third_Party/RealThread_RTOS_RT-Thread/src/components.c **** 
 208:Middlewares/Third_Party/RealThread_RTOS_RT-Thread/src/components.c ****     rt_thread_startup(tid);
 251              		.loc 1 208 0
 252 001a FFF7FEFF 		bl	rt_thread_startup
 253              	.LVL12:
 209:Middlewares/Third_Party/RealThread_RTOS_RT-Thread/src/components.c **** }
 254              		.loc 1 209 0
 255 001e 03B0     		add	sp, sp, #12
 256              	.LCFI5:
 257              		.cfi_def_cfa_offset 4
 258              		@ sp needed
 259 0020 5DF804FB 		ldr	pc, [sp], #4
 260              	.L22:
ARM GAS  C:\Users\chuti\AppData\Local\Temp\ccIMLkm1.s 			page 9


 261              		.align	2
 262              	.L21:
 263 0024 00000000 		.word	main_thread_entry
 264 0028 00000000 		.word	.LC0
 265              		.cfi_endproc
 266              	.LFE23:
 268              		.section	.text.rtthread_startup,"ax",%progbits
 269              		.align	1
 270              		.global	rtthread_startup
 271              		.syntax unified
 272              		.thumb
 273              		.thumb_func
 274              		.fpu fpv4-sp-d16
 276              	rtthread_startup:
 277              	.LFB24:
 210:Middlewares/Third_Party/RealThread_RTOS_RT-Thread/src/components.c **** 
 211:Middlewares/Third_Party/RealThread_RTOS_RT-Thread/src/components.c **** int rtthread_startup(void)
 212:Middlewares/Third_Party/RealThread_RTOS_RT-Thread/src/components.c **** {
 278              		.loc 1 212 0
 279              		.cfi_startproc
 280              		@ args = 0, pretend = 0, frame = 0
 281              		@ frame_needed = 0, uses_anonymous_args = 0
 282 0000 08B5     		push	{r3, lr}
 283              	.LCFI6:
 284              		.cfi_def_cfa_offset 8
 285              		.cfi_offset 3, -8
 286              		.cfi_offset 14, -4
 213:Middlewares/Third_Party/RealThread_RTOS_RT-Thread/src/components.c ****     rt_hw_interrupt_disable();
 287              		.loc 1 213 0
 288 0002 FFF7FEFF 		bl	rt_hw_interrupt_disable
 289              	.LVL13:
 214:Middlewares/Third_Party/RealThread_RTOS_RT-Thread/src/components.c **** 
 215:Middlewares/Third_Party/RealThread_RTOS_RT-Thread/src/components.c ****     /* board level initialization
 216:Middlewares/Third_Party/RealThread_RTOS_RT-Thread/src/components.c ****      * NOTE: please initialize heap inside board initialization.
 217:Middlewares/Third_Party/RealThread_RTOS_RT-Thread/src/components.c ****      */
 218:Middlewares/Third_Party/RealThread_RTOS_RT-Thread/src/components.c ****     rt_hw_board_init();
 290              		.loc 1 218 0
 291 0006 FFF7FEFF 		bl	rt_hw_board_init
 292              	.LVL14:
 219:Middlewares/Third_Party/RealThread_RTOS_RT-Thread/src/components.c **** 
 220:Middlewares/Third_Party/RealThread_RTOS_RT-Thread/src/components.c ****     /* show RT-Thread version */
 221:Middlewares/Third_Party/RealThread_RTOS_RT-Thread/src/components.c ****     rt_show_version();
 293              		.loc 1 221 0
 294 000a FFF7FEFF 		bl	rt_show_version
 295              	.LVL15:
 222:Middlewares/Third_Party/RealThread_RTOS_RT-Thread/src/components.c **** 
 223:Middlewares/Third_Party/RealThread_RTOS_RT-Thread/src/components.c ****     /* timer system initialization */
 224:Middlewares/Third_Party/RealThread_RTOS_RT-Thread/src/components.c ****     rt_system_timer_init();
 296              		.loc 1 224 0
 297 000e FFF7FEFF 		bl	rt_system_timer_init
 298              	.LVL16:
 225:Middlewares/Third_Party/RealThread_RTOS_RT-Thread/src/components.c **** 
 226:Middlewares/Third_Party/RealThread_RTOS_RT-Thread/src/components.c ****     /* scheduler system initialization */
 227:Middlewares/Third_Party/RealThread_RTOS_RT-Thread/src/components.c ****     rt_system_scheduler_init();
 299              		.loc 1 227 0
 300 0012 FFF7FEFF 		bl	rt_system_scheduler_init
 301              	.LVL17:
ARM GAS  C:\Users\chuti\AppData\Local\Temp\ccIMLkm1.s 			page 10


 228:Middlewares/Third_Party/RealThread_RTOS_RT-Thread/src/components.c **** 
 229:Middlewares/Third_Party/RealThread_RTOS_RT-Thread/src/components.c **** #ifdef RT_USING_SIGNALS
 230:Middlewares/Third_Party/RealThread_RTOS_RT-Thread/src/components.c ****     /* signal system initialization */
 231:Middlewares/Third_Party/RealThread_RTOS_RT-Thread/src/components.c ****     rt_system_signal_init();
 232:Middlewares/Third_Party/RealThread_RTOS_RT-Thread/src/components.c **** #endif
 233:Middlewares/Third_Party/RealThread_RTOS_RT-Thread/src/components.c **** 
 234:Middlewares/Third_Party/RealThread_RTOS_RT-Thread/src/components.c ****     /* create init_thread */
 235:Middlewares/Third_Party/RealThread_RTOS_RT-Thread/src/components.c ****     rt_application_init();
 302              		.loc 1 235 0
 303 0016 FFF7FEFF 		bl	rt_application_init
 304              	.LVL18:
 236:Middlewares/Third_Party/RealThread_RTOS_RT-Thread/src/components.c **** 
 237:Middlewares/Third_Party/RealThread_RTOS_RT-Thread/src/components.c ****     /* timer thread initialization */
 238:Middlewares/Third_Party/RealThread_RTOS_RT-Thread/src/components.c ****     rt_system_timer_thread_init();
 305              		.loc 1 238 0
 306 001a FFF7FEFF 		bl	rt_system_timer_thread_init
 307              	.LVL19:
 239:Middlewares/Third_Party/RealThread_RTOS_RT-Thread/src/components.c **** 
 240:Middlewares/Third_Party/RealThread_RTOS_RT-Thread/src/components.c ****     /* idle thread initialization */
 241:Middlewares/Third_Party/RealThread_RTOS_RT-Thread/src/components.c ****     rt_thread_idle_init();
 308              		.loc 1 241 0
 309 001e FFF7FEFF 		bl	rt_thread_idle_init
 310              	.LVL20:
 242:Middlewares/Third_Party/RealThread_RTOS_RT-Thread/src/components.c **** 
 243:Middlewares/Third_Party/RealThread_RTOS_RT-Thread/src/components.c ****     /* start scheduler */
 244:Middlewares/Third_Party/RealThread_RTOS_RT-Thread/src/components.c ****     rt_system_scheduler_start();
 311              		.loc 1 244 0
 312 0022 FFF7FEFF 		bl	rt_system_scheduler_start
 313              	.LVL21:
 245:Middlewares/Third_Party/RealThread_RTOS_RT-Thread/src/components.c **** 
 246:Middlewares/Third_Party/RealThread_RTOS_RT-Thread/src/components.c ****     /* never reach here */
 247:Middlewares/Third_Party/RealThread_RTOS_RT-Thread/src/components.c ****     return 0;
 248:Middlewares/Third_Party/RealThread_RTOS_RT-Thread/src/components.c **** }
 314              		.loc 1 248 0
 315 0026 0020     		movs	r0, #0
 316 0028 08BD     		pop	{r3, pc}
 317              		.cfi_endproc
 318              	.LFE24:
 320              		.section	.text.entry,"ax",%progbits
 321              		.align	1
 322              		.global	entry
 323              		.syntax unified
 324              		.thumb
 325              		.thumb_func
 326              		.fpu fpv4-sp-d16
 328              	entry:
 329              	.LFB21:
 158:Middlewares/Third_Party/RealThread_RTOS_RT-Thread/src/components.c ****     rtthread_startup();
 330              		.loc 1 158 0
 331              		.cfi_startproc
 332              		@ args = 0, pretend = 0, frame = 0
 333              		@ frame_needed = 0, uses_anonymous_args = 0
 334 0000 08B5     		push	{r3, lr}
 335              	.LCFI7:
 336              		.cfi_def_cfa_offset 8
 337              		.cfi_offset 3, -8
 338              		.cfi_offset 14, -4
ARM GAS  C:\Users\chuti\AppData\Local\Temp\ccIMLkm1.s 			page 11


 159:Middlewares/Third_Party/RealThread_RTOS_RT-Thread/src/components.c ****     return 0;
 339              		.loc 1 159 0
 340 0002 FFF7FEFF 		bl	rtthread_startup
 341              	.LVL22:
 161:Middlewares/Third_Party/RealThread_RTOS_RT-Thread/src/components.c **** #endif
 342              		.loc 1 161 0
 343 0006 0020     		movs	r0, #0
 344 0008 08BD     		pop	{r3, pc}
 345              		.cfi_endproc
 346              	.LFE21:
 348              		.global	__rt_init_rti_end
 349              		.global	__rt_init_rti_board_end
 350              		.global	__rt_init_rti_board_start
 351              		.global	__rt_init_rti_start
 352              		.section	.rodata.rt_application_init.str1.4,"aMS",%progbits,1
 353              		.align	2
 354              	.LC0:
 355 0000 6D61696E 		.ascii	"main\000"
 355      00
 356              		.section	.rti_fn.0,"a",%progbits
 357              		.align	2
 360              	__rt_init_rti_start:
 361 0000 00000000 		.word	rti_start
 362              		.section	.rti_fn.0.end,"a",%progbits
 363              		.align	2
 364              		.set	.LANCHOR0,. + 0
 367              	__rt_init_rti_board_start:
 368 0000 00000000 		.word	rti_board_start
 369              		.section	.rti_fn.1.end,"a",%progbits
 370              		.align	2
 371              		.set	.LANCHOR1,. + 0
 374              	__rt_init_rti_board_end:
 375 0000 00000000 		.word	rti_board_end
 376              		.section	.rti_fn.6.end,"a",%progbits
 377              		.align	2
 378              		.set	.LANCHOR2,. + 0
 381              	__rt_init_rti_end:
 382 0000 00000000 		.word	rti_end
 383              		.text
 384              	.Letext0:
 385              		.file 2 "Middlewares/Third_Party/RealThread_RTOS_RT-Thread/include/rtdef.h"
 386              		.file 3 "Middlewares/Third_Party/RealThread_RTOS_RT-Thread/include/rthw.h"
 387              		.file 4 "Middlewares/Third_Party/RealThread_RTOS_RT-Thread/include/rtthread.h"
ARM GAS  C:\Users\chuti\AppData\Local\Temp\ccIMLkm1.s 			page 12


DEFINED SYMBOLS
                            *ABS*:0000000000000000 components.c
C:\Users\chuti\AppData\Local\Temp\ccIMLkm1.s:18     .text.rti_start:0000000000000000 $t
C:\Users\chuti\AppData\Local\Temp\ccIMLkm1.s:24     .text.rti_start:0000000000000000 rti_start
C:\Users\chuti\AppData\Local\Temp\ccIMLkm1.s:39     .text.rti_board_start:0000000000000000 $t
C:\Users\chuti\AppData\Local\Temp\ccIMLkm1.s:45     .text.rti_board_start:0000000000000000 rti_board_start
C:\Users\chuti\AppData\Local\Temp\ccIMLkm1.s:59     .text.rti_board_end:0000000000000000 $t
C:\Users\chuti\AppData\Local\Temp\ccIMLkm1.s:65     .text.rti_board_end:0000000000000000 rti_board_end
C:\Users\chuti\AppData\Local\Temp\ccIMLkm1.s:79     .text.rti_end:0000000000000000 $t
C:\Users\chuti\AppData\Local\Temp\ccIMLkm1.s:85     .text.rti_end:0000000000000000 rti_end
C:\Users\chuti\AppData\Local\Temp\ccIMLkm1.s:99     .text.rt_components_board_init:0000000000000000 $t
C:\Users\chuti\AppData\Local\Temp\ccIMLkm1.s:106    .text.rt_components_board_init:0000000000000000 rt_components_board_init
C:\Users\chuti\AppData\Local\Temp\ccIMLkm1.s:138    .text.rt_components_board_init:0000000000000014 $d
C:\Users\chuti\AppData\Local\Temp\ccIMLkm1.s:144    .text.rt_components_init:0000000000000000 $t
C:\Users\chuti\AppData\Local\Temp\ccIMLkm1.s:151    .text.rt_components_init:0000000000000000 rt_components_init
C:\Users\chuti\AppData\Local\Temp\ccIMLkm1.s:183    .text.rt_components_init:0000000000000014 $d
C:\Users\chuti\AppData\Local\Temp\ccIMLkm1.s:189    .text.main_thread_entry:0000000000000000 $t
C:\Users\chuti\AppData\Local\Temp\ccIMLkm1.s:196    .text.main_thread_entry:0000000000000000 main_thread_entry
C:\Users\chuti\AppData\Local\Temp\ccIMLkm1.s:220    .text.rt_application_init:0000000000000000 $t
C:\Users\chuti\AppData\Local\Temp\ccIMLkm1.s:227    .text.rt_application_init:0000000000000000 rt_application_init
C:\Users\chuti\AppData\Local\Temp\ccIMLkm1.s:263    .text.rt_application_init:0000000000000024 $d
C:\Users\chuti\AppData\Local\Temp\ccIMLkm1.s:269    .text.rtthread_startup:0000000000000000 $t
C:\Users\chuti\AppData\Local\Temp\ccIMLkm1.s:276    .text.rtthread_startup:0000000000000000 rtthread_startup
C:\Users\chuti\AppData\Local\Temp\ccIMLkm1.s:321    .text.entry:0000000000000000 $t
C:\Users\chuti\AppData\Local\Temp\ccIMLkm1.s:328    .text.entry:0000000000000000 entry
C:\Users\chuti\AppData\Local\Temp\ccIMLkm1.s:381    .rti_fn.6.end:0000000000000000 __rt_init_rti_end
C:\Users\chuti\AppData\Local\Temp\ccIMLkm1.s:374    .rti_fn.1.end:0000000000000000 __rt_init_rti_board_end
C:\Users\chuti\AppData\Local\Temp\ccIMLkm1.s:367    .rti_fn.0.end:0000000000000000 __rt_init_rti_board_start
C:\Users\chuti\AppData\Local\Temp\ccIMLkm1.s:360    .rti_fn.0:0000000000000000 __rt_init_rti_start
C:\Users\chuti\AppData\Local\Temp\ccIMLkm1.s:353    .rodata.rt_application_init.str1.4:0000000000000000 $d
C:\Users\chuti\AppData\Local\Temp\ccIMLkm1.s:357    .rti_fn.0:0000000000000000 $d
C:\Users\chuti\AppData\Local\Temp\ccIMLkm1.s:363    .rti_fn.0.end:0000000000000000 $d
C:\Users\chuti\AppData\Local\Temp\ccIMLkm1.s:370    .rti_fn.1.end:0000000000000000 $d
C:\Users\chuti\AppData\Local\Temp\ccIMLkm1.s:377    .rti_fn.6.end:0000000000000000 $d

UNDEFINED SYMBOLS
main
rt_thread_create
rt_thread_startup
rt_hw_interrupt_disable
rt_hw_board_init
rt_show_version
rt_system_timer_init
rt_system_scheduler_init
rt_system_timer_thread_init
rt_thread_idle_init
rt_system_scheduler_start
