ARM GAS  C:\Users\chuti\AppData\Local\Temp\cc8VkWo7.s 			page 1


   1              		.cpu cortex-m4
   2              		.eabi_attribute 27, 1
   3              		.eabi_attribute 28, 1
   4              		.eabi_attribute 20, 1
   5              		.eabi_attribute 21, 1
   6              		.eabi_attribute 23, 3
   7              		.eabi_attribute 24, 1
   8              		.eabi_attribute 25, 1
   9              		.eabi_attribute 26, 1
  10              		.eabi_attribute 30, 1
  11              		.eabi_attribute 34, 1
  12              		.eabi_attribute 18, 4
  13              		.file	"stm32l4xx_hal_pwr.c"
  14              		.text
  15              	.Ltext0:
  16              		.cfi_sections	.debug_frame
  17              		.section	.text.HAL_PWR_DeInit,"ax",%progbits
  18              		.align	1
  19              		.global	HAL_PWR_DeInit
  20              		.syntax unified
  21              		.thumb
  22              		.thumb_func
  23              		.fpu fpv4-sp-d16
  25              	HAL_PWR_DeInit:
  26              	.LFB132:
  27              		.file 1 "Drivers/STM32L4xx_HAL_Driver/Src/stm32l4xx_hal_pwr.c"
   1:Drivers/STM32L4xx_HAL_Driver/Src/stm32l4xx_hal_pwr.c **** /**
   2:Drivers/STM32L4xx_HAL_Driver/Src/stm32l4xx_hal_pwr.c ****   ******************************************************************************
   3:Drivers/STM32L4xx_HAL_Driver/Src/stm32l4xx_hal_pwr.c ****   * @file    stm32l4xx_hal_pwr.c
   4:Drivers/STM32L4xx_HAL_Driver/Src/stm32l4xx_hal_pwr.c ****   * @author  MCD Application Team
   5:Drivers/STM32L4xx_HAL_Driver/Src/stm32l4xx_hal_pwr.c ****   * @brief   PWR HAL module driver.
   6:Drivers/STM32L4xx_HAL_Driver/Src/stm32l4xx_hal_pwr.c ****   *          This file provides firmware functions to manage the following
   7:Drivers/STM32L4xx_HAL_Driver/Src/stm32l4xx_hal_pwr.c ****   *          functionalities of the Power Controller (PWR) peripheral:
   8:Drivers/STM32L4xx_HAL_Driver/Src/stm32l4xx_hal_pwr.c ****   *           + Initialization/de-initialization functions
   9:Drivers/STM32L4xx_HAL_Driver/Src/stm32l4xx_hal_pwr.c ****   *           + Peripheral Control functions
  10:Drivers/STM32L4xx_HAL_Driver/Src/stm32l4xx_hal_pwr.c ****   *
  11:Drivers/STM32L4xx_HAL_Driver/Src/stm32l4xx_hal_pwr.c ****   ******************************************************************************
  12:Drivers/STM32L4xx_HAL_Driver/Src/stm32l4xx_hal_pwr.c ****   * @attention
  13:Drivers/STM32L4xx_HAL_Driver/Src/stm32l4xx_hal_pwr.c ****   *
  14:Drivers/STM32L4xx_HAL_Driver/Src/stm32l4xx_hal_pwr.c ****   * <h2><center>&copy; Copyright (c) 2017 STMicroelectronics.
  15:Drivers/STM32L4xx_HAL_Driver/Src/stm32l4xx_hal_pwr.c ****   * All rights reserved.</center></h2>
  16:Drivers/STM32L4xx_HAL_Driver/Src/stm32l4xx_hal_pwr.c ****   *
  17:Drivers/STM32L4xx_HAL_Driver/Src/stm32l4xx_hal_pwr.c ****   * This software component is licensed by ST under BSD 3-Clause license,
  18:Drivers/STM32L4xx_HAL_Driver/Src/stm32l4xx_hal_pwr.c ****   * the "License"; You may not use this file except in compliance with the
  19:Drivers/STM32L4xx_HAL_Driver/Src/stm32l4xx_hal_pwr.c ****   * License. You may obtain a copy of the License at:
  20:Drivers/STM32L4xx_HAL_Driver/Src/stm32l4xx_hal_pwr.c ****   *                        opensource.org/licenses/BSD-3-Clause
  21:Drivers/STM32L4xx_HAL_Driver/Src/stm32l4xx_hal_pwr.c ****   *
  22:Drivers/STM32L4xx_HAL_Driver/Src/stm32l4xx_hal_pwr.c ****   ******************************************************************************
  23:Drivers/STM32L4xx_HAL_Driver/Src/stm32l4xx_hal_pwr.c ****   */
  24:Drivers/STM32L4xx_HAL_Driver/Src/stm32l4xx_hal_pwr.c **** 
  25:Drivers/STM32L4xx_HAL_Driver/Src/stm32l4xx_hal_pwr.c **** /* Includes ------------------------------------------------------------------*/
  26:Drivers/STM32L4xx_HAL_Driver/Src/stm32l4xx_hal_pwr.c **** #include "stm32l4xx_hal.h"
  27:Drivers/STM32L4xx_HAL_Driver/Src/stm32l4xx_hal_pwr.c **** 
  28:Drivers/STM32L4xx_HAL_Driver/Src/stm32l4xx_hal_pwr.c **** /** @addtogroup STM32L4xx_HAL_Driver
  29:Drivers/STM32L4xx_HAL_Driver/Src/stm32l4xx_hal_pwr.c ****   * @{
  30:Drivers/STM32L4xx_HAL_Driver/Src/stm32l4xx_hal_pwr.c ****   */
  31:Drivers/STM32L4xx_HAL_Driver/Src/stm32l4xx_hal_pwr.c **** 
ARM GAS  C:\Users\chuti\AppData\Local\Temp\cc8VkWo7.s 			page 2


  32:Drivers/STM32L4xx_HAL_Driver/Src/stm32l4xx_hal_pwr.c **** /** @defgroup PWR PWR
  33:Drivers/STM32L4xx_HAL_Driver/Src/stm32l4xx_hal_pwr.c ****   * @brief PWR HAL module driver
  34:Drivers/STM32L4xx_HAL_Driver/Src/stm32l4xx_hal_pwr.c ****   * @{
  35:Drivers/STM32L4xx_HAL_Driver/Src/stm32l4xx_hal_pwr.c ****   */
  36:Drivers/STM32L4xx_HAL_Driver/Src/stm32l4xx_hal_pwr.c **** 
  37:Drivers/STM32L4xx_HAL_Driver/Src/stm32l4xx_hal_pwr.c **** #ifdef HAL_PWR_MODULE_ENABLED
  38:Drivers/STM32L4xx_HAL_Driver/Src/stm32l4xx_hal_pwr.c **** 
  39:Drivers/STM32L4xx_HAL_Driver/Src/stm32l4xx_hal_pwr.c **** /* Private typedef -----------------------------------------------------------*/
  40:Drivers/STM32L4xx_HAL_Driver/Src/stm32l4xx_hal_pwr.c **** /* Private define ------------------------------------------------------------*/
  41:Drivers/STM32L4xx_HAL_Driver/Src/stm32l4xx_hal_pwr.c **** 
  42:Drivers/STM32L4xx_HAL_Driver/Src/stm32l4xx_hal_pwr.c **** /** @defgroup PWR_Private_Defines PWR Private Defines
  43:Drivers/STM32L4xx_HAL_Driver/Src/stm32l4xx_hal_pwr.c ****   * @{
  44:Drivers/STM32L4xx_HAL_Driver/Src/stm32l4xx_hal_pwr.c ****   */
  45:Drivers/STM32L4xx_HAL_Driver/Src/stm32l4xx_hal_pwr.c **** 
  46:Drivers/STM32L4xx_HAL_Driver/Src/stm32l4xx_hal_pwr.c **** /** @defgroup PWR_PVD_Mode_Mask PWR PVD Mode Mask
  47:Drivers/STM32L4xx_HAL_Driver/Src/stm32l4xx_hal_pwr.c ****   * @{
  48:Drivers/STM32L4xx_HAL_Driver/Src/stm32l4xx_hal_pwr.c ****   */
  49:Drivers/STM32L4xx_HAL_Driver/Src/stm32l4xx_hal_pwr.c **** #define PVD_MODE_IT               ((uint32_t)0x00010000)  /*!< Mask for interruption yielded by PVD
  50:Drivers/STM32L4xx_HAL_Driver/Src/stm32l4xx_hal_pwr.c **** #define PVD_MODE_EVT              ((uint32_t)0x00020000)  /*!< Mask for event yielded by PVD thresh
  51:Drivers/STM32L4xx_HAL_Driver/Src/stm32l4xx_hal_pwr.c **** #define PVD_RISING_EDGE           ((uint32_t)0x00000001)  /*!< Mask for rising edge set as PVD trig
  52:Drivers/STM32L4xx_HAL_Driver/Src/stm32l4xx_hal_pwr.c **** #define PVD_FALLING_EDGE          ((uint32_t)0x00000002)  /*!< Mask for falling edge set as PVD tri
  53:Drivers/STM32L4xx_HAL_Driver/Src/stm32l4xx_hal_pwr.c **** /**
  54:Drivers/STM32L4xx_HAL_Driver/Src/stm32l4xx_hal_pwr.c ****   * @}
  55:Drivers/STM32L4xx_HAL_Driver/Src/stm32l4xx_hal_pwr.c ****   */
  56:Drivers/STM32L4xx_HAL_Driver/Src/stm32l4xx_hal_pwr.c **** 
  57:Drivers/STM32L4xx_HAL_Driver/Src/stm32l4xx_hal_pwr.c **** /**
  58:Drivers/STM32L4xx_HAL_Driver/Src/stm32l4xx_hal_pwr.c ****   * @}
  59:Drivers/STM32L4xx_HAL_Driver/Src/stm32l4xx_hal_pwr.c ****   */
  60:Drivers/STM32L4xx_HAL_Driver/Src/stm32l4xx_hal_pwr.c **** 
  61:Drivers/STM32L4xx_HAL_Driver/Src/stm32l4xx_hal_pwr.c **** /* Private macro -------------------------------------------------------------*/
  62:Drivers/STM32L4xx_HAL_Driver/Src/stm32l4xx_hal_pwr.c **** /* Private variables ---------------------------------------------------------*/
  63:Drivers/STM32L4xx_HAL_Driver/Src/stm32l4xx_hal_pwr.c **** /* Private function prototypes -----------------------------------------------*/
  64:Drivers/STM32L4xx_HAL_Driver/Src/stm32l4xx_hal_pwr.c **** /* Exported functions --------------------------------------------------------*/
  65:Drivers/STM32L4xx_HAL_Driver/Src/stm32l4xx_hal_pwr.c **** 
  66:Drivers/STM32L4xx_HAL_Driver/Src/stm32l4xx_hal_pwr.c **** /** @defgroup PWR_Exported_Functions PWR Exported Functions
  67:Drivers/STM32L4xx_HAL_Driver/Src/stm32l4xx_hal_pwr.c ****   * @{
  68:Drivers/STM32L4xx_HAL_Driver/Src/stm32l4xx_hal_pwr.c ****   */
  69:Drivers/STM32L4xx_HAL_Driver/Src/stm32l4xx_hal_pwr.c **** 
  70:Drivers/STM32L4xx_HAL_Driver/Src/stm32l4xx_hal_pwr.c **** /** @defgroup PWR_Exported_Functions_Group1 Initialization and de-initialization functions
  71:Drivers/STM32L4xx_HAL_Driver/Src/stm32l4xx_hal_pwr.c ****   *  @brief    Initialization and de-initialization functions
  72:Drivers/STM32L4xx_HAL_Driver/Src/stm32l4xx_hal_pwr.c ****   *
  73:Drivers/STM32L4xx_HAL_Driver/Src/stm32l4xx_hal_pwr.c **** @verbatim
  74:Drivers/STM32L4xx_HAL_Driver/Src/stm32l4xx_hal_pwr.c ****  ===============================================================================
  75:Drivers/STM32L4xx_HAL_Driver/Src/stm32l4xx_hal_pwr.c ****               ##### Initialization and de-initialization functions #####
  76:Drivers/STM32L4xx_HAL_Driver/Src/stm32l4xx_hal_pwr.c ****  ===============================================================================
  77:Drivers/STM32L4xx_HAL_Driver/Src/stm32l4xx_hal_pwr.c ****     [..]
  78:Drivers/STM32L4xx_HAL_Driver/Src/stm32l4xx_hal_pwr.c **** 
  79:Drivers/STM32L4xx_HAL_Driver/Src/stm32l4xx_hal_pwr.c **** @endverbatim
  80:Drivers/STM32L4xx_HAL_Driver/Src/stm32l4xx_hal_pwr.c ****   * @{
  81:Drivers/STM32L4xx_HAL_Driver/Src/stm32l4xx_hal_pwr.c ****   */
  82:Drivers/STM32L4xx_HAL_Driver/Src/stm32l4xx_hal_pwr.c **** 
  83:Drivers/STM32L4xx_HAL_Driver/Src/stm32l4xx_hal_pwr.c **** /**
  84:Drivers/STM32L4xx_HAL_Driver/Src/stm32l4xx_hal_pwr.c ****   * @brief Deinitialize the HAL PWR peripheral registers to their default reset values.
  85:Drivers/STM32L4xx_HAL_Driver/Src/stm32l4xx_hal_pwr.c ****   * @retval None
  86:Drivers/STM32L4xx_HAL_Driver/Src/stm32l4xx_hal_pwr.c ****   */
  87:Drivers/STM32L4xx_HAL_Driver/Src/stm32l4xx_hal_pwr.c **** void HAL_PWR_DeInit(void)
  88:Drivers/STM32L4xx_HAL_Driver/Src/stm32l4xx_hal_pwr.c **** {
ARM GAS  C:\Users\chuti\AppData\Local\Temp\cc8VkWo7.s 			page 3


  28              		.loc 1 88 0
  29              		.cfi_startproc
  30              		@ args = 0, pretend = 0, frame = 0
  31              		@ frame_needed = 0, uses_anonymous_args = 0
  32              		@ link register save eliminated.
  89:Drivers/STM32L4xx_HAL_Driver/Src/stm32l4xx_hal_pwr.c ****   __HAL_RCC_PWR_FORCE_RESET();
  33              		.loc 1 89 0
  34 0000 044B     		ldr	r3, .L2
  35 0002 9A6B     		ldr	r2, [r3, #56]
  36 0004 42F08052 		orr	r2, r2, #268435456
  37 0008 9A63     		str	r2, [r3, #56]
  90:Drivers/STM32L4xx_HAL_Driver/Src/stm32l4xx_hal_pwr.c ****   __HAL_RCC_PWR_RELEASE_RESET();
  38              		.loc 1 90 0
  39 000a 9A6B     		ldr	r2, [r3, #56]
  40 000c 22F08052 		bic	r2, r2, #268435456
  41 0010 9A63     		str	r2, [r3, #56]
  91:Drivers/STM32L4xx_HAL_Driver/Src/stm32l4xx_hal_pwr.c **** }
  42              		.loc 1 91 0
  43 0012 7047     		bx	lr
  44              	.L3:
  45              		.align	2
  46              	.L2:
  47 0014 00100240 		.word	1073876992
  48              		.cfi_endproc
  49              	.LFE132:
  51              		.section	.text.HAL_PWR_EnableBkUpAccess,"ax",%progbits
  52              		.align	1
  53              		.global	HAL_PWR_EnableBkUpAccess
  54              		.syntax unified
  55              		.thumb
  56              		.thumb_func
  57              		.fpu fpv4-sp-d16
  59              	HAL_PWR_EnableBkUpAccess:
  60              	.LFB133:
  92:Drivers/STM32L4xx_HAL_Driver/Src/stm32l4xx_hal_pwr.c **** 
  93:Drivers/STM32L4xx_HAL_Driver/Src/stm32l4xx_hal_pwr.c **** /**
  94:Drivers/STM32L4xx_HAL_Driver/Src/stm32l4xx_hal_pwr.c ****   * @brief Enable access to the backup domain
  95:Drivers/STM32L4xx_HAL_Driver/Src/stm32l4xx_hal_pwr.c ****   *        (RTC registers, RTC backup data registers).
  96:Drivers/STM32L4xx_HAL_Driver/Src/stm32l4xx_hal_pwr.c ****   * @note  After reset, the backup domain is protected against
  97:Drivers/STM32L4xx_HAL_Driver/Src/stm32l4xx_hal_pwr.c ****   *        possible unwanted write accesses.
  98:Drivers/STM32L4xx_HAL_Driver/Src/stm32l4xx_hal_pwr.c ****   * @note  RTCSEL that sets the RTC clock source selection is in the RTC back-up domain.
  99:Drivers/STM32L4xx_HAL_Driver/Src/stm32l4xx_hal_pwr.c ****   *        In order to set or modify the RTC clock, the backup domain access must be
 100:Drivers/STM32L4xx_HAL_Driver/Src/stm32l4xx_hal_pwr.c ****   *        disabled.
 101:Drivers/STM32L4xx_HAL_Driver/Src/stm32l4xx_hal_pwr.c ****   * @note  LSEON bit that switches on and off the LSE crystal belongs as well to the
 102:Drivers/STM32L4xx_HAL_Driver/Src/stm32l4xx_hal_pwr.c ****   *        back-up domain.
 103:Drivers/STM32L4xx_HAL_Driver/Src/stm32l4xx_hal_pwr.c ****   * @retval None
 104:Drivers/STM32L4xx_HAL_Driver/Src/stm32l4xx_hal_pwr.c ****   */
 105:Drivers/STM32L4xx_HAL_Driver/Src/stm32l4xx_hal_pwr.c **** void HAL_PWR_EnableBkUpAccess(void)
 106:Drivers/STM32L4xx_HAL_Driver/Src/stm32l4xx_hal_pwr.c **** {
  61              		.loc 1 106 0
  62              		.cfi_startproc
  63              		@ args = 0, pretend = 0, frame = 0
  64              		@ frame_needed = 0, uses_anonymous_args = 0
  65              		@ link register save eliminated.
 107:Drivers/STM32L4xx_HAL_Driver/Src/stm32l4xx_hal_pwr.c ****   SET_BIT(PWR->CR1, PWR_CR1_DBP);
  66              		.loc 1 107 0
  67 0000 024A     		ldr	r2, .L5
ARM GAS  C:\Users\chuti\AppData\Local\Temp\cc8VkWo7.s 			page 4


  68 0002 1368     		ldr	r3, [r2]
  69 0004 43F48073 		orr	r3, r3, #256
  70 0008 1360     		str	r3, [r2]
 108:Drivers/STM32L4xx_HAL_Driver/Src/stm32l4xx_hal_pwr.c **** }
  71              		.loc 1 108 0
  72 000a 7047     		bx	lr
  73              	.L6:
  74              		.align	2
  75              	.L5:
  76 000c 00700040 		.word	1073770496
  77              		.cfi_endproc
  78              	.LFE133:
  80              		.section	.text.HAL_PWR_DisableBkUpAccess,"ax",%progbits
  81              		.align	1
  82              		.global	HAL_PWR_DisableBkUpAccess
  83              		.syntax unified
  84              		.thumb
  85              		.thumb_func
  86              		.fpu fpv4-sp-d16
  88              	HAL_PWR_DisableBkUpAccess:
  89              	.LFB134:
 109:Drivers/STM32L4xx_HAL_Driver/Src/stm32l4xx_hal_pwr.c **** 
 110:Drivers/STM32L4xx_HAL_Driver/Src/stm32l4xx_hal_pwr.c **** /**
 111:Drivers/STM32L4xx_HAL_Driver/Src/stm32l4xx_hal_pwr.c ****   * @brief Disable access to the backup domain
 112:Drivers/STM32L4xx_HAL_Driver/Src/stm32l4xx_hal_pwr.c ****   *        (RTC registers, RTC backup data registers).
 113:Drivers/STM32L4xx_HAL_Driver/Src/stm32l4xx_hal_pwr.c ****   * @retval None
 114:Drivers/STM32L4xx_HAL_Driver/Src/stm32l4xx_hal_pwr.c ****   */
 115:Drivers/STM32L4xx_HAL_Driver/Src/stm32l4xx_hal_pwr.c **** void HAL_PWR_DisableBkUpAccess(void)
 116:Drivers/STM32L4xx_HAL_Driver/Src/stm32l4xx_hal_pwr.c **** {
  90              		.loc 1 116 0
  91              		.cfi_startproc
  92              		@ args = 0, pretend = 0, frame = 0
  93              		@ frame_needed = 0, uses_anonymous_args = 0
  94              		@ link register save eliminated.
 117:Drivers/STM32L4xx_HAL_Driver/Src/stm32l4xx_hal_pwr.c ****   CLEAR_BIT(PWR->CR1, PWR_CR1_DBP);
  95              		.loc 1 117 0
  96 0000 024A     		ldr	r2, .L8
  97 0002 1368     		ldr	r3, [r2]
  98 0004 23F48073 		bic	r3, r3, #256
  99 0008 1360     		str	r3, [r2]
 118:Drivers/STM32L4xx_HAL_Driver/Src/stm32l4xx_hal_pwr.c **** }
 100              		.loc 1 118 0
 101 000a 7047     		bx	lr
 102              	.L9:
 103              		.align	2
 104              	.L8:
 105 000c 00700040 		.word	1073770496
 106              		.cfi_endproc
 107              	.LFE134:
 109              		.section	.text.HAL_PWR_ConfigPVD,"ax",%progbits
 110              		.align	1
 111              		.global	HAL_PWR_ConfigPVD
 112              		.syntax unified
 113              		.thumb
 114              		.thumb_func
 115              		.fpu fpv4-sp-d16
 117              	HAL_PWR_ConfigPVD:
ARM GAS  C:\Users\chuti\AppData\Local\Temp\cc8VkWo7.s 			page 5


 118              	.LFB135:
 119:Drivers/STM32L4xx_HAL_Driver/Src/stm32l4xx_hal_pwr.c **** 
 120:Drivers/STM32L4xx_HAL_Driver/Src/stm32l4xx_hal_pwr.c **** 
 121:Drivers/STM32L4xx_HAL_Driver/Src/stm32l4xx_hal_pwr.c **** 
 122:Drivers/STM32L4xx_HAL_Driver/Src/stm32l4xx_hal_pwr.c **** 
 123:Drivers/STM32L4xx_HAL_Driver/Src/stm32l4xx_hal_pwr.c **** /**
 124:Drivers/STM32L4xx_HAL_Driver/Src/stm32l4xx_hal_pwr.c ****   * @}
 125:Drivers/STM32L4xx_HAL_Driver/Src/stm32l4xx_hal_pwr.c ****   */
 126:Drivers/STM32L4xx_HAL_Driver/Src/stm32l4xx_hal_pwr.c **** 
 127:Drivers/STM32L4xx_HAL_Driver/Src/stm32l4xx_hal_pwr.c **** 
 128:Drivers/STM32L4xx_HAL_Driver/Src/stm32l4xx_hal_pwr.c **** 
 129:Drivers/STM32L4xx_HAL_Driver/Src/stm32l4xx_hal_pwr.c **** /** @defgroup PWR_Exported_Functions_Group2 Peripheral Control functions
 130:Drivers/STM32L4xx_HAL_Driver/Src/stm32l4xx_hal_pwr.c ****   *  @brief Low Power modes configuration functions
 131:Drivers/STM32L4xx_HAL_Driver/Src/stm32l4xx_hal_pwr.c ****   *
 132:Drivers/STM32L4xx_HAL_Driver/Src/stm32l4xx_hal_pwr.c **** @verbatim
 133:Drivers/STM32L4xx_HAL_Driver/Src/stm32l4xx_hal_pwr.c **** 
 134:Drivers/STM32L4xx_HAL_Driver/Src/stm32l4xx_hal_pwr.c ****  ===============================================================================
 135:Drivers/STM32L4xx_HAL_Driver/Src/stm32l4xx_hal_pwr.c ****                  ##### Peripheral Control functions #####
 136:Drivers/STM32L4xx_HAL_Driver/Src/stm32l4xx_hal_pwr.c ****  ===============================================================================
 137:Drivers/STM32L4xx_HAL_Driver/Src/stm32l4xx_hal_pwr.c **** 
 138:Drivers/STM32L4xx_HAL_Driver/Src/stm32l4xx_hal_pwr.c ****      [..]
 139:Drivers/STM32L4xx_HAL_Driver/Src/stm32l4xx_hal_pwr.c ****      *** PVD configuration ***
 140:Drivers/STM32L4xx_HAL_Driver/Src/stm32l4xx_hal_pwr.c ****     =========================
 141:Drivers/STM32L4xx_HAL_Driver/Src/stm32l4xx_hal_pwr.c ****     [..]
 142:Drivers/STM32L4xx_HAL_Driver/Src/stm32l4xx_hal_pwr.c ****       (+) The PVD is used to monitor the VDD power supply by comparing it to a
 143:Drivers/STM32L4xx_HAL_Driver/Src/stm32l4xx_hal_pwr.c ****           threshold selected by the PVD Level (PLS[2:0] bits in PWR_CR2 register).
 144:Drivers/STM32L4xx_HAL_Driver/Src/stm32l4xx_hal_pwr.c **** 
 145:Drivers/STM32L4xx_HAL_Driver/Src/stm32l4xx_hal_pwr.c ****       (+) PVDO flag is available to indicate if VDD/VDDA is higher or lower
 146:Drivers/STM32L4xx_HAL_Driver/Src/stm32l4xx_hal_pwr.c ****           than the PVD threshold. This event is internally connected to the EXTI
 147:Drivers/STM32L4xx_HAL_Driver/Src/stm32l4xx_hal_pwr.c ****           line16 and can generate an interrupt if enabled. This is done through
 148:Drivers/STM32L4xx_HAL_Driver/Src/stm32l4xx_hal_pwr.c ****           __HAL_PVD_EXTI_ENABLE_IT() macro.
 149:Drivers/STM32L4xx_HAL_Driver/Src/stm32l4xx_hal_pwr.c ****       (+) The PVD is stopped in Standby mode.
 150:Drivers/STM32L4xx_HAL_Driver/Src/stm32l4xx_hal_pwr.c **** 
 151:Drivers/STM32L4xx_HAL_Driver/Src/stm32l4xx_hal_pwr.c **** 
 152:Drivers/STM32L4xx_HAL_Driver/Src/stm32l4xx_hal_pwr.c ****     *** WakeUp pin configuration ***
 153:Drivers/STM32L4xx_HAL_Driver/Src/stm32l4xx_hal_pwr.c ****     ================================
 154:Drivers/STM32L4xx_HAL_Driver/Src/stm32l4xx_hal_pwr.c ****     [..]
 155:Drivers/STM32L4xx_HAL_Driver/Src/stm32l4xx_hal_pwr.c ****       (+) WakeUp pins are used to wakeup the system from Standby mode or Shutdown mode.
 156:Drivers/STM32L4xx_HAL_Driver/Src/stm32l4xx_hal_pwr.c ****           The polarity of these pins can be set to configure event detection on high
 157:Drivers/STM32L4xx_HAL_Driver/Src/stm32l4xx_hal_pwr.c ****           level (rising edge) or low level (falling edge).
 158:Drivers/STM32L4xx_HAL_Driver/Src/stm32l4xx_hal_pwr.c **** 
 159:Drivers/STM32L4xx_HAL_Driver/Src/stm32l4xx_hal_pwr.c **** 
 160:Drivers/STM32L4xx_HAL_Driver/Src/stm32l4xx_hal_pwr.c **** 
 161:Drivers/STM32L4xx_HAL_Driver/Src/stm32l4xx_hal_pwr.c ****     *** Low Power modes configuration ***
 162:Drivers/STM32L4xx_HAL_Driver/Src/stm32l4xx_hal_pwr.c ****     =====================================
 163:Drivers/STM32L4xx_HAL_Driver/Src/stm32l4xx_hal_pwr.c ****     [..]
 164:Drivers/STM32L4xx_HAL_Driver/Src/stm32l4xx_hal_pwr.c ****       The devices feature 8 low-power modes:
 165:Drivers/STM32L4xx_HAL_Driver/Src/stm32l4xx_hal_pwr.c ****       (+) Low-power Run mode: core and peripherals are running, main regulator off, low power regul
 166:Drivers/STM32L4xx_HAL_Driver/Src/stm32l4xx_hal_pwr.c ****       (+) Sleep mode: Cortex-M4 core stopped, peripherals kept running, main and low power regulato
 167:Drivers/STM32L4xx_HAL_Driver/Src/stm32l4xx_hal_pwr.c ****       (+) Low-power Sleep mode: Cortex-M4 core stopped, peripherals kept running, main regulator of
 168:Drivers/STM32L4xx_HAL_Driver/Src/stm32l4xx_hal_pwr.c ****       (+) Stop 0 mode: all clocks are stopped except LSI and LSE, main and low power regulators on.
 169:Drivers/STM32L4xx_HAL_Driver/Src/stm32l4xx_hal_pwr.c ****       (+) Stop 1 mode: all clocks are stopped except LSI and LSE, main regulator off, low power reg
 170:Drivers/STM32L4xx_HAL_Driver/Src/stm32l4xx_hal_pwr.c ****       (+) Stop 2 mode: all clocks are stopped except LSI and LSE, main regulator off, low power reg
 171:Drivers/STM32L4xx_HAL_Driver/Src/stm32l4xx_hal_pwr.c ****       (+) Standby mode with SRAM2: all clocks are stopped except LSI and LSE, SRAM2 content preserv
 172:Drivers/STM32L4xx_HAL_Driver/Src/stm32l4xx_hal_pwr.c ****       (+) Standby mode without SRAM2: all clocks are stopped except LSI and LSE, main and low power
 173:Drivers/STM32L4xx_HAL_Driver/Src/stm32l4xx_hal_pwr.c ****       (+) Shutdown mode: all clocks are stopped except LSE, main and low power regulators off.
 174:Drivers/STM32L4xx_HAL_Driver/Src/stm32l4xx_hal_pwr.c **** 
ARM GAS  C:\Users\chuti\AppData\Local\Temp\cc8VkWo7.s 			page 6


 175:Drivers/STM32L4xx_HAL_Driver/Src/stm32l4xx_hal_pwr.c **** 
 176:Drivers/STM32L4xx_HAL_Driver/Src/stm32l4xx_hal_pwr.c ****    *** Low-power run mode ***
 177:Drivers/STM32L4xx_HAL_Driver/Src/stm32l4xx_hal_pwr.c ****    ==========================
 178:Drivers/STM32L4xx_HAL_Driver/Src/stm32l4xx_hal_pwr.c ****     [..]
 179:Drivers/STM32L4xx_HAL_Driver/Src/stm32l4xx_hal_pwr.c ****       (+) Entry: (from main run mode)
 180:Drivers/STM32L4xx_HAL_Driver/Src/stm32l4xx_hal_pwr.c ****         (++) set LPR bit with HAL_PWREx_EnableLowPowerRunMode() API after having decreased the syst
 181:Drivers/STM32L4xx_HAL_Driver/Src/stm32l4xx_hal_pwr.c **** 
 182:Drivers/STM32L4xx_HAL_Driver/Src/stm32l4xx_hal_pwr.c ****       (+) Exit:
 183:Drivers/STM32L4xx_HAL_Driver/Src/stm32l4xx_hal_pwr.c ****         (++) clear LPR bit then wait for REGLP bit to be reset with HAL_PWREx_DisableLowPowerRunMod
 184:Drivers/STM32L4xx_HAL_Driver/Src/stm32l4xx_hal_pwr.c ****              then can the system clock frequency be increased above 2 MHz.
 185:Drivers/STM32L4xx_HAL_Driver/Src/stm32l4xx_hal_pwr.c **** 
 186:Drivers/STM32L4xx_HAL_Driver/Src/stm32l4xx_hal_pwr.c **** 
 187:Drivers/STM32L4xx_HAL_Driver/Src/stm32l4xx_hal_pwr.c ****    *** Sleep mode / Low-power sleep mode ***
 188:Drivers/STM32L4xx_HAL_Driver/Src/stm32l4xx_hal_pwr.c ****    =========================================
 189:Drivers/STM32L4xx_HAL_Driver/Src/stm32l4xx_hal_pwr.c ****     [..]
 190:Drivers/STM32L4xx_HAL_Driver/Src/stm32l4xx_hal_pwr.c ****       (+) Entry:
 191:Drivers/STM32L4xx_HAL_Driver/Src/stm32l4xx_hal_pwr.c ****           The Sleep mode / Low-power Sleep mode is entered thru HAL_PWR_EnterSLEEPMode() API
 192:Drivers/STM32L4xx_HAL_Driver/Src/stm32l4xx_hal_pwr.c ****           in specifying whether or not the regulator is forced to low-power mode and if exit is int
 193:Drivers/STM32L4xx_HAL_Driver/Src/stm32l4xx_hal_pwr.c ****           (++) PWR_MAINREGULATOR_ON: Sleep mode (regulator in main mode).
 194:Drivers/STM32L4xx_HAL_Driver/Src/stm32l4xx_hal_pwr.c ****           (++) PWR_LOWPOWERREGULATOR_ON: Low-power sleep (regulator in low power mode).
 195:Drivers/STM32L4xx_HAL_Driver/Src/stm32l4xx_hal_pwr.c ****           In the latter case, the system clock frequency must have been decreased below 2 MHz befor
 196:Drivers/STM32L4xx_HAL_Driver/Src/stm32l4xx_hal_pwr.c ****           (++) PWR_SLEEPENTRY_WFI: enter SLEEP mode with WFI instruction
 197:Drivers/STM32L4xx_HAL_Driver/Src/stm32l4xx_hal_pwr.c ****           (++) PWR_SLEEPENTRY_WFE: enter SLEEP mode with WFE instruction
 198:Drivers/STM32L4xx_HAL_Driver/Src/stm32l4xx_hal_pwr.c **** 
 199:Drivers/STM32L4xx_HAL_Driver/Src/stm32l4xx_hal_pwr.c ****       (+) WFI Exit:
 200:Drivers/STM32L4xx_HAL_Driver/Src/stm32l4xx_hal_pwr.c ****         (++) Any peripheral interrupt acknowledged by the nested vectored interrupt
 201:Drivers/STM32L4xx_HAL_Driver/Src/stm32l4xx_hal_pwr.c ****              controller (NVIC) or any wake-up event.
 202:Drivers/STM32L4xx_HAL_Driver/Src/stm32l4xx_hal_pwr.c **** 
 203:Drivers/STM32L4xx_HAL_Driver/Src/stm32l4xx_hal_pwr.c ****       (+) WFE Exit:
 204:Drivers/STM32L4xx_HAL_Driver/Src/stm32l4xx_hal_pwr.c ****         (++) Any wake-up event such as an EXTI line configured in event mode.
 205:Drivers/STM32L4xx_HAL_Driver/Src/stm32l4xx_hal_pwr.c **** 
 206:Drivers/STM32L4xx_HAL_Driver/Src/stm32l4xx_hal_pwr.c ****          [..] When exiting the Low-power sleep mode by issuing an interrupt or a wakeup event,
 207:Drivers/STM32L4xx_HAL_Driver/Src/stm32l4xx_hal_pwr.c ****              the MCU is in Low-power Run mode.
 208:Drivers/STM32L4xx_HAL_Driver/Src/stm32l4xx_hal_pwr.c **** 
 209:Drivers/STM32L4xx_HAL_Driver/Src/stm32l4xx_hal_pwr.c ****    *** Stop 0, Stop 1 and Stop 2 modes ***
 210:Drivers/STM32L4xx_HAL_Driver/Src/stm32l4xx_hal_pwr.c ****    ===============================
 211:Drivers/STM32L4xx_HAL_Driver/Src/stm32l4xx_hal_pwr.c ****     [..]
 212:Drivers/STM32L4xx_HAL_Driver/Src/stm32l4xx_hal_pwr.c ****       (+) Entry:
 213:Drivers/STM32L4xx_HAL_Driver/Src/stm32l4xx_hal_pwr.c ****           The Stop 0, Stop 1 or Stop 2 modes are entered thru the following API's:
 214:Drivers/STM32L4xx_HAL_Driver/Src/stm32l4xx_hal_pwr.c ****           (++) HAL_PWREx_EnterSTOP0Mode() for mode 0 or HAL_PWREx_EnterSTOP1Mode() for mode 1 or fo
 215:Drivers/STM32L4xx_HAL_Driver/Src/stm32l4xx_hal_pwr.c ****           (++) HAL_PWREx_EnterSTOP2Mode() for mode 2.
 216:Drivers/STM32L4xx_HAL_Driver/Src/stm32l4xx_hal_pwr.c ****       (+) Regulator setting (applicable to HAL_PWR_EnterSTOPMode() only):
 217:Drivers/STM32L4xx_HAL_Driver/Src/stm32l4xx_hal_pwr.c ****           (++) PWR_MAINREGULATOR_ON
 218:Drivers/STM32L4xx_HAL_Driver/Src/stm32l4xx_hal_pwr.c ****           (++) PWR_LOWPOWERREGULATOR_ON
 219:Drivers/STM32L4xx_HAL_Driver/Src/stm32l4xx_hal_pwr.c ****       (+) Exit (interrupt or event-triggered, specified when entering STOP mode):
 220:Drivers/STM32L4xx_HAL_Driver/Src/stm32l4xx_hal_pwr.c ****           (++) PWR_STOPENTRY_WFI: enter Stop mode with WFI instruction
 221:Drivers/STM32L4xx_HAL_Driver/Src/stm32l4xx_hal_pwr.c ****           (++) PWR_STOPENTRY_WFE: enter Stop mode with WFE instruction
 222:Drivers/STM32L4xx_HAL_Driver/Src/stm32l4xx_hal_pwr.c **** 
 223:Drivers/STM32L4xx_HAL_Driver/Src/stm32l4xx_hal_pwr.c ****       (+) WFI Exit:
 224:Drivers/STM32L4xx_HAL_Driver/Src/stm32l4xx_hal_pwr.c ****           (++) Any EXTI Line (Internal or External) configured in Interrupt mode.
 225:Drivers/STM32L4xx_HAL_Driver/Src/stm32l4xx_hal_pwr.c ****           (++) Some specific communication peripherals (USART, LPUART, I2C) interrupts
 226:Drivers/STM32L4xx_HAL_Driver/Src/stm32l4xx_hal_pwr.c ****                when programmed in wakeup mode.
 227:Drivers/STM32L4xx_HAL_Driver/Src/stm32l4xx_hal_pwr.c ****       (+) WFE Exit:
 228:Drivers/STM32L4xx_HAL_Driver/Src/stm32l4xx_hal_pwr.c ****           (++) Any EXTI Line (Internal or External) configured in Event mode.
 229:Drivers/STM32L4xx_HAL_Driver/Src/stm32l4xx_hal_pwr.c **** 
 230:Drivers/STM32L4xx_HAL_Driver/Src/stm32l4xx_hal_pwr.c ****        [..]
 231:Drivers/STM32L4xx_HAL_Driver/Src/stm32l4xx_hal_pwr.c ****           When exiting Stop 0 and Stop 1 modes, the MCU is either in Run mode or in Low-power Run m
ARM GAS  C:\Users\chuti\AppData\Local\Temp\cc8VkWo7.s 			page 7


 232:Drivers/STM32L4xx_HAL_Driver/Src/stm32l4xx_hal_pwr.c ****           depending on the LPR bit setting.
 233:Drivers/STM32L4xx_HAL_Driver/Src/stm32l4xx_hal_pwr.c ****           When exiting Stop 2 mode, the MCU is in Run mode.
 234:Drivers/STM32L4xx_HAL_Driver/Src/stm32l4xx_hal_pwr.c **** 
 235:Drivers/STM32L4xx_HAL_Driver/Src/stm32l4xx_hal_pwr.c ****    *** Standby mode ***
 236:Drivers/STM32L4xx_HAL_Driver/Src/stm32l4xx_hal_pwr.c ****    ====================
 237:Drivers/STM32L4xx_HAL_Driver/Src/stm32l4xx_hal_pwr.c ****      [..]
 238:Drivers/STM32L4xx_HAL_Driver/Src/stm32l4xx_hal_pwr.c ****       The Standby mode offers two options:
 239:Drivers/STM32L4xx_HAL_Driver/Src/stm32l4xx_hal_pwr.c ****       (+) option a) all clocks off except LSI and LSE, RRS bit set (keeps voltage regulator in low 
 240:Drivers/STM32L4xx_HAL_Driver/Src/stm32l4xx_hal_pwr.c ****         SRAM and registers contents are lost except for the SRAM2 content, the RTC registers, RTC b
 241:Drivers/STM32L4xx_HAL_Driver/Src/stm32l4xx_hal_pwr.c ****         and Standby circuitry.
 242:Drivers/STM32L4xx_HAL_Driver/Src/stm32l4xx_hal_pwr.c ****       (+) option b) all clocks off except LSI and LSE, RRS bit cleared (voltage regulator then disa
 243:Drivers/STM32L4xx_HAL_Driver/Src/stm32l4xx_hal_pwr.c ****         SRAM and register contents are lost except for the RTC registers, RTC backup registers
 244:Drivers/STM32L4xx_HAL_Driver/Src/stm32l4xx_hal_pwr.c ****         and Standby circuitry.
 245:Drivers/STM32L4xx_HAL_Driver/Src/stm32l4xx_hal_pwr.c **** 
 246:Drivers/STM32L4xx_HAL_Driver/Src/stm32l4xx_hal_pwr.c ****       (++) Entry:
 247:Drivers/STM32L4xx_HAL_Driver/Src/stm32l4xx_hal_pwr.c ****           (+++) The Standby mode is entered thru HAL_PWR_EnterSTANDBYMode() API.
 248:Drivers/STM32L4xx_HAL_Driver/Src/stm32l4xx_hal_pwr.c ****                 SRAM1 and register contents are lost except for registers in the Backup domain and
 249:Drivers/STM32L4xx_HAL_Driver/Src/stm32l4xx_hal_pwr.c ****                 Standby circuitry. SRAM2 content can be preserved if the bit RRS is set in PWR_CR3 
 250:Drivers/STM32L4xx_HAL_Driver/Src/stm32l4xx_hal_pwr.c ****                 To enable this feature, the user can resort to HAL_PWREx_EnableSRAM2ContentRetentio
 251:Drivers/STM32L4xx_HAL_Driver/Src/stm32l4xx_hal_pwr.c ****                 to set RRS bit.
 252:Drivers/STM32L4xx_HAL_Driver/Src/stm32l4xx_hal_pwr.c **** 
 253:Drivers/STM32L4xx_HAL_Driver/Src/stm32l4xx_hal_pwr.c ****       (++) Exit:
 254:Drivers/STM32L4xx_HAL_Driver/Src/stm32l4xx_hal_pwr.c ****           (+++) WKUP pin rising edge, RTC alarm or wakeup, tamper event, time-stamp event,
 255:Drivers/STM32L4xx_HAL_Driver/Src/stm32l4xx_hal_pwr.c ****                 external reset in NRST pin, IWDG reset.
 256:Drivers/STM32L4xx_HAL_Driver/Src/stm32l4xx_hal_pwr.c **** 
 257:Drivers/STM32L4xx_HAL_Driver/Src/stm32l4xx_hal_pwr.c ****       [..]    After waking up from Standby mode, program execution restarts in the same way as afte
 258:Drivers/STM32L4xx_HAL_Driver/Src/stm32l4xx_hal_pwr.c **** 
 259:Drivers/STM32L4xx_HAL_Driver/Src/stm32l4xx_hal_pwr.c **** 
 260:Drivers/STM32L4xx_HAL_Driver/Src/stm32l4xx_hal_pwr.c ****     *** Shutdown mode ***
 261:Drivers/STM32L4xx_HAL_Driver/Src/stm32l4xx_hal_pwr.c ****    ======================
 262:Drivers/STM32L4xx_HAL_Driver/Src/stm32l4xx_hal_pwr.c ****      [..]
 263:Drivers/STM32L4xx_HAL_Driver/Src/stm32l4xx_hal_pwr.c ****       In Shutdown mode,
 264:Drivers/STM32L4xx_HAL_Driver/Src/stm32l4xx_hal_pwr.c ****         voltage regulator is disabled, all clocks are off except LSE, RRS bit is cleared.
 265:Drivers/STM32L4xx_HAL_Driver/Src/stm32l4xx_hal_pwr.c ****         SRAM and registers contents are lost except for backup domain registers.
 266:Drivers/STM32L4xx_HAL_Driver/Src/stm32l4xx_hal_pwr.c **** 
 267:Drivers/STM32L4xx_HAL_Driver/Src/stm32l4xx_hal_pwr.c ****       (+) Entry:
 268:Drivers/STM32L4xx_HAL_Driver/Src/stm32l4xx_hal_pwr.c ****           The Shutdown mode is entered thru HAL_PWREx_EnterSHUTDOWNMode() API.
 269:Drivers/STM32L4xx_HAL_Driver/Src/stm32l4xx_hal_pwr.c **** 
 270:Drivers/STM32L4xx_HAL_Driver/Src/stm32l4xx_hal_pwr.c ****       (+) Exit:
 271:Drivers/STM32L4xx_HAL_Driver/Src/stm32l4xx_hal_pwr.c ****           (++) WKUP pin rising edge, RTC alarm or wakeup, tamper event, time-stamp event,
 272:Drivers/STM32L4xx_HAL_Driver/Src/stm32l4xx_hal_pwr.c ****                external reset in NRST pin.
 273:Drivers/STM32L4xx_HAL_Driver/Src/stm32l4xx_hal_pwr.c **** 
 274:Drivers/STM32L4xx_HAL_Driver/Src/stm32l4xx_hal_pwr.c ****          [..] After waking up from Shutdown mode, program execution restarts in the same way as aft
 275:Drivers/STM32L4xx_HAL_Driver/Src/stm32l4xx_hal_pwr.c **** 
 276:Drivers/STM32L4xx_HAL_Driver/Src/stm32l4xx_hal_pwr.c **** 
 277:Drivers/STM32L4xx_HAL_Driver/Src/stm32l4xx_hal_pwr.c ****    *** Auto-wakeup (AWU) from low-power mode ***
 278:Drivers/STM32L4xx_HAL_Driver/Src/stm32l4xx_hal_pwr.c ****    =============================================
 279:Drivers/STM32L4xx_HAL_Driver/Src/stm32l4xx_hal_pwr.c ****     [..]
 280:Drivers/STM32L4xx_HAL_Driver/Src/stm32l4xx_hal_pwr.c ****       The MCU can be woken up from low-power mode by an RTC Alarm event, an RTC
 281:Drivers/STM32L4xx_HAL_Driver/Src/stm32l4xx_hal_pwr.c ****       Wakeup event, a tamper event or a time-stamp event, without depending on
 282:Drivers/STM32L4xx_HAL_Driver/Src/stm32l4xx_hal_pwr.c ****       an external interrupt (Auto-wakeup mode).
 283:Drivers/STM32L4xx_HAL_Driver/Src/stm32l4xx_hal_pwr.c **** 
 284:Drivers/STM32L4xx_HAL_Driver/Src/stm32l4xx_hal_pwr.c ****       (+) RTC auto-wakeup (AWU) from the Stop, Standby and Shutdown modes
 285:Drivers/STM32L4xx_HAL_Driver/Src/stm32l4xx_hal_pwr.c **** 
 286:Drivers/STM32L4xx_HAL_Driver/Src/stm32l4xx_hal_pwr.c **** 
 287:Drivers/STM32L4xx_HAL_Driver/Src/stm32l4xx_hal_pwr.c ****         (++) To wake up from the Stop mode with an RTC alarm event, it is necessary to
 288:Drivers/STM32L4xx_HAL_Driver/Src/stm32l4xx_hal_pwr.c ****              configure the RTC to generate the RTC alarm using the HAL_RTC_SetAlarm_IT() function.
ARM GAS  C:\Users\chuti\AppData\Local\Temp\cc8VkWo7.s 			page 8


 289:Drivers/STM32L4xx_HAL_Driver/Src/stm32l4xx_hal_pwr.c **** 
 290:Drivers/STM32L4xx_HAL_Driver/Src/stm32l4xx_hal_pwr.c ****         (++) To wake up from the Stop mode with an RTC Tamper or time stamp event, it
 291:Drivers/STM32L4xx_HAL_Driver/Src/stm32l4xx_hal_pwr.c ****              is necessary to configure the RTC to detect the tamper or time stamp event using the
 292:Drivers/STM32L4xx_HAL_Driver/Src/stm32l4xx_hal_pwr.c ****              HAL_RTCEx_SetTimeStamp_IT() or HAL_RTCEx_SetTamper_IT() functions.
 293:Drivers/STM32L4xx_HAL_Driver/Src/stm32l4xx_hal_pwr.c **** 
 294:Drivers/STM32L4xx_HAL_Driver/Src/stm32l4xx_hal_pwr.c ****         (++) To wake up from the Stop mode with an RTC WakeUp event, it is necessary to
 295:Drivers/STM32L4xx_HAL_Driver/Src/stm32l4xx_hal_pwr.c ****               configure the RTC to generate the RTC WakeUp event using the HAL_RTCEx_SetWakeUpTimer
 296:Drivers/STM32L4xx_HAL_Driver/Src/stm32l4xx_hal_pwr.c **** 
 297:Drivers/STM32L4xx_HAL_Driver/Src/stm32l4xx_hal_pwr.c **** @endverbatim
 298:Drivers/STM32L4xx_HAL_Driver/Src/stm32l4xx_hal_pwr.c ****   * @{
 299:Drivers/STM32L4xx_HAL_Driver/Src/stm32l4xx_hal_pwr.c ****   */
 300:Drivers/STM32L4xx_HAL_Driver/Src/stm32l4xx_hal_pwr.c **** 
 301:Drivers/STM32L4xx_HAL_Driver/Src/stm32l4xx_hal_pwr.c **** 
 302:Drivers/STM32L4xx_HAL_Driver/Src/stm32l4xx_hal_pwr.c **** 
 303:Drivers/STM32L4xx_HAL_Driver/Src/stm32l4xx_hal_pwr.c **** /**
 304:Drivers/STM32L4xx_HAL_Driver/Src/stm32l4xx_hal_pwr.c ****   * @brief Configure the voltage threshold detected by the Power Voltage Detector (PVD).
 305:Drivers/STM32L4xx_HAL_Driver/Src/stm32l4xx_hal_pwr.c ****   * @param sConfigPVD: pointer to a PWR_PVDTypeDef structure that contains the PVD
 306:Drivers/STM32L4xx_HAL_Driver/Src/stm32l4xx_hal_pwr.c ****   *        configuration information.
 307:Drivers/STM32L4xx_HAL_Driver/Src/stm32l4xx_hal_pwr.c ****   * @note Refer to the electrical characteristics of your device datasheet for
 308:Drivers/STM32L4xx_HAL_Driver/Src/stm32l4xx_hal_pwr.c ****   *         more details about the voltage thresholds corresponding to each
 309:Drivers/STM32L4xx_HAL_Driver/Src/stm32l4xx_hal_pwr.c ****   *         detection level.
 310:Drivers/STM32L4xx_HAL_Driver/Src/stm32l4xx_hal_pwr.c ****   * @retval None
 311:Drivers/STM32L4xx_HAL_Driver/Src/stm32l4xx_hal_pwr.c ****   */
 312:Drivers/STM32L4xx_HAL_Driver/Src/stm32l4xx_hal_pwr.c **** HAL_StatusTypeDef HAL_PWR_ConfigPVD(PWR_PVDTypeDef *sConfigPVD)
 313:Drivers/STM32L4xx_HAL_Driver/Src/stm32l4xx_hal_pwr.c **** {
 119              		.loc 1 313 0
 120              		.cfi_startproc
 121              		@ args = 0, pretend = 0, frame = 0
 122              		@ frame_needed = 0, uses_anonymous_args = 0
 123              		@ link register save eliminated.
 124              	.LVL0:
 314:Drivers/STM32L4xx_HAL_Driver/Src/stm32l4xx_hal_pwr.c ****   /* Check the parameters */
 315:Drivers/STM32L4xx_HAL_Driver/Src/stm32l4xx_hal_pwr.c ****   assert_param(IS_PWR_PVD_LEVEL(sConfigPVD->PVDLevel));
 316:Drivers/STM32L4xx_HAL_Driver/Src/stm32l4xx_hal_pwr.c ****   assert_param(IS_PWR_PVD_MODE(sConfigPVD->Mode));
 317:Drivers/STM32L4xx_HAL_Driver/Src/stm32l4xx_hal_pwr.c **** 
 318:Drivers/STM32L4xx_HAL_Driver/Src/stm32l4xx_hal_pwr.c ****   /* Set PLS bits according to PVDLevel value */
 319:Drivers/STM32L4xx_HAL_Driver/Src/stm32l4xx_hal_pwr.c ****   MODIFY_REG(PWR->CR2, PWR_CR2_PLS, sConfigPVD->PVDLevel);
 125              		.loc 1 319 0
 126 0000 1E4A     		ldr	r2, .L15
 127 0002 5368     		ldr	r3, [r2, #4]
 128 0004 23F00E03 		bic	r3, r3, #14
 129 0008 0168     		ldr	r1, [r0]
 130 000a 0B43     		orrs	r3, r3, r1
 131 000c 5360     		str	r3, [r2, #4]
 320:Drivers/STM32L4xx_HAL_Driver/Src/stm32l4xx_hal_pwr.c **** 
 321:Drivers/STM32L4xx_HAL_Driver/Src/stm32l4xx_hal_pwr.c ****   /* Clear any previous config. Keep it clear if no event or IT mode is selected */
 322:Drivers/STM32L4xx_HAL_Driver/Src/stm32l4xx_hal_pwr.c ****   __HAL_PWR_PVD_EXTI_DISABLE_EVENT();
 132              		.loc 1 322 0
 133 000e 1C4B     		ldr	r3, .L15+4
 134 0010 5A68     		ldr	r2, [r3, #4]
 135 0012 22F48032 		bic	r2, r2, #65536
 136 0016 5A60     		str	r2, [r3, #4]
 323:Drivers/STM32L4xx_HAL_Driver/Src/stm32l4xx_hal_pwr.c ****   __HAL_PWR_PVD_EXTI_DISABLE_IT();
 137              		.loc 1 323 0
 138 0018 1A68     		ldr	r2, [r3]
 139 001a 22F48032 		bic	r2, r2, #65536
 140 001e 1A60     		str	r2, [r3]
ARM GAS  C:\Users\chuti\AppData\Local\Temp\cc8VkWo7.s 			page 9


 324:Drivers/STM32L4xx_HAL_Driver/Src/stm32l4xx_hal_pwr.c ****   __HAL_PWR_PVD_EXTI_DISABLE_FALLING_EDGE();
 141              		.loc 1 324 0
 142 0020 DA68     		ldr	r2, [r3, #12]
 143 0022 22F48032 		bic	r2, r2, #65536
 144 0026 DA60     		str	r2, [r3, #12]
 325:Drivers/STM32L4xx_HAL_Driver/Src/stm32l4xx_hal_pwr.c ****   __HAL_PWR_PVD_EXTI_DISABLE_RISING_EDGE();
 145              		.loc 1 325 0
 146 0028 9A68     		ldr	r2, [r3, #8]
 147 002a 22F48032 		bic	r2, r2, #65536
 148 002e 9A60     		str	r2, [r3, #8]
 326:Drivers/STM32L4xx_HAL_Driver/Src/stm32l4xx_hal_pwr.c **** 
 327:Drivers/STM32L4xx_HAL_Driver/Src/stm32l4xx_hal_pwr.c ****   /* Configure interrupt mode */
 328:Drivers/STM32L4xx_HAL_Driver/Src/stm32l4xx_hal_pwr.c ****   if((sConfigPVD->Mode & PVD_MODE_IT) == PVD_MODE_IT)
 149              		.loc 1 328 0
 150 0030 4368     		ldr	r3, [r0, #4]
 151 0032 13F4803F 		tst	r3, #65536
 152 0036 04D0     		beq	.L11
 329:Drivers/STM32L4xx_HAL_Driver/Src/stm32l4xx_hal_pwr.c ****   {
 330:Drivers/STM32L4xx_HAL_Driver/Src/stm32l4xx_hal_pwr.c ****     __HAL_PWR_PVD_EXTI_ENABLE_IT();
 153              		.loc 1 330 0
 154 0038 114A     		ldr	r2, .L15+4
 155 003a 1368     		ldr	r3, [r2]
 156 003c 43F48033 		orr	r3, r3, #65536
 157 0040 1360     		str	r3, [r2]
 158              	.L11:
 331:Drivers/STM32L4xx_HAL_Driver/Src/stm32l4xx_hal_pwr.c ****   }
 332:Drivers/STM32L4xx_HAL_Driver/Src/stm32l4xx_hal_pwr.c **** 
 333:Drivers/STM32L4xx_HAL_Driver/Src/stm32l4xx_hal_pwr.c ****   /* Configure event mode */
 334:Drivers/STM32L4xx_HAL_Driver/Src/stm32l4xx_hal_pwr.c ****   if((sConfigPVD->Mode & PVD_MODE_EVT) == PVD_MODE_EVT)
 159              		.loc 1 334 0
 160 0042 4368     		ldr	r3, [r0, #4]
 161 0044 13F4003F 		tst	r3, #131072
 162 0048 04D0     		beq	.L12
 335:Drivers/STM32L4xx_HAL_Driver/Src/stm32l4xx_hal_pwr.c ****   {
 336:Drivers/STM32L4xx_HAL_Driver/Src/stm32l4xx_hal_pwr.c ****     __HAL_PWR_PVD_EXTI_ENABLE_EVENT();
 163              		.loc 1 336 0
 164 004a 0D4A     		ldr	r2, .L15+4
 165 004c 5368     		ldr	r3, [r2, #4]
 166 004e 43F48033 		orr	r3, r3, #65536
 167 0052 5360     		str	r3, [r2, #4]
 168              	.L12:
 337:Drivers/STM32L4xx_HAL_Driver/Src/stm32l4xx_hal_pwr.c ****   }
 338:Drivers/STM32L4xx_HAL_Driver/Src/stm32l4xx_hal_pwr.c **** 
 339:Drivers/STM32L4xx_HAL_Driver/Src/stm32l4xx_hal_pwr.c ****   /* Configure the edge */
 340:Drivers/STM32L4xx_HAL_Driver/Src/stm32l4xx_hal_pwr.c ****   if((sConfigPVD->Mode & PVD_RISING_EDGE) == PVD_RISING_EDGE)
 169              		.loc 1 340 0
 170 0054 4368     		ldr	r3, [r0, #4]
 171 0056 13F0010F 		tst	r3, #1
 172 005a 04D0     		beq	.L13
 341:Drivers/STM32L4xx_HAL_Driver/Src/stm32l4xx_hal_pwr.c ****   {
 342:Drivers/STM32L4xx_HAL_Driver/Src/stm32l4xx_hal_pwr.c ****     __HAL_PWR_PVD_EXTI_ENABLE_RISING_EDGE();
 173              		.loc 1 342 0
 174 005c 084A     		ldr	r2, .L15+4
 175 005e 9368     		ldr	r3, [r2, #8]
 176 0060 43F48033 		orr	r3, r3, #65536
 177 0064 9360     		str	r3, [r2, #8]
 178              	.L13:
ARM GAS  C:\Users\chuti\AppData\Local\Temp\cc8VkWo7.s 			page 10


 343:Drivers/STM32L4xx_HAL_Driver/Src/stm32l4xx_hal_pwr.c ****   }
 344:Drivers/STM32L4xx_HAL_Driver/Src/stm32l4xx_hal_pwr.c **** 
 345:Drivers/STM32L4xx_HAL_Driver/Src/stm32l4xx_hal_pwr.c ****   if((sConfigPVD->Mode & PVD_FALLING_EDGE) == PVD_FALLING_EDGE)
 179              		.loc 1 345 0
 180 0066 4368     		ldr	r3, [r0, #4]
 181 0068 13F0020F 		tst	r3, #2
 182 006c 04D0     		beq	.L14
 346:Drivers/STM32L4xx_HAL_Driver/Src/stm32l4xx_hal_pwr.c ****   {
 347:Drivers/STM32L4xx_HAL_Driver/Src/stm32l4xx_hal_pwr.c ****     __HAL_PWR_PVD_EXTI_ENABLE_FALLING_EDGE();
 183              		.loc 1 347 0
 184 006e 044A     		ldr	r2, .L15+4
 185 0070 D368     		ldr	r3, [r2, #12]
 186 0072 43F48033 		orr	r3, r3, #65536
 187 0076 D360     		str	r3, [r2, #12]
 188              	.L14:
 348:Drivers/STM32L4xx_HAL_Driver/Src/stm32l4xx_hal_pwr.c ****   }
 349:Drivers/STM32L4xx_HAL_Driver/Src/stm32l4xx_hal_pwr.c **** 
 350:Drivers/STM32L4xx_HAL_Driver/Src/stm32l4xx_hal_pwr.c ****   return HAL_OK;
 351:Drivers/STM32L4xx_HAL_Driver/Src/stm32l4xx_hal_pwr.c **** }
 189              		.loc 1 351 0
 190 0078 0020     		movs	r0, #0
 191              	.LVL1:
 192 007a 7047     		bx	lr
 193              	.L16:
 194              		.align	2
 195              	.L15:
 196 007c 00700040 		.word	1073770496
 197 0080 00040140 		.word	1073808384
 198              		.cfi_endproc
 199              	.LFE135:
 201              		.section	.text.HAL_PWR_EnablePVD,"ax",%progbits
 202              		.align	1
 203              		.global	HAL_PWR_EnablePVD
 204              		.syntax unified
 205              		.thumb
 206              		.thumb_func
 207              		.fpu fpv4-sp-d16
 209              	HAL_PWR_EnablePVD:
 210              	.LFB136:
 352:Drivers/STM32L4xx_HAL_Driver/Src/stm32l4xx_hal_pwr.c **** 
 353:Drivers/STM32L4xx_HAL_Driver/Src/stm32l4xx_hal_pwr.c **** 
 354:Drivers/STM32L4xx_HAL_Driver/Src/stm32l4xx_hal_pwr.c **** /**
 355:Drivers/STM32L4xx_HAL_Driver/Src/stm32l4xx_hal_pwr.c ****   * @brief Enable the Power Voltage Detector (PVD).
 356:Drivers/STM32L4xx_HAL_Driver/Src/stm32l4xx_hal_pwr.c ****   * @retval None
 357:Drivers/STM32L4xx_HAL_Driver/Src/stm32l4xx_hal_pwr.c ****   */
 358:Drivers/STM32L4xx_HAL_Driver/Src/stm32l4xx_hal_pwr.c **** void HAL_PWR_EnablePVD(void)
 359:Drivers/STM32L4xx_HAL_Driver/Src/stm32l4xx_hal_pwr.c **** {
 211              		.loc 1 359 0
 212              		.cfi_startproc
 213              		@ args = 0, pretend = 0, frame = 0
 214              		@ frame_needed = 0, uses_anonymous_args = 0
 215              		@ link register save eliminated.
 360:Drivers/STM32L4xx_HAL_Driver/Src/stm32l4xx_hal_pwr.c ****   SET_BIT(PWR->CR2, PWR_CR2_PVDE);
 216              		.loc 1 360 0
 217 0000 024A     		ldr	r2, .L18
 218 0002 5368     		ldr	r3, [r2, #4]
 219 0004 43F00103 		orr	r3, r3, #1
ARM GAS  C:\Users\chuti\AppData\Local\Temp\cc8VkWo7.s 			page 11


 220 0008 5360     		str	r3, [r2, #4]
 361:Drivers/STM32L4xx_HAL_Driver/Src/stm32l4xx_hal_pwr.c **** }
 221              		.loc 1 361 0
 222 000a 7047     		bx	lr
 223              	.L19:
 224              		.align	2
 225              	.L18:
 226 000c 00700040 		.word	1073770496
 227              		.cfi_endproc
 228              	.LFE136:
 230              		.section	.text.HAL_PWR_DisablePVD,"ax",%progbits
 231              		.align	1
 232              		.global	HAL_PWR_DisablePVD
 233              		.syntax unified
 234              		.thumb
 235              		.thumb_func
 236              		.fpu fpv4-sp-d16
 238              	HAL_PWR_DisablePVD:
 239              	.LFB137:
 362:Drivers/STM32L4xx_HAL_Driver/Src/stm32l4xx_hal_pwr.c **** 
 363:Drivers/STM32L4xx_HAL_Driver/Src/stm32l4xx_hal_pwr.c **** /**
 364:Drivers/STM32L4xx_HAL_Driver/Src/stm32l4xx_hal_pwr.c ****   * @brief Disable the Power Voltage Detector (PVD).
 365:Drivers/STM32L4xx_HAL_Driver/Src/stm32l4xx_hal_pwr.c ****   * @retval None
 366:Drivers/STM32L4xx_HAL_Driver/Src/stm32l4xx_hal_pwr.c ****   */
 367:Drivers/STM32L4xx_HAL_Driver/Src/stm32l4xx_hal_pwr.c **** void HAL_PWR_DisablePVD(void)
 368:Drivers/STM32L4xx_HAL_Driver/Src/stm32l4xx_hal_pwr.c **** {
 240              		.loc 1 368 0
 241              		.cfi_startproc
 242              		@ args = 0, pretend = 0, frame = 0
 243              		@ frame_needed = 0, uses_anonymous_args = 0
 244              		@ link register save eliminated.
 369:Drivers/STM32L4xx_HAL_Driver/Src/stm32l4xx_hal_pwr.c ****   CLEAR_BIT(PWR->CR2, PWR_CR2_PVDE);
 245              		.loc 1 369 0
 246 0000 024A     		ldr	r2, .L21
 247 0002 5368     		ldr	r3, [r2, #4]
 248 0004 23F00103 		bic	r3, r3, #1
 249 0008 5360     		str	r3, [r2, #4]
 370:Drivers/STM32L4xx_HAL_Driver/Src/stm32l4xx_hal_pwr.c **** }
 250              		.loc 1 370 0
 251 000a 7047     		bx	lr
 252              	.L22:
 253              		.align	2
 254              	.L21:
 255 000c 00700040 		.word	1073770496
 256              		.cfi_endproc
 257              	.LFE137:
 259              		.section	.text.HAL_PWR_EnableWakeUpPin,"ax",%progbits
 260              		.align	1
 261              		.global	HAL_PWR_EnableWakeUpPin
 262              		.syntax unified
 263              		.thumb
 264              		.thumb_func
 265              		.fpu fpv4-sp-d16
 267              	HAL_PWR_EnableWakeUpPin:
 268              	.LFB138:
 371:Drivers/STM32L4xx_HAL_Driver/Src/stm32l4xx_hal_pwr.c **** 
 372:Drivers/STM32L4xx_HAL_Driver/Src/stm32l4xx_hal_pwr.c **** 
ARM GAS  C:\Users\chuti\AppData\Local\Temp\cc8VkWo7.s 			page 12


 373:Drivers/STM32L4xx_HAL_Driver/Src/stm32l4xx_hal_pwr.c **** 
 374:Drivers/STM32L4xx_HAL_Driver/Src/stm32l4xx_hal_pwr.c **** 
 375:Drivers/STM32L4xx_HAL_Driver/Src/stm32l4xx_hal_pwr.c **** /**
 376:Drivers/STM32L4xx_HAL_Driver/Src/stm32l4xx_hal_pwr.c ****   * @brief Enable the WakeUp PINx functionality.
 377:Drivers/STM32L4xx_HAL_Driver/Src/stm32l4xx_hal_pwr.c ****   * @param WakeUpPinPolarity: Specifies which Wake-Up pin to enable.
 378:Drivers/STM32L4xx_HAL_Driver/Src/stm32l4xx_hal_pwr.c ****   *         This parameter can be one of the following legacy values which set the default polarity
 379:Drivers/STM32L4xx_HAL_Driver/Src/stm32l4xx_hal_pwr.c ****   *         i.e. detection on high level (rising edge):
 380:Drivers/STM32L4xx_HAL_Driver/Src/stm32l4xx_hal_pwr.c ****   *           @arg @ref PWR_WAKEUP_PIN1, PWR_WAKEUP_PIN2, PWR_WAKEUP_PIN3, PWR_WAKEUP_PIN4, PWR_WAK
 381:Drivers/STM32L4xx_HAL_Driver/Src/stm32l4xx_hal_pwr.c ****   *
 382:Drivers/STM32L4xx_HAL_Driver/Src/stm32l4xx_hal_pwr.c ****   *         or one of the following value where the user can explicitly specify the enabled pin and
 383:Drivers/STM32L4xx_HAL_Driver/Src/stm32l4xx_hal_pwr.c ****   *         the chosen polarity:
 384:Drivers/STM32L4xx_HAL_Driver/Src/stm32l4xx_hal_pwr.c ****   *           @arg @ref PWR_WAKEUP_PIN1_HIGH or PWR_WAKEUP_PIN1_LOW
 385:Drivers/STM32L4xx_HAL_Driver/Src/stm32l4xx_hal_pwr.c ****   *           @arg @ref PWR_WAKEUP_PIN2_HIGH or PWR_WAKEUP_PIN2_LOW
 386:Drivers/STM32L4xx_HAL_Driver/Src/stm32l4xx_hal_pwr.c ****   *           @arg @ref PWR_WAKEUP_PIN3_HIGH or PWR_WAKEUP_PIN3_LOW
 387:Drivers/STM32L4xx_HAL_Driver/Src/stm32l4xx_hal_pwr.c ****   *           @arg @ref PWR_WAKEUP_PIN4_HIGH or PWR_WAKEUP_PIN4_LOW
 388:Drivers/STM32L4xx_HAL_Driver/Src/stm32l4xx_hal_pwr.c ****   *           @arg @ref PWR_WAKEUP_PIN5_HIGH or PWR_WAKEUP_PIN5_LOW
 389:Drivers/STM32L4xx_HAL_Driver/Src/stm32l4xx_hal_pwr.c ****   * @note  PWR_WAKEUP_PINx and PWR_WAKEUP_PINx_HIGH are equivalent.
 390:Drivers/STM32L4xx_HAL_Driver/Src/stm32l4xx_hal_pwr.c ****   * @retval None
 391:Drivers/STM32L4xx_HAL_Driver/Src/stm32l4xx_hal_pwr.c ****   */
 392:Drivers/STM32L4xx_HAL_Driver/Src/stm32l4xx_hal_pwr.c **** void HAL_PWR_EnableWakeUpPin(uint32_t WakeUpPinPolarity)
 393:Drivers/STM32L4xx_HAL_Driver/Src/stm32l4xx_hal_pwr.c **** {
 269              		.loc 1 393 0
 270              		.cfi_startproc
 271              		@ args = 0, pretend = 0, frame = 0
 272              		@ frame_needed = 0, uses_anonymous_args = 0
 273              		@ link register save eliminated.
 274              	.LVL2:
 394:Drivers/STM32L4xx_HAL_Driver/Src/stm32l4xx_hal_pwr.c ****   assert_param(IS_PWR_WAKEUP_PIN(WakeUpPinPolarity));
 395:Drivers/STM32L4xx_HAL_Driver/Src/stm32l4xx_hal_pwr.c **** 
 396:Drivers/STM32L4xx_HAL_Driver/Src/stm32l4xx_hal_pwr.c ****   /* Specifies the Wake-Up pin polarity for the event detection
 397:Drivers/STM32L4xx_HAL_Driver/Src/stm32l4xx_hal_pwr.c ****     (rising or falling edge) */
 398:Drivers/STM32L4xx_HAL_Driver/Src/stm32l4xx_hal_pwr.c ****   MODIFY_REG(PWR->CR4, (PWR_CR3_EWUP & WakeUpPinPolarity), (WakeUpPinPolarity >> PWR_WUP_POLARITY_S
 275              		.loc 1 398 0
 276 0000 064A     		ldr	r2, .L24
 277 0002 D368     		ldr	r3, [r2, #12]
 278 0004 00F01F01 		and	r1, r0, #31
 279 0008 23EA0103 		bic	r3, r3, r1
 280 000c 43EA5010 		orr	r0, r3, r0, lsr #5
 281              	.LVL3:
 282 0010 D060     		str	r0, [r2, #12]
 399:Drivers/STM32L4xx_HAL_Driver/Src/stm32l4xx_hal_pwr.c **** 
 400:Drivers/STM32L4xx_HAL_Driver/Src/stm32l4xx_hal_pwr.c ****   /* Enable wake-up pin */
 401:Drivers/STM32L4xx_HAL_Driver/Src/stm32l4xx_hal_pwr.c ****   SET_BIT(PWR->CR3, (PWR_CR3_EWUP & WakeUpPinPolarity));
 283              		.loc 1 401 0
 284 0012 9368     		ldr	r3, [r2, #8]
 285 0014 1943     		orrs	r1, r1, r3
 286 0016 9160     		str	r1, [r2, #8]
 402:Drivers/STM32L4xx_HAL_Driver/Src/stm32l4xx_hal_pwr.c **** 
 403:Drivers/STM32L4xx_HAL_Driver/Src/stm32l4xx_hal_pwr.c **** 
 404:Drivers/STM32L4xx_HAL_Driver/Src/stm32l4xx_hal_pwr.c **** }
 287              		.loc 1 404 0
 288 0018 7047     		bx	lr
 289              	.L25:
 290 001a 00BF     		.align	2
 291              	.L24:
 292 001c 00700040 		.word	1073770496
 293              		.cfi_endproc
ARM GAS  C:\Users\chuti\AppData\Local\Temp\cc8VkWo7.s 			page 13


 294              	.LFE138:
 296              		.section	.text.HAL_PWR_DisableWakeUpPin,"ax",%progbits
 297              		.align	1
 298              		.global	HAL_PWR_DisableWakeUpPin
 299              		.syntax unified
 300              		.thumb
 301              		.thumb_func
 302              		.fpu fpv4-sp-d16
 304              	HAL_PWR_DisableWakeUpPin:
 305              	.LFB139:
 405:Drivers/STM32L4xx_HAL_Driver/Src/stm32l4xx_hal_pwr.c **** 
 406:Drivers/STM32L4xx_HAL_Driver/Src/stm32l4xx_hal_pwr.c **** /**
 407:Drivers/STM32L4xx_HAL_Driver/Src/stm32l4xx_hal_pwr.c ****   * @brief Disable the WakeUp PINx functionality.
 408:Drivers/STM32L4xx_HAL_Driver/Src/stm32l4xx_hal_pwr.c ****   * @param WakeUpPinx: Specifies the Power Wake-Up pin to disable.
 409:Drivers/STM32L4xx_HAL_Driver/Src/stm32l4xx_hal_pwr.c ****   *         This parameter can be one of the following values:
 410:Drivers/STM32L4xx_HAL_Driver/Src/stm32l4xx_hal_pwr.c ****   *           @arg @ref PWR_WAKEUP_PIN1, PWR_WAKEUP_PIN2, PWR_WAKEUP_PIN3, PWR_WAKEUP_PIN4, PWR_WAK
 411:Drivers/STM32L4xx_HAL_Driver/Src/stm32l4xx_hal_pwr.c ****   * @retval None
 412:Drivers/STM32L4xx_HAL_Driver/Src/stm32l4xx_hal_pwr.c ****   */
 413:Drivers/STM32L4xx_HAL_Driver/Src/stm32l4xx_hal_pwr.c **** void HAL_PWR_DisableWakeUpPin(uint32_t WakeUpPinx)
 414:Drivers/STM32L4xx_HAL_Driver/Src/stm32l4xx_hal_pwr.c **** {
 306              		.loc 1 414 0
 307              		.cfi_startproc
 308              		@ args = 0, pretend = 0, frame = 0
 309              		@ frame_needed = 0, uses_anonymous_args = 0
 310              		@ link register save eliminated.
 311              	.LVL4:
 415:Drivers/STM32L4xx_HAL_Driver/Src/stm32l4xx_hal_pwr.c ****   assert_param(IS_PWR_WAKEUP_PIN(WakeUpPinx));
 416:Drivers/STM32L4xx_HAL_Driver/Src/stm32l4xx_hal_pwr.c **** 
 417:Drivers/STM32L4xx_HAL_Driver/Src/stm32l4xx_hal_pwr.c ****   CLEAR_BIT(PWR->CR3, (PWR_CR3_EWUP & WakeUpPinx));
 312              		.loc 1 417 0
 313 0000 034A     		ldr	r2, .L27
 314 0002 9368     		ldr	r3, [r2, #8]
 315 0004 00F01F00 		and	r0, r0, #31
 316              	.LVL5:
 317 0008 23EA0003 		bic	r3, r3, r0
 318 000c 9360     		str	r3, [r2, #8]
 418:Drivers/STM32L4xx_HAL_Driver/Src/stm32l4xx_hal_pwr.c **** }
 319              		.loc 1 418 0
 320 000e 7047     		bx	lr
 321              	.L28:
 322              		.align	2
 323              	.L27:
 324 0010 00700040 		.word	1073770496
 325              		.cfi_endproc
 326              	.LFE139:
 328              		.section	.text.HAL_PWR_EnterSLEEPMode,"ax",%progbits
 329              		.align	1
 330              		.global	HAL_PWR_EnterSLEEPMode
 331              		.syntax unified
 332              		.thumb
 333              		.thumb_func
 334              		.fpu fpv4-sp-d16
 336              	HAL_PWR_EnterSLEEPMode:
 337              	.LFB140:
 419:Drivers/STM32L4xx_HAL_Driver/Src/stm32l4xx_hal_pwr.c **** 
 420:Drivers/STM32L4xx_HAL_Driver/Src/stm32l4xx_hal_pwr.c **** 
 421:Drivers/STM32L4xx_HAL_Driver/Src/stm32l4xx_hal_pwr.c **** /**
ARM GAS  C:\Users\chuti\AppData\Local\Temp\cc8VkWo7.s 			page 14


 422:Drivers/STM32L4xx_HAL_Driver/Src/stm32l4xx_hal_pwr.c ****   * @brief Enter Sleep or Low-power Sleep mode.
 423:Drivers/STM32L4xx_HAL_Driver/Src/stm32l4xx_hal_pwr.c ****   * @note  In Sleep/Low-power Sleep mode, all I/O pins keep the same state as in Run mode.
 424:Drivers/STM32L4xx_HAL_Driver/Src/stm32l4xx_hal_pwr.c ****   * @param Regulator: Specifies the regulator state in Sleep/Low-power Sleep mode.
 425:Drivers/STM32L4xx_HAL_Driver/Src/stm32l4xx_hal_pwr.c ****   *          This parameter can be one of the following values:
 426:Drivers/STM32L4xx_HAL_Driver/Src/stm32l4xx_hal_pwr.c ****   *            @arg @ref PWR_MAINREGULATOR_ON Sleep mode (regulator in main mode)
 427:Drivers/STM32L4xx_HAL_Driver/Src/stm32l4xx_hal_pwr.c ****   *            @arg @ref PWR_LOWPOWERREGULATOR_ON Low-power Sleep mode (regulator in low-power mode
 428:Drivers/STM32L4xx_HAL_Driver/Src/stm32l4xx_hal_pwr.c ****   * @note  Low-power Sleep mode is entered from Low-power Run mode. Therefore, if not yet
 429:Drivers/STM32L4xx_HAL_Driver/Src/stm32l4xx_hal_pwr.c ****   *        in Low-power Run mode before calling HAL_PWR_EnterSLEEPMode() with Regulator set
 430:Drivers/STM32L4xx_HAL_Driver/Src/stm32l4xx_hal_pwr.c ****   *        to PWR_LOWPOWERREGULATOR_ON, the user can optionally configure the
 431:Drivers/STM32L4xx_HAL_Driver/Src/stm32l4xx_hal_pwr.c ****   *        Flash in power-down monde in setting the SLEEP_PD bit in FLASH_ACR register.
 432:Drivers/STM32L4xx_HAL_Driver/Src/stm32l4xx_hal_pwr.c ****   *        Additionally, the clock frequency must be reduced below 2 MHz.
 433:Drivers/STM32L4xx_HAL_Driver/Src/stm32l4xx_hal_pwr.c ****   *        Setting SLEEP_PD in FLASH_ACR then appropriately reducing the clock frequency must
 434:Drivers/STM32L4xx_HAL_Driver/Src/stm32l4xx_hal_pwr.c ****   *        be done before calling HAL_PWR_EnterSLEEPMode() API.
 435:Drivers/STM32L4xx_HAL_Driver/Src/stm32l4xx_hal_pwr.c ****   * @note  When exiting Low-power Sleep mode, the MCU is in Low-power Run mode. To move in
 436:Drivers/STM32L4xx_HAL_Driver/Src/stm32l4xx_hal_pwr.c ****   *        Run mode, the user must resort to HAL_PWREx_DisableLowPowerRunMode() API.
 437:Drivers/STM32L4xx_HAL_Driver/Src/stm32l4xx_hal_pwr.c ****   * @param SLEEPEntry: Specifies if Sleep mode is entered with WFI or WFE instruction.
 438:Drivers/STM32L4xx_HAL_Driver/Src/stm32l4xx_hal_pwr.c ****   *           This parameter can be one of the following values:
 439:Drivers/STM32L4xx_HAL_Driver/Src/stm32l4xx_hal_pwr.c ****   *            @arg @ref PWR_SLEEPENTRY_WFI enter Sleep or Low-power Sleep mode with WFI instructio
 440:Drivers/STM32L4xx_HAL_Driver/Src/stm32l4xx_hal_pwr.c ****   *            @arg @ref PWR_SLEEPENTRY_WFE enter Sleep or Low-power Sleep mode with WFE instructio
 441:Drivers/STM32L4xx_HAL_Driver/Src/stm32l4xx_hal_pwr.c ****   * @note  When WFI entry is used, tick interrupt have to be disabled if not desired as
 442:Drivers/STM32L4xx_HAL_Driver/Src/stm32l4xx_hal_pwr.c ****   *        the interrupt wake up source.
 443:Drivers/STM32L4xx_HAL_Driver/Src/stm32l4xx_hal_pwr.c ****   * @retval None
 444:Drivers/STM32L4xx_HAL_Driver/Src/stm32l4xx_hal_pwr.c ****   */
 445:Drivers/STM32L4xx_HAL_Driver/Src/stm32l4xx_hal_pwr.c **** void HAL_PWR_EnterSLEEPMode(uint32_t Regulator, uint8_t SLEEPEntry)
 446:Drivers/STM32L4xx_HAL_Driver/Src/stm32l4xx_hal_pwr.c **** {
 338              		.loc 1 446 0
 339              		.cfi_startproc
 340              		@ args = 0, pretend = 0, frame = 0
 341              		@ frame_needed = 0, uses_anonymous_args = 0
 342              	.LVL6:
 343 0000 10B5     		push	{r4, lr}
 344              	.LCFI0:
 345              		.cfi_def_cfa_offset 8
 346              		.cfi_offset 4, -8
 347              		.cfi_offset 14, -4
 348 0002 0C46     		mov	r4, r1
 447:Drivers/STM32L4xx_HAL_Driver/Src/stm32l4xx_hal_pwr.c ****   /* Check the parameters */
 448:Drivers/STM32L4xx_HAL_Driver/Src/stm32l4xx_hal_pwr.c ****   assert_param(IS_PWR_REGULATOR(Regulator));
 449:Drivers/STM32L4xx_HAL_Driver/Src/stm32l4xx_hal_pwr.c ****   assert_param(IS_PWR_SLEEP_ENTRY(SLEEPEntry));
 450:Drivers/STM32L4xx_HAL_Driver/Src/stm32l4xx_hal_pwr.c **** 
 451:Drivers/STM32L4xx_HAL_Driver/Src/stm32l4xx_hal_pwr.c ****   /* Set Regulator parameter */
 452:Drivers/STM32L4xx_HAL_Driver/Src/stm32l4xx_hal_pwr.c ****   if (Regulator == PWR_MAINREGULATOR_ON)
 349              		.loc 1 452 0
 350 0004 A0B9     		cbnz	r0, .L30
 453:Drivers/STM32L4xx_HAL_Driver/Src/stm32l4xx_hal_pwr.c ****   {
 454:Drivers/STM32L4xx_HAL_Driver/Src/stm32l4xx_hal_pwr.c ****     /* If in low-power run mode at this point, exit it */
 455:Drivers/STM32L4xx_HAL_Driver/Src/stm32l4xx_hal_pwr.c ****     if (HAL_IS_BIT_SET(PWR->SR2, PWR_SR2_REGLPF))
 351              		.loc 1 455 0
 352 0006 0F4B     		ldr	r3, .L37
 353 0008 5B69     		ldr	r3, [r3, #20]
 354 000a 13F4007F 		tst	r3, #512
 355 000e 0AD1     		bne	.L35
 356              	.LVL7:
 357              	.L31:
 456:Drivers/STM32L4xx_HAL_Driver/Src/stm32l4xx_hal_pwr.c ****     {
 457:Drivers/STM32L4xx_HAL_Driver/Src/stm32l4xx_hal_pwr.c ****       if (HAL_PWREx_DisableLowPowerRunMode() != HAL_OK)
 458:Drivers/STM32L4xx_HAL_Driver/Src/stm32l4xx_hal_pwr.c ****       {
ARM GAS  C:\Users\chuti\AppData\Local\Temp\cc8VkWo7.s 			page 15


 459:Drivers/STM32L4xx_HAL_Driver/Src/stm32l4xx_hal_pwr.c ****         return ;
 460:Drivers/STM32L4xx_HAL_Driver/Src/stm32l4xx_hal_pwr.c ****       }
 461:Drivers/STM32L4xx_HAL_Driver/Src/stm32l4xx_hal_pwr.c ****     }
 462:Drivers/STM32L4xx_HAL_Driver/Src/stm32l4xx_hal_pwr.c ****     /* Regulator now in main mode. */
 463:Drivers/STM32L4xx_HAL_Driver/Src/stm32l4xx_hal_pwr.c ****   }
 464:Drivers/STM32L4xx_HAL_Driver/Src/stm32l4xx_hal_pwr.c ****   else
 465:Drivers/STM32L4xx_HAL_Driver/Src/stm32l4xx_hal_pwr.c ****   {
 466:Drivers/STM32L4xx_HAL_Driver/Src/stm32l4xx_hal_pwr.c ****     /* If in run mode, first move to low-power run mode.
 467:Drivers/STM32L4xx_HAL_Driver/Src/stm32l4xx_hal_pwr.c ****        The system clock frequency must be below 2 MHz at this point. */
 468:Drivers/STM32L4xx_HAL_Driver/Src/stm32l4xx_hal_pwr.c ****     if (HAL_IS_BIT_SET(PWR->SR2, PWR_SR2_REGLPF) == RESET)
 469:Drivers/STM32L4xx_HAL_Driver/Src/stm32l4xx_hal_pwr.c ****     {
 470:Drivers/STM32L4xx_HAL_Driver/Src/stm32l4xx_hal_pwr.c ****       HAL_PWREx_EnableLowPowerRunMode();
 471:Drivers/STM32L4xx_HAL_Driver/Src/stm32l4xx_hal_pwr.c ****     }
 472:Drivers/STM32L4xx_HAL_Driver/Src/stm32l4xx_hal_pwr.c ****   }
 473:Drivers/STM32L4xx_HAL_Driver/Src/stm32l4xx_hal_pwr.c **** 
 474:Drivers/STM32L4xx_HAL_Driver/Src/stm32l4xx_hal_pwr.c ****   /* Clear SLEEPDEEP bit of Cortex System Control Register */
 475:Drivers/STM32L4xx_HAL_Driver/Src/stm32l4xx_hal_pwr.c ****   CLEAR_BIT(SCB->SCR, ((uint32_t)SCB_SCR_SLEEPDEEP_Msk));
 358              		.loc 1 475 0
 359 0010 0D4A     		ldr	r2, .L37+4
 360 0012 1369     		ldr	r3, [r2, #16]
 361 0014 23F00403 		bic	r3, r3, #4
 362 0018 1361     		str	r3, [r2, #16]
 476:Drivers/STM32L4xx_HAL_Driver/Src/stm32l4xx_hal_pwr.c **** 
 477:Drivers/STM32L4xx_HAL_Driver/Src/stm32l4xx_hal_pwr.c ****   /* Select SLEEP mode entry -------------------------------------------------*/
 478:Drivers/STM32L4xx_HAL_Driver/Src/stm32l4xx_hal_pwr.c ****   if(SLEEPEntry == PWR_SLEEPENTRY_WFI)
 363              		.loc 1 478 0
 364 001a 012C     		cmp	r4, #1
 365 001c 10D0     		beq	.L36
 479:Drivers/STM32L4xx_HAL_Driver/Src/stm32l4xx_hal_pwr.c ****   {
 480:Drivers/STM32L4xx_HAL_Driver/Src/stm32l4xx_hal_pwr.c ****     /* Request Wait For Interrupt */
 481:Drivers/STM32L4xx_HAL_Driver/Src/stm32l4xx_hal_pwr.c ****     __WFI();
 482:Drivers/STM32L4xx_HAL_Driver/Src/stm32l4xx_hal_pwr.c ****   }
 483:Drivers/STM32L4xx_HAL_Driver/Src/stm32l4xx_hal_pwr.c ****   else
 484:Drivers/STM32L4xx_HAL_Driver/Src/stm32l4xx_hal_pwr.c ****   {
 485:Drivers/STM32L4xx_HAL_Driver/Src/stm32l4xx_hal_pwr.c ****     /* Request Wait For Event */
 486:Drivers/STM32L4xx_HAL_Driver/Src/stm32l4xx_hal_pwr.c ****     __SEV();
 366              		.loc 1 486 0
 367              		.syntax unified
 368              	@ 486 "Drivers/STM32L4xx_HAL_Driver/Src/stm32l4xx_hal_pwr.c" 1
 369 001e 40BF     		sev
 370              	@ 0 "" 2
 487:Drivers/STM32L4xx_HAL_Driver/Src/stm32l4xx_hal_pwr.c ****     __WFE();
 371              		.loc 1 487 0
 372              	@ 487 "Drivers/STM32L4xx_HAL_Driver/Src/stm32l4xx_hal_pwr.c" 1
 373 0020 20BF     		wfe
 374              	@ 0 "" 2
 488:Drivers/STM32L4xx_HAL_Driver/Src/stm32l4xx_hal_pwr.c ****     __WFE();
 375              		.loc 1 488 0
 376              	@ 488 "Drivers/STM32L4xx_HAL_Driver/Src/stm32l4xx_hal_pwr.c" 1
 377 0022 20BF     		wfe
 378              	@ 0 "" 2
 379              		.thumb
 380              		.syntax unified
 381              	.L29:
 489:Drivers/STM32L4xx_HAL_Driver/Src/stm32l4xx_hal_pwr.c ****   }
 490:Drivers/STM32L4xx_HAL_Driver/Src/stm32l4xx_hal_pwr.c **** 
 491:Drivers/STM32L4xx_HAL_Driver/Src/stm32l4xx_hal_pwr.c **** }
ARM GAS  C:\Users\chuti\AppData\Local\Temp\cc8VkWo7.s 			page 16


 382              		.loc 1 491 0
 383 0024 10BD     		pop	{r4, pc}
 384              	.LVL8:
 385              	.L35:
 457:Drivers/STM32L4xx_HAL_Driver/Src/stm32l4xx_hal_pwr.c ****       {
 386              		.loc 1 457 0
 387 0026 FFF7FEFF 		bl	HAL_PWREx_DisableLowPowerRunMode
 388              	.LVL9:
 389 002a 0028     		cmp	r0, #0
 390 002c F0D0     		beq	.L31
 391 002e F9E7     		b	.L29
 392              	.LVL10:
 393              	.L30:
 468:Drivers/STM32L4xx_HAL_Driver/Src/stm32l4xx_hal_pwr.c ****     {
 394              		.loc 1 468 0
 395 0030 044B     		ldr	r3, .L37
 396 0032 5B69     		ldr	r3, [r3, #20]
 397 0034 13F4007F 		tst	r3, #512
 398 0038 EAD1     		bne	.L31
 470:Drivers/STM32L4xx_HAL_Driver/Src/stm32l4xx_hal_pwr.c ****     }
 399              		.loc 1 470 0
 400 003a FFF7FEFF 		bl	HAL_PWREx_EnableLowPowerRunMode
 401              	.LVL11:
 402 003e E7E7     		b	.L31
 403              	.L36:
 481:Drivers/STM32L4xx_HAL_Driver/Src/stm32l4xx_hal_pwr.c ****   }
 404              		.loc 1 481 0
 405              		.syntax unified
 406              	@ 481 "Drivers/STM32L4xx_HAL_Driver/Src/stm32l4xx_hal_pwr.c" 1
 407 0040 30BF     		wfi
 408              	@ 0 "" 2
 409              		.thumb
 410              		.syntax unified
 411 0042 EFE7     		b	.L29
 412              	.L38:
 413              		.align	2
 414              	.L37:
 415 0044 00700040 		.word	1073770496
 416 0048 00ED00E0 		.word	-536810240
 417              		.cfi_endproc
 418              	.LFE140:
 420              		.section	.text.HAL_PWR_EnterSTOPMode,"ax",%progbits
 421              		.align	1
 422              		.global	HAL_PWR_EnterSTOPMode
 423              		.syntax unified
 424              		.thumb
 425              		.thumb_func
 426              		.fpu fpv4-sp-d16
 428              	HAL_PWR_EnterSTOPMode:
 429              	.LFB141:
 492:Drivers/STM32L4xx_HAL_Driver/Src/stm32l4xx_hal_pwr.c **** 
 493:Drivers/STM32L4xx_HAL_Driver/Src/stm32l4xx_hal_pwr.c **** 
 494:Drivers/STM32L4xx_HAL_Driver/Src/stm32l4xx_hal_pwr.c **** /**
 495:Drivers/STM32L4xx_HAL_Driver/Src/stm32l4xx_hal_pwr.c ****   * @brief Enter Stop mode
 496:Drivers/STM32L4xx_HAL_Driver/Src/stm32l4xx_hal_pwr.c ****   * @note  This API is named HAL_PWR_EnterSTOPMode to ensure compatibility with legacy code running
 497:Drivers/STM32L4xx_HAL_Driver/Src/stm32l4xx_hal_pwr.c ****   *        on devices where only "Stop mode" is mentioned with main or low power regulator ON.
 498:Drivers/STM32L4xx_HAL_Driver/Src/stm32l4xx_hal_pwr.c ****   * @note  In Stop mode, all I/O pins keep the same state as in Run mode.
ARM GAS  C:\Users\chuti\AppData\Local\Temp\cc8VkWo7.s 			page 17


 499:Drivers/STM32L4xx_HAL_Driver/Src/stm32l4xx_hal_pwr.c ****   * @note  All clocks in the VCORE domain are stopped; the PLL, the MSI,
 500:Drivers/STM32L4xx_HAL_Driver/Src/stm32l4xx_hal_pwr.c ****   *        the HSI and the HSE oscillators are disabled. Some peripherals with the wakeup capabilit
 501:Drivers/STM32L4xx_HAL_Driver/Src/stm32l4xx_hal_pwr.c ****   *        (I2Cx, USARTx and LPUART) can switch on the HSI to receive a frame, and switch off the H
 502:Drivers/STM32L4xx_HAL_Driver/Src/stm32l4xx_hal_pwr.c ****   *        after receiving the frame if it is not a wakeup frame. In this case, the HSI clock is pr
 503:Drivers/STM32L4xx_HAL_Driver/Src/stm32l4xx_hal_pwr.c ****   *        only to the peripheral requesting it.
 504:Drivers/STM32L4xx_HAL_Driver/Src/stm32l4xx_hal_pwr.c ****   *        SRAM1, SRAM2 and register contents are preserved.
 505:Drivers/STM32L4xx_HAL_Driver/Src/stm32l4xx_hal_pwr.c ****   *        The BOR is available.
 506:Drivers/STM32L4xx_HAL_Driver/Src/stm32l4xx_hal_pwr.c ****   *        The voltage regulator can be configured either in normal (Stop 0) or low-power mode (Sto
 507:Drivers/STM32L4xx_HAL_Driver/Src/stm32l4xx_hal_pwr.c ****   * @note  When exiting Stop 0 or Stop 1 mode by issuing an interrupt or a wakeup event,
 508:Drivers/STM32L4xx_HAL_Driver/Src/stm32l4xx_hal_pwr.c ****   *         the HSI RC oscillator is selected as system clock if STOPWUCK bit in RCC_CFGR register
 509:Drivers/STM32L4xx_HAL_Driver/Src/stm32l4xx_hal_pwr.c ****   *         is set; the MSI oscillator is selected if STOPWUCK is cleared.
 510:Drivers/STM32L4xx_HAL_Driver/Src/stm32l4xx_hal_pwr.c ****   * @note  When the voltage regulator operates in low power mode (Stop 1), an additional
 511:Drivers/STM32L4xx_HAL_Driver/Src/stm32l4xx_hal_pwr.c ****   *         startup delay is incurred when waking up.
 512:Drivers/STM32L4xx_HAL_Driver/Src/stm32l4xx_hal_pwr.c ****   *         By keeping the internal regulator ON during Stop mode (Stop 0), the consumption
 513:Drivers/STM32L4xx_HAL_Driver/Src/stm32l4xx_hal_pwr.c ****   *         is higher although the startup time is reduced.
 514:Drivers/STM32L4xx_HAL_Driver/Src/stm32l4xx_hal_pwr.c ****   * @param Regulator: Specifies the regulator state in Stop mode.
 515:Drivers/STM32L4xx_HAL_Driver/Src/stm32l4xx_hal_pwr.c ****   *          This parameter can be one of the following values:
 516:Drivers/STM32L4xx_HAL_Driver/Src/stm32l4xx_hal_pwr.c ****   *            @arg @ref PWR_MAINREGULATOR_ON  Stop 0 mode (main regulator ON)
 517:Drivers/STM32L4xx_HAL_Driver/Src/stm32l4xx_hal_pwr.c ****   *            @arg @ref PWR_LOWPOWERREGULATOR_ON  Stop 1 mode (low power regulator ON)
 518:Drivers/STM32L4xx_HAL_Driver/Src/stm32l4xx_hal_pwr.c ****   * @param STOPEntry: Specifies Stop 0 or Stop 1 mode is entered with WFI or WFE instruction.
 519:Drivers/STM32L4xx_HAL_Driver/Src/stm32l4xx_hal_pwr.c ****   *          This parameter can be one of the following values:
 520:Drivers/STM32L4xx_HAL_Driver/Src/stm32l4xx_hal_pwr.c ****   *            @arg @ref PWR_STOPENTRY_WFI  Enter Stop 0 or Stop 1 mode with WFI instruction.
 521:Drivers/STM32L4xx_HAL_Driver/Src/stm32l4xx_hal_pwr.c ****   *            @arg @ref PWR_STOPENTRY_WFE  Enter Stop 0 or Stop 1 mode with WFE instruction.
 522:Drivers/STM32L4xx_HAL_Driver/Src/stm32l4xx_hal_pwr.c ****   * @retval None
 523:Drivers/STM32L4xx_HAL_Driver/Src/stm32l4xx_hal_pwr.c ****   */
 524:Drivers/STM32L4xx_HAL_Driver/Src/stm32l4xx_hal_pwr.c **** void HAL_PWR_EnterSTOPMode(uint32_t Regulator, uint8_t STOPEntry)
 525:Drivers/STM32L4xx_HAL_Driver/Src/stm32l4xx_hal_pwr.c **** {
 430              		.loc 1 525 0
 431              		.cfi_startproc
 432              		@ args = 0, pretend = 0, frame = 0
 433              		@ frame_needed = 0, uses_anonymous_args = 0
 434              	.LVL12:
 435 0000 08B5     		push	{r3, lr}
 436              	.LCFI1:
 437              		.cfi_def_cfa_offset 8
 438              		.cfi_offset 3, -8
 439              		.cfi_offset 14, -4
 526:Drivers/STM32L4xx_HAL_Driver/Src/stm32l4xx_hal_pwr.c ****   /* Check the parameters */
 527:Drivers/STM32L4xx_HAL_Driver/Src/stm32l4xx_hal_pwr.c ****   assert_param(IS_PWR_REGULATOR(Regulator));
 528:Drivers/STM32L4xx_HAL_Driver/Src/stm32l4xx_hal_pwr.c **** 
 529:Drivers/STM32L4xx_HAL_Driver/Src/stm32l4xx_hal_pwr.c ****   if(Regulator == PWR_LOWPOWERREGULATOR_ON)
 440              		.loc 1 529 0
 441 0002 B0F5804F 		cmp	r0, #16384
 442 0006 03D0     		beq	.L43
 530:Drivers/STM32L4xx_HAL_Driver/Src/stm32l4xx_hal_pwr.c ****   {
 531:Drivers/STM32L4xx_HAL_Driver/Src/stm32l4xx_hal_pwr.c ****     HAL_PWREx_EnterSTOP1Mode(STOPEntry);
 532:Drivers/STM32L4xx_HAL_Driver/Src/stm32l4xx_hal_pwr.c ****   }
 533:Drivers/STM32L4xx_HAL_Driver/Src/stm32l4xx_hal_pwr.c ****   else
 534:Drivers/STM32L4xx_HAL_Driver/Src/stm32l4xx_hal_pwr.c ****   {
 535:Drivers/STM32L4xx_HAL_Driver/Src/stm32l4xx_hal_pwr.c ****     HAL_PWREx_EnterSTOP0Mode(STOPEntry);
 443              		.loc 1 535 0
 444 0008 0846     		mov	r0, r1
 445              	.LVL13:
 446 000a FFF7FEFF 		bl	HAL_PWREx_EnterSTOP0Mode
 447              	.LVL14:
 448              	.L39:
 536:Drivers/STM32L4xx_HAL_Driver/Src/stm32l4xx_hal_pwr.c ****   }
ARM GAS  C:\Users\chuti\AppData\Local\Temp\cc8VkWo7.s 			page 18


 537:Drivers/STM32L4xx_HAL_Driver/Src/stm32l4xx_hal_pwr.c **** }
 449              		.loc 1 537 0
 450 000e 08BD     		pop	{r3, pc}
 451              	.LVL15:
 452              	.L43:
 531:Drivers/STM32L4xx_HAL_Driver/Src/stm32l4xx_hal_pwr.c ****   }
 453              		.loc 1 531 0
 454 0010 0846     		mov	r0, r1
 455              	.LVL16:
 456 0012 FFF7FEFF 		bl	HAL_PWREx_EnterSTOP1Mode
 457              	.LVL17:
 458 0016 FAE7     		b	.L39
 459              		.cfi_endproc
 460              	.LFE141:
 462              		.section	.text.HAL_PWR_EnterSTANDBYMode,"ax",%progbits
 463              		.align	1
 464              		.global	HAL_PWR_EnterSTANDBYMode
 465              		.syntax unified
 466              		.thumb
 467              		.thumb_func
 468              		.fpu fpv4-sp-d16
 470              	HAL_PWR_EnterSTANDBYMode:
 471              	.LFB142:
 538:Drivers/STM32L4xx_HAL_Driver/Src/stm32l4xx_hal_pwr.c **** 
 539:Drivers/STM32L4xx_HAL_Driver/Src/stm32l4xx_hal_pwr.c **** /**
 540:Drivers/STM32L4xx_HAL_Driver/Src/stm32l4xx_hal_pwr.c ****   * @brief Enter Standby mode.
 541:Drivers/STM32L4xx_HAL_Driver/Src/stm32l4xx_hal_pwr.c ****   * @note  In Standby mode, the PLL, the HSI, the MSI and the HSE oscillators are switched
 542:Drivers/STM32L4xx_HAL_Driver/Src/stm32l4xx_hal_pwr.c ****   *        off. The voltage regulator is disabled, except when SRAM2 content is preserved
 543:Drivers/STM32L4xx_HAL_Driver/Src/stm32l4xx_hal_pwr.c ****   *        in which case the regulator is in low-power mode.
 544:Drivers/STM32L4xx_HAL_Driver/Src/stm32l4xx_hal_pwr.c ****   *        SRAM1 and register contents are lost except for registers in the Backup domain and
 545:Drivers/STM32L4xx_HAL_Driver/Src/stm32l4xx_hal_pwr.c ****   *        Standby circuitry. SRAM2 content can be preserved if the bit RRS is set in PWR_CR3 regis
 546:Drivers/STM32L4xx_HAL_Driver/Src/stm32l4xx_hal_pwr.c ****   *        To enable this feature, the user can resort to HAL_PWREx_EnableSRAM2ContentRetention() A
 547:Drivers/STM32L4xx_HAL_Driver/Src/stm32l4xx_hal_pwr.c ****   *        to set RRS bit.
 548:Drivers/STM32L4xx_HAL_Driver/Src/stm32l4xx_hal_pwr.c ****   *        The BOR is available.
 549:Drivers/STM32L4xx_HAL_Driver/Src/stm32l4xx_hal_pwr.c ****   * @note  The I/Os can be configured either with a pull-up or pull-down or can be kept in analog s
 550:Drivers/STM32L4xx_HAL_Driver/Src/stm32l4xx_hal_pwr.c ****   *        HAL_PWREx_EnableGPIOPullUp() and HAL_PWREx_EnableGPIOPullDown() respectively enable Pull
 551:Drivers/STM32L4xx_HAL_Driver/Src/stm32l4xx_hal_pwr.c ****   *        Pull Down state, HAL_PWREx_DisableGPIOPullUp() and HAL_PWREx_DisableGPIOPullDown() disab
 552:Drivers/STM32L4xx_HAL_Driver/Src/stm32l4xx_hal_pwr.c ****   *        same.
 553:Drivers/STM32L4xx_HAL_Driver/Src/stm32l4xx_hal_pwr.c ****   *        These states are effective in Standby mode only if APC bit is set through
 554:Drivers/STM32L4xx_HAL_Driver/Src/stm32l4xx_hal_pwr.c ****   *        HAL_PWREx_EnablePullUpPullDownConfig() API.
 555:Drivers/STM32L4xx_HAL_Driver/Src/stm32l4xx_hal_pwr.c ****   * @retval None
 556:Drivers/STM32L4xx_HAL_Driver/Src/stm32l4xx_hal_pwr.c ****   */
 557:Drivers/STM32L4xx_HAL_Driver/Src/stm32l4xx_hal_pwr.c **** void HAL_PWR_EnterSTANDBYMode(void)
 558:Drivers/STM32L4xx_HAL_Driver/Src/stm32l4xx_hal_pwr.c **** {
 472              		.loc 1 558 0
 473              		.cfi_startproc
 474              		@ args = 0, pretend = 0, frame = 0
 475              		@ frame_needed = 0, uses_anonymous_args = 0
 476              		@ link register save eliminated.
 559:Drivers/STM32L4xx_HAL_Driver/Src/stm32l4xx_hal_pwr.c ****   /* Set Stand-by mode */
 560:Drivers/STM32L4xx_HAL_Driver/Src/stm32l4xx_hal_pwr.c ****   MODIFY_REG(PWR->CR1, PWR_CR1_LPMS, PWR_CR1_LPMS_STANDBY);
 477              		.loc 1 560 0
 478 0000 064A     		ldr	r2, .L45
 479 0002 1368     		ldr	r3, [r2]
 480 0004 23F00703 		bic	r3, r3, #7
 481 0008 43F00303 		orr	r3, r3, #3
 482 000c 1360     		str	r3, [r2]
ARM GAS  C:\Users\chuti\AppData\Local\Temp\cc8VkWo7.s 			page 19


 561:Drivers/STM32L4xx_HAL_Driver/Src/stm32l4xx_hal_pwr.c **** 
 562:Drivers/STM32L4xx_HAL_Driver/Src/stm32l4xx_hal_pwr.c ****   /* Set SLEEPDEEP bit of Cortex System Control Register */
 563:Drivers/STM32L4xx_HAL_Driver/Src/stm32l4xx_hal_pwr.c ****   SET_BIT(SCB->SCR, ((uint32_t)SCB_SCR_SLEEPDEEP_Msk));
 483              		.loc 1 563 0
 484 000e 044A     		ldr	r2, .L45+4
 485 0010 1369     		ldr	r3, [r2, #16]
 486 0012 43F00403 		orr	r3, r3, #4
 487 0016 1361     		str	r3, [r2, #16]
 564:Drivers/STM32L4xx_HAL_Driver/Src/stm32l4xx_hal_pwr.c **** 
 565:Drivers/STM32L4xx_HAL_Driver/Src/stm32l4xx_hal_pwr.c **** /* This option is used to ensure that store operations are completed */
 566:Drivers/STM32L4xx_HAL_Driver/Src/stm32l4xx_hal_pwr.c **** #if defined ( __CC_ARM)
 567:Drivers/STM32L4xx_HAL_Driver/Src/stm32l4xx_hal_pwr.c ****   __force_stores();
 568:Drivers/STM32L4xx_HAL_Driver/Src/stm32l4xx_hal_pwr.c **** #endif
 569:Drivers/STM32L4xx_HAL_Driver/Src/stm32l4xx_hal_pwr.c ****   /* Request Wait For Interrupt */
 570:Drivers/STM32L4xx_HAL_Driver/Src/stm32l4xx_hal_pwr.c ****   __WFI();
 488              		.loc 1 570 0
 489              		.syntax unified
 490              	@ 570 "Drivers/STM32L4xx_HAL_Driver/Src/stm32l4xx_hal_pwr.c" 1
 491 0018 30BF     		wfi
 492              	@ 0 "" 2
 571:Drivers/STM32L4xx_HAL_Driver/Src/stm32l4xx_hal_pwr.c **** }
 493              		.loc 1 571 0
 494              		.thumb
 495              		.syntax unified
 496 001a 7047     		bx	lr
 497              	.L46:
 498              		.align	2
 499              	.L45:
 500 001c 00700040 		.word	1073770496
 501 0020 00ED00E0 		.word	-536810240
 502              		.cfi_endproc
 503              	.LFE142:
 505              		.section	.text.HAL_PWR_EnableSleepOnExit,"ax",%progbits
 506              		.align	1
 507              		.global	HAL_PWR_EnableSleepOnExit
 508              		.syntax unified
 509              		.thumb
 510              		.thumb_func
 511              		.fpu fpv4-sp-d16
 513              	HAL_PWR_EnableSleepOnExit:
 514              	.LFB143:
 572:Drivers/STM32L4xx_HAL_Driver/Src/stm32l4xx_hal_pwr.c **** 
 573:Drivers/STM32L4xx_HAL_Driver/Src/stm32l4xx_hal_pwr.c **** 
 574:Drivers/STM32L4xx_HAL_Driver/Src/stm32l4xx_hal_pwr.c **** 
 575:Drivers/STM32L4xx_HAL_Driver/Src/stm32l4xx_hal_pwr.c **** /**
 576:Drivers/STM32L4xx_HAL_Driver/Src/stm32l4xx_hal_pwr.c ****   * @brief Indicate Sleep-On-Exit when returning from Handler mode to Thread mode.
 577:Drivers/STM32L4xx_HAL_Driver/Src/stm32l4xx_hal_pwr.c ****   * @note Set SLEEPONEXIT bit of SCR register. When this bit is set, the processor
 578:Drivers/STM32L4xx_HAL_Driver/Src/stm32l4xx_hal_pwr.c ****   *       re-enters SLEEP mode when an interruption handling is over.
 579:Drivers/STM32L4xx_HAL_Driver/Src/stm32l4xx_hal_pwr.c ****   *       Setting this bit is useful when the processor is expected to run only on
 580:Drivers/STM32L4xx_HAL_Driver/Src/stm32l4xx_hal_pwr.c ****   *       interruptions handling.
 581:Drivers/STM32L4xx_HAL_Driver/Src/stm32l4xx_hal_pwr.c ****   * @retval None
 582:Drivers/STM32L4xx_HAL_Driver/Src/stm32l4xx_hal_pwr.c ****   */
 583:Drivers/STM32L4xx_HAL_Driver/Src/stm32l4xx_hal_pwr.c **** void HAL_PWR_EnableSleepOnExit(void)
 584:Drivers/STM32L4xx_HAL_Driver/Src/stm32l4xx_hal_pwr.c **** {
 515              		.loc 1 584 0
 516              		.cfi_startproc
 517              		@ args = 0, pretend = 0, frame = 0
ARM GAS  C:\Users\chuti\AppData\Local\Temp\cc8VkWo7.s 			page 20


 518              		@ frame_needed = 0, uses_anonymous_args = 0
 519              		@ link register save eliminated.
 585:Drivers/STM32L4xx_HAL_Driver/Src/stm32l4xx_hal_pwr.c ****   /* Set SLEEPONEXIT bit of Cortex System Control Register */
 586:Drivers/STM32L4xx_HAL_Driver/Src/stm32l4xx_hal_pwr.c ****   SET_BIT(SCB->SCR, ((uint32_t)SCB_SCR_SLEEPONEXIT_Msk));
 520              		.loc 1 586 0
 521 0000 024A     		ldr	r2, .L48
 522 0002 1369     		ldr	r3, [r2, #16]
 523 0004 43F00203 		orr	r3, r3, #2
 524 0008 1361     		str	r3, [r2, #16]
 587:Drivers/STM32L4xx_HAL_Driver/Src/stm32l4xx_hal_pwr.c **** }
 525              		.loc 1 587 0
 526 000a 7047     		bx	lr
 527              	.L49:
 528              		.align	2
 529              	.L48:
 530 000c 00ED00E0 		.word	-536810240
 531              		.cfi_endproc
 532              	.LFE143:
 534              		.section	.text.HAL_PWR_DisableSleepOnExit,"ax",%progbits
 535              		.align	1
 536              		.global	HAL_PWR_DisableSleepOnExit
 537              		.syntax unified
 538              		.thumb
 539              		.thumb_func
 540              		.fpu fpv4-sp-d16
 542              	HAL_PWR_DisableSleepOnExit:
 543              	.LFB144:
 588:Drivers/STM32L4xx_HAL_Driver/Src/stm32l4xx_hal_pwr.c **** 
 589:Drivers/STM32L4xx_HAL_Driver/Src/stm32l4xx_hal_pwr.c **** 
 590:Drivers/STM32L4xx_HAL_Driver/Src/stm32l4xx_hal_pwr.c **** /**
 591:Drivers/STM32L4xx_HAL_Driver/Src/stm32l4xx_hal_pwr.c ****   * @brief Disable Sleep-On-Exit feature when returning from Handler mode to Thread mode.
 592:Drivers/STM32L4xx_HAL_Driver/Src/stm32l4xx_hal_pwr.c ****   * @note Clear SLEEPONEXIT bit of SCR register. When this bit is set, the processor
 593:Drivers/STM32L4xx_HAL_Driver/Src/stm32l4xx_hal_pwr.c ****   *       re-enters SLEEP mode when an interruption handling is over.
 594:Drivers/STM32L4xx_HAL_Driver/Src/stm32l4xx_hal_pwr.c ****   * @retval None
 595:Drivers/STM32L4xx_HAL_Driver/Src/stm32l4xx_hal_pwr.c ****   */
 596:Drivers/STM32L4xx_HAL_Driver/Src/stm32l4xx_hal_pwr.c **** void HAL_PWR_DisableSleepOnExit(void)
 597:Drivers/STM32L4xx_HAL_Driver/Src/stm32l4xx_hal_pwr.c **** {
 544              		.loc 1 597 0
 545              		.cfi_startproc
 546              		@ args = 0, pretend = 0, frame = 0
 547              		@ frame_needed = 0, uses_anonymous_args = 0
 548              		@ link register save eliminated.
 598:Drivers/STM32L4xx_HAL_Driver/Src/stm32l4xx_hal_pwr.c ****   /* Clear SLEEPONEXIT bit of Cortex System Control Register */
 599:Drivers/STM32L4xx_HAL_Driver/Src/stm32l4xx_hal_pwr.c ****   CLEAR_BIT(SCB->SCR, ((uint32_t)SCB_SCR_SLEEPONEXIT_Msk));
 549              		.loc 1 599 0
 550 0000 024A     		ldr	r2, .L51
 551 0002 1369     		ldr	r3, [r2, #16]
 552 0004 23F00203 		bic	r3, r3, #2
 553 0008 1361     		str	r3, [r2, #16]
 600:Drivers/STM32L4xx_HAL_Driver/Src/stm32l4xx_hal_pwr.c **** }
 554              		.loc 1 600 0
 555 000a 7047     		bx	lr
 556              	.L52:
 557              		.align	2
 558              	.L51:
 559 000c 00ED00E0 		.word	-536810240
 560              		.cfi_endproc
ARM GAS  C:\Users\chuti\AppData\Local\Temp\cc8VkWo7.s 			page 21


 561              	.LFE144:
 563              		.section	.text.HAL_PWR_EnableSEVOnPend,"ax",%progbits
 564              		.align	1
 565              		.global	HAL_PWR_EnableSEVOnPend
 566              		.syntax unified
 567              		.thumb
 568              		.thumb_func
 569              		.fpu fpv4-sp-d16
 571              	HAL_PWR_EnableSEVOnPend:
 572              	.LFB145:
 601:Drivers/STM32L4xx_HAL_Driver/Src/stm32l4xx_hal_pwr.c **** 
 602:Drivers/STM32L4xx_HAL_Driver/Src/stm32l4xx_hal_pwr.c **** 
 603:Drivers/STM32L4xx_HAL_Driver/Src/stm32l4xx_hal_pwr.c **** 
 604:Drivers/STM32L4xx_HAL_Driver/Src/stm32l4xx_hal_pwr.c **** /**
 605:Drivers/STM32L4xx_HAL_Driver/Src/stm32l4xx_hal_pwr.c ****   * @brief Enable CORTEX M4 SEVONPEND bit.
 606:Drivers/STM32L4xx_HAL_Driver/Src/stm32l4xx_hal_pwr.c ****   * @note Set SEVONPEND bit of SCR register. When this bit is set, this causes
 607:Drivers/STM32L4xx_HAL_Driver/Src/stm32l4xx_hal_pwr.c ****   *       WFE to wake up when an interrupt moves from inactive to pended.
 608:Drivers/STM32L4xx_HAL_Driver/Src/stm32l4xx_hal_pwr.c ****   * @retval None
 609:Drivers/STM32L4xx_HAL_Driver/Src/stm32l4xx_hal_pwr.c ****   */
 610:Drivers/STM32L4xx_HAL_Driver/Src/stm32l4xx_hal_pwr.c **** void HAL_PWR_EnableSEVOnPend(void)
 611:Drivers/STM32L4xx_HAL_Driver/Src/stm32l4xx_hal_pwr.c **** {
 573              		.loc 1 611 0
 574              		.cfi_startproc
 575              		@ args = 0, pretend = 0, frame = 0
 576              		@ frame_needed = 0, uses_anonymous_args = 0
 577              		@ link register save eliminated.
 612:Drivers/STM32L4xx_HAL_Driver/Src/stm32l4xx_hal_pwr.c ****   /* Set SEVONPEND bit of Cortex System Control Register */
 613:Drivers/STM32L4xx_HAL_Driver/Src/stm32l4xx_hal_pwr.c ****   SET_BIT(SCB->SCR, ((uint32_t)SCB_SCR_SEVONPEND_Msk));
 578              		.loc 1 613 0
 579 0000 024A     		ldr	r2, .L54
 580 0002 1369     		ldr	r3, [r2, #16]
 581 0004 43F01003 		orr	r3, r3, #16
 582 0008 1361     		str	r3, [r2, #16]
 614:Drivers/STM32L4xx_HAL_Driver/Src/stm32l4xx_hal_pwr.c **** }
 583              		.loc 1 614 0
 584 000a 7047     		bx	lr
 585              	.L55:
 586              		.align	2
 587              	.L54:
 588 000c 00ED00E0 		.word	-536810240
 589              		.cfi_endproc
 590              	.LFE145:
 592              		.section	.text.HAL_PWR_DisableSEVOnPend,"ax",%progbits
 593              		.align	1
 594              		.global	HAL_PWR_DisableSEVOnPend
 595              		.syntax unified
 596              		.thumb
 597              		.thumb_func
 598              		.fpu fpv4-sp-d16
 600              	HAL_PWR_DisableSEVOnPend:
 601              	.LFB146:
 615:Drivers/STM32L4xx_HAL_Driver/Src/stm32l4xx_hal_pwr.c **** 
 616:Drivers/STM32L4xx_HAL_Driver/Src/stm32l4xx_hal_pwr.c **** 
 617:Drivers/STM32L4xx_HAL_Driver/Src/stm32l4xx_hal_pwr.c **** /**
 618:Drivers/STM32L4xx_HAL_Driver/Src/stm32l4xx_hal_pwr.c ****   * @brief Disable CORTEX M4 SEVONPEND bit.
 619:Drivers/STM32L4xx_HAL_Driver/Src/stm32l4xx_hal_pwr.c ****   * @note Clear SEVONPEND bit of SCR register. When this bit is set, this causes
 620:Drivers/STM32L4xx_HAL_Driver/Src/stm32l4xx_hal_pwr.c ****   *       WFE to wake up when an interrupt moves from inactive to pended.
ARM GAS  C:\Users\chuti\AppData\Local\Temp\cc8VkWo7.s 			page 22


 621:Drivers/STM32L4xx_HAL_Driver/Src/stm32l4xx_hal_pwr.c ****   * @retval None
 622:Drivers/STM32L4xx_HAL_Driver/Src/stm32l4xx_hal_pwr.c ****   */
 623:Drivers/STM32L4xx_HAL_Driver/Src/stm32l4xx_hal_pwr.c **** void HAL_PWR_DisableSEVOnPend(void)
 624:Drivers/STM32L4xx_HAL_Driver/Src/stm32l4xx_hal_pwr.c **** {
 602              		.loc 1 624 0
 603              		.cfi_startproc
 604              		@ args = 0, pretend = 0, frame = 0
 605              		@ frame_needed = 0, uses_anonymous_args = 0
 606              		@ link register save eliminated.
 625:Drivers/STM32L4xx_HAL_Driver/Src/stm32l4xx_hal_pwr.c ****   /* Clear SEVONPEND bit of Cortex System Control Register */
 626:Drivers/STM32L4xx_HAL_Driver/Src/stm32l4xx_hal_pwr.c ****   CLEAR_BIT(SCB->SCR, ((uint32_t)SCB_SCR_SEVONPEND_Msk));
 607              		.loc 1 626 0
 608 0000 024A     		ldr	r2, .L57
 609 0002 1369     		ldr	r3, [r2, #16]
 610 0004 23F01003 		bic	r3, r3, #16
 611 0008 1361     		str	r3, [r2, #16]
 627:Drivers/STM32L4xx_HAL_Driver/Src/stm32l4xx_hal_pwr.c **** }
 612              		.loc 1 627 0
 613 000a 7047     		bx	lr
 614              	.L58:
 615              		.align	2
 616              	.L57:
 617 000c 00ED00E0 		.word	-536810240
 618              		.cfi_endproc
 619              	.LFE146:
 621              		.section	.text.HAL_PWR_PVDCallback,"ax",%progbits
 622              		.align	1
 623              		.weak	HAL_PWR_PVDCallback
 624              		.syntax unified
 625              		.thumb
 626              		.thumb_func
 627              		.fpu fpv4-sp-d16
 629              	HAL_PWR_PVDCallback:
 630              	.LFB147:
 628:Drivers/STM32L4xx_HAL_Driver/Src/stm32l4xx_hal_pwr.c **** 
 629:Drivers/STM32L4xx_HAL_Driver/Src/stm32l4xx_hal_pwr.c **** 
 630:Drivers/STM32L4xx_HAL_Driver/Src/stm32l4xx_hal_pwr.c **** 
 631:Drivers/STM32L4xx_HAL_Driver/Src/stm32l4xx_hal_pwr.c **** 
 632:Drivers/STM32L4xx_HAL_Driver/Src/stm32l4xx_hal_pwr.c **** 
 633:Drivers/STM32L4xx_HAL_Driver/Src/stm32l4xx_hal_pwr.c **** /**
 634:Drivers/STM32L4xx_HAL_Driver/Src/stm32l4xx_hal_pwr.c ****   * @brief PWR PVD interrupt callback
 635:Drivers/STM32L4xx_HAL_Driver/Src/stm32l4xx_hal_pwr.c ****   * @retval None
 636:Drivers/STM32L4xx_HAL_Driver/Src/stm32l4xx_hal_pwr.c ****   */
 637:Drivers/STM32L4xx_HAL_Driver/Src/stm32l4xx_hal_pwr.c **** __weak void HAL_PWR_PVDCallback(void)
 638:Drivers/STM32L4xx_HAL_Driver/Src/stm32l4xx_hal_pwr.c **** {
 631              		.loc 1 638 0
 632              		.cfi_startproc
 633              		@ args = 0, pretend = 0, frame = 0
 634              		@ frame_needed = 0, uses_anonymous_args = 0
 635              		@ link register save eliminated.
 639:Drivers/STM32L4xx_HAL_Driver/Src/stm32l4xx_hal_pwr.c ****   /* NOTE : This function should not be modified; when the callback is needed,
 640:Drivers/STM32L4xx_HAL_Driver/Src/stm32l4xx_hal_pwr.c ****             the HAL_PWR_PVDCallback can be implemented in the user file
 641:Drivers/STM32L4xx_HAL_Driver/Src/stm32l4xx_hal_pwr.c ****    */
 642:Drivers/STM32L4xx_HAL_Driver/Src/stm32l4xx_hal_pwr.c **** }
 636              		.loc 1 642 0
 637 0000 7047     		bx	lr
 638              		.cfi_endproc
ARM GAS  C:\Users\chuti\AppData\Local\Temp\cc8VkWo7.s 			page 23


 639              	.LFE147:
 641              		.text
 642              	.Letext0:
 643              		.file 2 "c:\\st\\stm32cubeide_1.5.0\\stm32cubeide\\plugins\\com.st.stm32cube.ide.mcu.externaltools
 644              		.file 3 "c:\\st\\stm32cubeide_1.5.0\\stm32cubeide\\plugins\\com.st.stm32cube.ide.mcu.externaltools
 645              		.file 4 "Drivers/CMSIS/Include/core_cm4.h"
 646              		.file 5 "Drivers/CMSIS/Device/ST/STM32L4xx/Include/system_stm32l4xx.h"
 647              		.file 6 "Drivers/CMSIS/Device/ST/STM32L4xx/Include/stm32l476xx.h"
 648              		.file 7 "Drivers/CMSIS/Device/ST/STM32L4xx/Include/stm32l4xx.h"
 649              		.file 8 "Drivers/STM32L4xx_HAL_Driver/Inc/stm32l4xx_hal_def.h"
 650              		.file 9 "Drivers/STM32L4xx_HAL_Driver/Inc/stm32l4xx_hal_flash.h"
 651              		.file 10 "Drivers/STM32L4xx_HAL_Driver/Inc/stm32l4xx_hal_pwr.h"
 652              		.file 11 "Drivers/STM32L4xx_HAL_Driver/Inc/stm32l4xx_hal.h"
 653              		.file 12 "Drivers/STM32L4xx_HAL_Driver/Inc/stm32l4xx_hal_pwr_ex.h"
ARM GAS  C:\Users\chuti\AppData\Local\Temp\cc8VkWo7.s 			page 24


DEFINED SYMBOLS
                            *ABS*:0000000000000000 stm32l4xx_hal_pwr.c
C:\Users\chuti\AppData\Local\Temp\cc8VkWo7.s:18     .text.HAL_PWR_DeInit:0000000000000000 $t
C:\Users\chuti\AppData\Local\Temp\cc8VkWo7.s:25     .text.HAL_PWR_DeInit:0000000000000000 HAL_PWR_DeInit
C:\Users\chuti\AppData\Local\Temp\cc8VkWo7.s:47     .text.HAL_PWR_DeInit:0000000000000014 $d
C:\Users\chuti\AppData\Local\Temp\cc8VkWo7.s:52     .text.HAL_PWR_EnableBkUpAccess:0000000000000000 $t
C:\Users\chuti\AppData\Local\Temp\cc8VkWo7.s:59     .text.HAL_PWR_EnableBkUpAccess:0000000000000000 HAL_PWR_EnableBkUpAccess
C:\Users\chuti\AppData\Local\Temp\cc8VkWo7.s:76     .text.HAL_PWR_EnableBkUpAccess:000000000000000c $d
C:\Users\chuti\AppData\Local\Temp\cc8VkWo7.s:81     .text.HAL_PWR_DisableBkUpAccess:0000000000000000 $t
C:\Users\chuti\AppData\Local\Temp\cc8VkWo7.s:88     .text.HAL_PWR_DisableBkUpAccess:0000000000000000 HAL_PWR_DisableBkUpAccess
C:\Users\chuti\AppData\Local\Temp\cc8VkWo7.s:105    .text.HAL_PWR_DisableBkUpAccess:000000000000000c $d
C:\Users\chuti\AppData\Local\Temp\cc8VkWo7.s:110    .text.HAL_PWR_ConfigPVD:0000000000000000 $t
C:\Users\chuti\AppData\Local\Temp\cc8VkWo7.s:117    .text.HAL_PWR_ConfigPVD:0000000000000000 HAL_PWR_ConfigPVD
C:\Users\chuti\AppData\Local\Temp\cc8VkWo7.s:196    .text.HAL_PWR_ConfigPVD:000000000000007c $d
C:\Users\chuti\AppData\Local\Temp\cc8VkWo7.s:202    .text.HAL_PWR_EnablePVD:0000000000000000 $t
C:\Users\chuti\AppData\Local\Temp\cc8VkWo7.s:209    .text.HAL_PWR_EnablePVD:0000000000000000 HAL_PWR_EnablePVD
C:\Users\chuti\AppData\Local\Temp\cc8VkWo7.s:226    .text.HAL_PWR_EnablePVD:000000000000000c $d
C:\Users\chuti\AppData\Local\Temp\cc8VkWo7.s:231    .text.HAL_PWR_DisablePVD:0000000000000000 $t
C:\Users\chuti\AppData\Local\Temp\cc8VkWo7.s:238    .text.HAL_PWR_DisablePVD:0000000000000000 HAL_PWR_DisablePVD
C:\Users\chuti\AppData\Local\Temp\cc8VkWo7.s:255    .text.HAL_PWR_DisablePVD:000000000000000c $d
C:\Users\chuti\AppData\Local\Temp\cc8VkWo7.s:260    .text.HAL_PWR_EnableWakeUpPin:0000000000000000 $t
C:\Users\chuti\AppData\Local\Temp\cc8VkWo7.s:267    .text.HAL_PWR_EnableWakeUpPin:0000000000000000 HAL_PWR_EnableWakeUpPin
C:\Users\chuti\AppData\Local\Temp\cc8VkWo7.s:292    .text.HAL_PWR_EnableWakeUpPin:000000000000001c $d
C:\Users\chuti\AppData\Local\Temp\cc8VkWo7.s:297    .text.HAL_PWR_DisableWakeUpPin:0000000000000000 $t
C:\Users\chuti\AppData\Local\Temp\cc8VkWo7.s:304    .text.HAL_PWR_DisableWakeUpPin:0000000000000000 HAL_PWR_DisableWakeUpPin
C:\Users\chuti\AppData\Local\Temp\cc8VkWo7.s:324    .text.HAL_PWR_DisableWakeUpPin:0000000000000010 $d
C:\Users\chuti\AppData\Local\Temp\cc8VkWo7.s:329    .text.HAL_PWR_EnterSLEEPMode:0000000000000000 $t
C:\Users\chuti\AppData\Local\Temp\cc8VkWo7.s:336    .text.HAL_PWR_EnterSLEEPMode:0000000000000000 HAL_PWR_EnterSLEEPMode
C:\Users\chuti\AppData\Local\Temp\cc8VkWo7.s:415    .text.HAL_PWR_EnterSLEEPMode:0000000000000044 $d
C:\Users\chuti\AppData\Local\Temp\cc8VkWo7.s:421    .text.HAL_PWR_EnterSTOPMode:0000000000000000 $t
C:\Users\chuti\AppData\Local\Temp\cc8VkWo7.s:428    .text.HAL_PWR_EnterSTOPMode:0000000000000000 HAL_PWR_EnterSTOPMode
C:\Users\chuti\AppData\Local\Temp\cc8VkWo7.s:463    .text.HAL_PWR_EnterSTANDBYMode:0000000000000000 $t
C:\Users\chuti\AppData\Local\Temp\cc8VkWo7.s:470    .text.HAL_PWR_EnterSTANDBYMode:0000000000000000 HAL_PWR_EnterSTANDBYMode
C:\Users\chuti\AppData\Local\Temp\cc8VkWo7.s:500    .text.HAL_PWR_EnterSTANDBYMode:000000000000001c $d
C:\Users\chuti\AppData\Local\Temp\cc8VkWo7.s:506    .text.HAL_PWR_EnableSleepOnExit:0000000000000000 $t
C:\Users\chuti\AppData\Local\Temp\cc8VkWo7.s:513    .text.HAL_PWR_EnableSleepOnExit:0000000000000000 HAL_PWR_EnableSleepOnExit
C:\Users\chuti\AppData\Local\Temp\cc8VkWo7.s:530    .text.HAL_PWR_EnableSleepOnExit:000000000000000c $d
C:\Users\chuti\AppData\Local\Temp\cc8VkWo7.s:535    .text.HAL_PWR_DisableSleepOnExit:0000000000000000 $t
C:\Users\chuti\AppData\Local\Temp\cc8VkWo7.s:542    .text.HAL_PWR_DisableSleepOnExit:0000000000000000 HAL_PWR_DisableSleepOnExit
C:\Users\chuti\AppData\Local\Temp\cc8VkWo7.s:559    .text.HAL_PWR_DisableSleepOnExit:000000000000000c $d
C:\Users\chuti\AppData\Local\Temp\cc8VkWo7.s:564    .text.HAL_PWR_EnableSEVOnPend:0000000000000000 $t
C:\Users\chuti\AppData\Local\Temp\cc8VkWo7.s:571    .text.HAL_PWR_EnableSEVOnPend:0000000000000000 HAL_PWR_EnableSEVOnPend
C:\Users\chuti\AppData\Local\Temp\cc8VkWo7.s:588    .text.HAL_PWR_EnableSEVOnPend:000000000000000c $d
C:\Users\chuti\AppData\Local\Temp\cc8VkWo7.s:593    .text.HAL_PWR_DisableSEVOnPend:0000000000000000 $t
C:\Users\chuti\AppData\Local\Temp\cc8VkWo7.s:600    .text.HAL_PWR_DisableSEVOnPend:0000000000000000 HAL_PWR_DisableSEVOnPend
C:\Users\chuti\AppData\Local\Temp\cc8VkWo7.s:617    .text.HAL_PWR_DisableSEVOnPend:000000000000000c $d
C:\Users\chuti\AppData\Local\Temp\cc8VkWo7.s:622    .text.HAL_PWR_PVDCallback:0000000000000000 $t
C:\Users\chuti\AppData\Local\Temp\cc8VkWo7.s:629    .text.HAL_PWR_PVDCallback:0000000000000000 HAL_PWR_PVDCallback

UNDEFINED SYMBOLS
HAL_PWREx_DisableLowPowerRunMode
HAL_PWREx_EnableLowPowerRunMode
HAL_PWREx_EnterSTOP0Mode
HAL_PWREx_EnterSTOP1Mode
